{"/Users/biobook/Projects/agequant-crm-v3/app/layout.tsx": {"path":"/Users/biobook/Projects/agequant-crm-v3/app/layout.tsx","statementMap":{"0":{"start":{"line":16,"column":24},"end":{"line":16,"column":35}},"1":{"start":{"line":10,"column":13},"end":{"line":10,"column":21}},"2":{"start":{"line":3,"column":22},"end":{"line":3,"column":null}},"3":{"start":{"line":4,"column":7},"end":{"line":4,"column":null}},"4":{"start":{"line":5,"column":30},"end":{"line":5,"column":null}},"5":{"start":{"line":6,"column":26},"end":{"line":6,"column":null}},"6":{"start":{"line":8,"column":14},"end":{"line":8,"column":null}},"7":{"start":{"line":10,"column":34},"end":{"line":14,"column":null}}},"fnMap":{"0":{"name":"RootLayout","decl":{"start":{"line":16,"column":24},"end":{"line":16,"column":35}},"loc":{"start":{"line":20,"column":1},"end":{"line":30,"column":1}}}},"branchMap":{},"s":{"0":0,"1":0,"2":0,"3":0,"4":0,"5":0,"6":0,"7":0},"f":{"0":0},"b":{}}
,"/Users/biobook/Projects/agequant-crm-v3/app/page.tsx": {"path":"/Users/biobook/Projects/agequant-crm-v3/app/page.tsx","statementMap":{"0":{"start":{"line":22,"column":30},"end":{"line":22,"column":null}},"1":{"start":{"line":1,"column":57},"end":{"line":1,"column":null}},"2":{"start":{"line":2,"column":74},"end":{"line":2,"column":null}},"3":{"start":{"line":3,"column":23},"end":{"line":3,"column":null}},"4":{"start":{"line":4,"column":29},"end":{"line":4,"column":null}},"5":{"start":{"line":5,"column":31},"end":{"line":5,"column":null}},"6":{"start":{"line":6,"column":29},"end":{"line":6,"column":null}},"7":{"start":{"line":7,"column":32},"end":{"line":7,"column":null}},"8":{"start":{"line":8,"column":32},"end":{"line":8,"column":null}},"9":{"start":{"line":17,"column":7},"end":{"line":17,"column":null}},"10":{"start":{"line":18,"column":34},"end":{"line":18,"column":null}},"11":{"start":{"line":19,"column":32},"end":{"line":19,"column":null}},"12":{"start":{"line":20,"column":34},"end":{"line":20,"column":null}},"13":{"start":{"line":24,"column":23},"end":{"line":24,"column":null}},"14":{"start":{"line":25,"column":25},"end":{"line":25,"column":null}},"15":{"start":{"line":37,"column":6},"end":{"line":46,"column":null}},"16":{"start":{"line":55,"column":39},"end":{"line":55,"column":null}},"17":{"start":{"line":55,"column":45},"end":{"line":55,"column":null}},"18":{"start":{"line":56,"column":10},"end":{"line":56,"column":null}}},"fnMap":{"0":{"name":"Dashboard","decl":{"start":{"line":22,"column":30},"end":{"line":22,"column":null}},"loc":{"start":{"line":22,"column":30},"end":{"line":166,"column":null}}},"1":{"name":"(anonymous_5)","decl":{"start":{"line":52,"column":22},"end":{"line":52,"column":null}},"loc":{"start":{"line":52,"column":22},"end":{"line":57,"column":null}}},"2":{"name":"(anonymous_6)","decl":{"start":{"line":55,"column":45},"end":{"line":55,"column":52}},"loc":{"start":{"line":55,"column":45},"end":{"line":55,"column":null}}}},"branchMap":{},"s":{"0":0,"1":0,"2":0,"3":0,"4":0,"5":0,"6":0,"7":0,"8":0,"9":0,"10":0,"11":0,"12":0,"13":0,"14":0,"15":0,"16":0,"17":0,"18":0},"f":{"0":0,"1":0,"2":0},"b":{}}
,"/Users/biobook/Projects/agequant-crm-v3/app/test-action.ts": {"path":"/Users/biobook/Projects/agequant-crm-v3/app/test-action.ts","statementMap":{"0":{"start":{"line":5,"column":22},"end":{"line":5,"column":null}},"1":{"start":{"line":2,"column":24},"end":{"line":2,"column":null}},"2":{"start":{"line":3,"column":55},"end":{"line":3,"column":null}},"3":{"start":{"line":6,"column":2},"end":{"line":6,"column":null}},"4":{"start":{"line":7,"column":22},"end":{"line":7,"column":33}},"5":{"start":{"line":9,"column":2},"end":{"line":43,"column":null}},"6":{"start":{"line":11,"column":28},"end":{"line":11,"column":null}},"7":{"start":{"line":12,"column":4},"end":{"line":12,"column":null}},"8":{"start":{"line":15,"column":22},"end":{"line":30,"column":null}},"9":{"start":{"line":21,"column":12},"end":{"line":21,"column":null}},"10":{"start":{"line":24,"column":12},"end":{"line":24,"column":null}},"11":{"start":{"line":27,"column":12},"end":{"line":27,"column":null}},"12":{"start":{"line":32,"column":4},"end":{"line":32,"column":null}},"13":{"start":{"line":38,"column":4},"end":{"line":38,"column":null}},"14":{"start":{"line":40,"column":25},"end":{"line":40,"column":null}},"15":{"start":{"line":41,"column":4},"end":{"line":41,"column":null}},"16":{"start":{"line":42,"column":4},"end":{"line":42,"column":null}}},"fnMap":{"0":{"name":"performTestSupabaseInit","decl":{"start":{"line":5,"column":22},"end":{"line":5,"column":null}},"loc":{"start":{"line":5,"column":22},"end":{"line":44,"column":null}}},"1":{"name":"(anonymous_2)","decl":{"start":{"line":20,"column":10},"end":{"line":20,"column":14}},"loc":{"start":{"line":20,"column":26},"end":{"line":22,"column":null}}},"2":{"name":"(anonymous_3)","decl":{"start":{"line":23,"column":10},"end":{"line":23,"column":14}},"loc":{"start":{"line":23,"column":65},"end":{"line":25,"column":null}}},"3":{"name":"(anonymous_4)","decl":{"start":{"line":26,"column":10},"end":{"line":26,"column":17}},"loc":{"start":{"line":26,"column":53},"end":{"line":28,"column":null}}}},"branchMap":{"0":{"loc":{"start":{"line":40,"column":25},"end":{"line":40,"column":null}},"type":"cond-expr","locations":[{"start":{"line":40,"column":46},"end":{"line":40,"column":55}},{"start":{"line":40,"column":58},"end":{"line":40,"column":null}}]}},"s":{"0":0,"1":0,"2":0,"3":0,"4":0,"5":0,"6":0,"7":0,"8":0,"9":0,"10":0,"11":0,"12":0,"13":0,"14":0,"15":0,"16":0},"f":{"0":0,"1":0,"2":0,"3":0},"b":{"0":[0,0]}}
,"/Users/biobook/Projects/agequant-crm-v3/app/api/fx/helper.ts": {"path":"/Users/biobook/Projects/agequant-crm-v3/app/api/fx/helper.ts","statementMap":{"0":{"start":{"line":89,"column":22},"end":{"line":89,"column":37}},"1":{"start":{"line":108,"column":22},"end":{"line":108,"column":37}},"2":{"start":{"line":22,"column":22},"end":{"line":22,"column":37}},"3":{"start":{"line":3,"column":40},"end":{"line":3,"column":null}},"4":{"start":{"line":10,"column":77},"end":{"line":10,"column":null}},"5":{"start":{"line":13,"column":21},"end":{"line":13,"column":null}},"6":{"start":{"line":24,"column":2},"end":{"line":26,"column":null}},"7":{"start":{"line":25,"column":4},"end":{"line":25,"column":null}},"8":{"start":{"line":28,"column":19},"end":{"line":28,"column":50}},"9":{"start":{"line":31,"column":17},"end":{"line":31,"column":44}},"10":{"start":{"line":32,"column":14},"end":{"line":32,"column":null}},"11":{"start":{"line":34,"column":2},"end":{"line":36,"column":null}},"12":{"start":{"line":35,"column":4},"end":{"line":35,"column":null}},"13":{"start":{"line":38,"column":2},"end":{"line":78,"column":null}},"14":{"start":{"line":40,"column":21},"end":{"line":40,"column":null}},"15":{"start":{"line":41,"column":21},"end":{"line":48,"column":null}},"16":{"start":{"line":50,"column":4},"end":{"line":57,"column":null}},"17":{"start":{"line":52,"column":6},"end":{"line":55,"column":null}},"18":{"start":{"line":56,"column":6},"end":{"line":56,"column":null}},"19":{"start":{"line":60,"column":21},"end":{"line":60,"column":null}},"20":{"start":{"line":61,"column":4},"end":{"line":63,"column":null}},"21":{"start":{"line":62,"column":6},"end":{"line":62,"column":null}},"22":{"start":{"line":65,"column":21},"end":{"line":65,"column":null}},"23":{"start":{"line":68,"column":4},"end":{"line":71,"column":null}},"24":{"start":{"line":73,"column":4},"end":{"line":73,"column":null}},"25":{"start":{"line":75,"column":4},"end":{"line":75,"column":null}},"26":{"start":{"line":77,"column":4},"end":{"line":77,"column":null}},"27":{"start":{"line":95,"column":2},"end":{"line":97,"column":null}},"28":{"start":{"line":96,"column":4},"end":{"line":96,"column":null}},"29":{"start":{"line":99,"column":15},"end":{"line":99,"column":null}},"30":{"start":{"line":100,"column":2},"end":{"line":100,"column":null}},"31":{"start":{"line":109,"column":2},"end":{"line":120,"column":null}},"32":{"start":{"line":110,"column":21},"end":{"line":110,"column":null}},"33":{"start":{"line":111,"column":21},"end":{"line":114,"column":null}},"34":{"start":{"line":116,"column":4},"end":{"line":116,"column":null}},"35":{"start":{"line":118,"column":4},"end":{"line":118,"column":null}}},"fnMap":{"0":{"name":"getExchangeRate","decl":{"start":{"line":22,"column":22},"end":{"line":22,"column":37}},"loc":{"start":{"line":22,"column":82},"end":{"line":79,"column":null}}},"1":{"name":"convertCurrency","decl":{"start":{"line":89,"column":22},"end":{"line":89,"column":37}},"loc":{"start":{"line":92,"column":22},"end":{"line":101,"column":null}}},"2":{"name":"getBaseCurrency","decl":{"start":{"line":108,"column":22},"end":{"line":108,"column":37}},"loc":{"start":{"line":108,"column":22},"end":{"line":121,"column":null}}}},"branchMap":{"0":{"loc":{"start":{"line":24,"column":2},"end":{"line":26,"column":null}},"type":"if","locations":[{"start":{"line":24,"column":2},"end":{"line":26,"column":null}}]},"1":{"loc":{"start":{"line":34,"column":2},"end":{"line":36,"column":null}},"type":"if","locations":[{"start":{"line":34,"column":2},"end":{"line":36,"column":null}}]},"2":{"loc":{"start":{"line":34,"column":6},"end":{"line":34,"column":77}},"type":"binary-expr","locations":[{"start":{"line":34,"column":6},"end":{"line":34,"column":17}},{"start":{"line":34,"column":17},"end":{"line":34,"column":77}}]},"3":{"loc":{"start":{"line":50,"column":4},"end":{"line":57,"column":null}},"type":"if","locations":[{"start":{"line":50,"column":4},"end":{"line":57,"column":null}}]},"4":{"loc":{"start":{"line":61,"column":4},"end":{"line":63,"column":null}},"type":"if","locations":[{"start":{"line":61,"column":4},"end":{"line":63,"column":null}}]},"5":{"loc":{"start":{"line":95,"column":2},"end":{"line":97,"column":null}},"type":"if","locations":[{"start":{"line":95,"column":2},"end":{"line":97,"column":null}}]},"6":{"loc":{"start":{"line":116,"column":11},"end":{"line":116,"column":null}},"type":"binary-expr","locations":[{"start":{"line":116,"column":11},"end":{"line":116,"column":48}},{"start":{"line":116,"column":48},"end":{"line":116,"column":null}}]}},"s":{"0":1,"1":2,"2":4,"3":1,"4":1,"5":1,"6":4,"7":1,"8":3,"9":3,"10":3,"11":3,"12":0,"13":3,"14":3,"15":3,"16":3,"17":1,"18":1,"19":2,"20":1,"21":0,"22":1,"23":1,"24":1,"25":1,"26":1,"27":1,"28":1,"29":0,"30":0,"31":2,"32":2,"33":2,"34":1,"35":1},"f":{"0":4,"1":1,"2":2},"b":{"0":[1],"1":[0],"2":[3,0],"3":[1],"4":[0],"5":[1],"6":[1,0]}}
,"/Users/biobook/Projects/agequant-crm-v3/app/api/fx/route.ts": {"path":"/Users/biobook/Projects/agequant-crm-v3/app/api/fx/route.ts","statementMap":{"0":{"start":{"line":175,"column":22},"end":{"line":175,"column":26}},"1":{"start":{"line":1,"column":47},"end":{"line":1,"column":null}},"2":{"start":{"line":2,"column":50},"end":{"line":2,"column":null}},"3":{"start":{"line":6,"column":2},"end":{"line":6,"column":null}},"4":{"start":{"line":6,"column":17},"end":{"line":6,"column":null}},"5":{"start":{"line":8,"column":2},"end":{"line":8,"column":null}},"6":{"start":{"line":59,"column":18},"end":{"line":59,"column":38}},"7":{"start":{"line":60,"column":16},"end":{"line":60,"column":47}},"8":{"start":{"line":66,"column":19},"end":{"line":66,"column":26}},"9":{"start":{"line":67,"column":17},"end":{"line":67,"column":null}},"10":{"start":{"line":68,"column":38},"end":{"line":68,"column":40}},"11":{"start":{"line":69,"column":51},"end":{"line":69,"column":null}},"12":{"start":{"line":70,"column":24},"end":{"line":70,"column":62}},"13":{"start":{"line":72,"column":2},"end":{"line":91,"column":null}},"14":{"start":{"line":73,"column":4},"end":{"line":73,"column":35}},"15":{"start":{"line":74,"column":4},"end":{"line":80,"column":null}},"16":{"start":{"line":75,"column":6},"end":{"line":79,"column":null}},"17":{"start":{"line":76,"column":8},"end":{"line":76,"column":null}},"18":{"start":{"line":77,"column":13},"end":{"line":79,"column":null}},"19":{"start":{"line":78,"column":8},"end":{"line":78,"column":null}},"20":{"start":{"line":81,"column":4},"end":{"line":86,"column":null}},"21":{"start":{"line":82,"column":6},"end":{"line":82,"column":null}},"22":{"start":{"line":84,"column":6},"end":{"line":84,"column":null}},"23":{"start":{"line":84,"column":47},"end":{"line":84,"column":null}},"24":{"start":{"line":85,"column":6},"end":{"line":85,"column":null}},"25":{"start":{"line":87,"column":4},"end":{"line":87,"column":null}},"26":{"start":{"line":90,"column":4},"end":{"line":90,"column":null}},"27":{"start":{"line":90,"column":58},"end":{"line":90,"column":null}},"28":{"start":{"line":93,"column":2},"end":{"line":95,"column":null}},"29":{"start":{"line":94,"column":4},"end":{"line":94,"column":35}},"30":{"start":{"line":97,"column":2},"end":{"line":109,"column":null}},"31":{"start":{"line":101,"column":4},"end":{"line":103,"column":null}},"32":{"start":{"line":102,"column":7},"end":{"line":102,"column":null}},"33":{"start":{"line":107,"column":5},"end":{"line":107,"column":null}},"34":{"start":{"line":107,"column":46},"end":{"line":107,"column":null}},"35":{"start":{"line":108,"column":5},"end":{"line":108,"column":50}},"36":{"start":{"line":111,"column":31},"end":{"line":111,"column":null}},"37":{"start":{"line":112,"column":20},"end":{"line":112,"column":142}},"38":{"start":{"line":114,"column":2},"end":{"line":172,"column":null}},"39":{"start":{"line":115,"column":4},"end":{"line":115,"column":null}},"40":{"start":{"line":116,"column":21},"end":{"line":116,"column":89}},"41":{"start":{"line":117,"column":4},"end":{"line":122,"column":null}},"42":{"start":{"line":118,"column":6},"end":{"line":118,"column":null}},"43":{"start":{"line":119,"column":24},"end":{"line":119,"column":null}},"44":{"start":{"line":120,"column":6},"end":{"line":120,"column":null}},"45":{"start":{"line":121,"column":6},"end":{"line":121,"column":null}},"46":{"start":{"line":124,"column":18},"end":{"line":124,"column":null}},"47":{"start":{"line":125,"column":35},"end":{"line":125,"column":88}},"48":{"start":{"line":126,"column":4},"end":{"line":126,"column":46}},"49":{"start":{"line":128,"column":54},"end":{"line":128,"column":null}},"50":{"start":{"line":131,"column":36},"end":{"line":131,"column":null}},"51":{"start":{"line":131,"column":81},"end":{"line":131,"column":105}},"52":{"start":{"line":132,"column":4},"end":{"line":135,"column":null}},"53":{"start":{"line":133,"column":8},"end":{"line":133,"column":null}},"54":{"start":{"line":134,"column":8},"end":{"line":134,"column":null}},"55":{"start":{"line":137,"column":4},"end":{"line":145,"column":null}},"56":{"start":{"line":138,"column":26},"end":{"line":138,"column":44}},"57":{"start":{"line":139,"column":27},"end":{"line":139,"column":61}},"58":{"start":{"line":140,"column":8},"end":{"line":144,"column":null}},"59":{"start":{"line":141,"column":25},"end":{"line":141,"column":56}},"60":{"start":{"line":142,"column":12},"end":{"line":142,"column":null}},"61":{"start":{"line":143,"column":12},"end":{"line":143,"column":55}},"62":{"start":{"line":148,"column":32},"end":{"line":148,"column":null}},"63":{"start":{"line":149,"column":26},"end":{"line":149,"column":null}},"64":{"start":{"line":151,"column":4},"end":{"line":155,"column":null}},"65":{"start":{"line":156,"column":4},"end":{"line":156,"column":null}},"66":{"start":{"line":160,"column":4},"end":{"line":165,"column":null}},"67":{"start":{"line":161,"column":8},"end":{"line":163,"column":null}},"68":{"start":{"line":162,"column":12},"end":{"line":162,"column":null}},"69":{"start":{"line":167,"column":4},"end":{"line":167,"column":null}},"70":{"start":{"line":170,"column":4},"end":{"line":170,"column":null}},"71":{"start":{"line":171,"column":4},"end":{"line":171,"column":null}},"72":{"start":{"line":176,"column":27},"end":{"line":176,"column":null}},"73":{"start":{"line":177,"column":23},"end":{"line":177,"column":null}},"74":{"start":{"line":178,"column":25},"end":{"line":178,"column":null}},"75":{"start":{"line":180,"column":2},"end":{"line":182,"column":null}},"76":{"start":{"line":181,"column":4},"end":{"line":181,"column":null}},"77":{"start":{"line":184,"column":2},"end":{"line":186,"column":null}},"78":{"start":{"line":185,"column":4},"end":{"line":185,"column":null}},"79":{"start":{"line":188,"column":2},"end":{"line":190,"column":null}},"80":{"start":{"line":189,"column":4},"end":{"line":189,"column":null}},"81":{"start":{"line":192,"column":2},"end":{"line":227,"column":null}},"82":{"start":{"line":196,"column":4},"end":{"line":220,"column":null}},"83":{"start":{"line":197,"column":22},"end":{"line":197,"column":null}},"84":{"start":{"line":198,"column":6},"end":{"line":200,"column":null}},"85":{"start":{"line":199,"column":8},"end":{"line":199,"column":null}},"86":{"start":{"line":201,"column":6},"end":{"line":201,"column":null}},"87":{"start":{"line":202,"column":6},"end":{"line":202,"column":null}},"88":{"start":{"line":203,"column":11},"end":{"line":220,"column":null}},"89":{"start":{"line":204,"column":22},"end":{"line":204,"column":null}},"90":{"start":{"line":205,"column":6},"end":{"line":207,"column":null}},"91":{"start":{"line":206,"column":8},"end":{"line":206,"column":null}},"92":{"start":{"line":208,"column":6},"end":{"line":208,"column":null}},"93":{"start":{"line":209,"column":6},"end":{"line":209,"column":null}},"94":{"start":{"line":212,"column":22},"end":{"line":212,"column":null}},"95":{"start":{"line":213,"column":6},"end":{"line":215,"column":null}},"96":{"start":{"line":214,"column":8},"end":{"line":214,"column":null}},"97":{"start":{"line":216,"column":29},"end":{"line":216,"column":56}},"98":{"start":{"line":217,"column":31},"end":{"line":217,"column":60}},"99":{"start":{"line":218,"column":6},"end":{"line":218,"column":null}},"100":{"start":{"line":219,"column":6},"end":{"line":219,"column":null}},"101":{"start":{"line":222,"column":4},"end":{"line":222,"column":75}},"102":{"start":{"line":225,"column":4},"end":{"line":225,"column":null}},"103":{"start":{"line":226,"column":4},"end":{"line":226,"column":null}}},"fnMap":{"0":{"name":"isAllowedCurrency","decl":{"start":{"line":5,"column":9},"end":{"line":5,"column":27}},"loc":{"start":{"line":5,"column":55},"end":{"line":9,"column":null}}},"1":{"name":"(anonymous_3)","decl":{"start":{"line":74,"column":32},"end":{"line":74,"column":null}},"loc":{"start":{"line":74,"column":32},"end":{"line":80,"column":null}}},"2":{"name":"(anonymous_4)","decl":{"start":{"line":90,"column":53},"end":{"line":90,"column":58}},"loc":{"start":{"line":90,"column":58},"end":{"line":90,"column":null}}},"3":{"name":"(anonymous_5)","decl":{"start":{"line":131,"column":74},"end":{"line":131,"column":81}},"loc":{"start":{"line":131,"column":81},"end":{"line":131,"column":105}}},"4":{"name":"(anonymous_6)","decl":{"start":{"line":137,"column":36},"end":{"line":137,"column":37}},"loc":{"start":{"line":137,"column":52},"end":{"line":145,"column":null}}},"5":{"name":"(anonymous_7)","decl":{"start":{"line":160,"column":32},"end":{"line":160,"column":null}},"loc":{"start":{"line":160,"column":32},"end":{"line":165,"column":null}}},"6":{"name":"GET","decl":{"start":{"line":175,"column":22},"end":{"line":175,"column":26}},"loc":{"start":{"line":175,"column":46},"end":{"line":228,"column":null}}}},"branchMap":{"0":{"loc":{"start":{"line":6,"column":2},"end":{"line":6,"column":null}},"type":"if","locations":[{"start":{"line":6,"column":2},"end":{"line":6,"column":null}}]},"1":{"loc":{"start":{"line":72,"column":2},"end":{"line":91,"column":null}},"type":"if","locations":[{"start":{"line":72,"column":2},"end":{"line":91,"column":null}},{"start":{"line":88,"column":9},"end":{"line":91,"column":null}}]},"2":{"loc":{"start":{"line":72,"column":6},"end":{"line":72,"column":59}},"type":"binary-expr","locations":[{"start":{"line":72,"column":6},"end":{"line":72,"column":16}},{"start":{"line":72,"column":16},"end":{"line":72,"column":59}}]},"3":{"loc":{"start":{"line":75,"column":6},"end":{"line":79,"column":null}},"type":"if","locations":[{"start":{"line":75,"column":6},"end":{"line":79,"column":null}},{"start":{"line":77,"column":13},"end":{"line":79,"column":null}}]},"4":{"loc":{"start":{"line":77,"column":13},"end":{"line":79,"column":null}},"type":"if","locations":[{"start":{"line":77,"column":13},"end":{"line":79,"column":null}}]},"5":{"loc":{"start":{"line":81,"column":4},"end":{"line":86,"column":null}},"type":"if","locations":[{"start":{"line":81,"column":4},"end":{"line":86,"column":null}}]},"6":{"loc":{"start":{"line":84,"column":6},"end":{"line":84,"column":null}},"type":"if","locations":[{"start":{"line":84,"column":6},"end":{"line":84,"column":null}}]},"7":{"loc":{"start":{"line":93,"column":2},"end":{"line":95,"column":null}},"type":"if","locations":[{"start":{"line":93,"column":2},"end":{"line":95,"column":null}}]},"8":{"loc":{"start":{"line":93,"column":6},"end":{"line":93,"column":109}},"type":"binary-expr","locations":[{"start":{"line":93,"column":6},"end":{"line":93,"column":45}},{"start":{"line":93,"column":45},"end":{"line":93,"column":109}}]},"9":{"loc":{"start":{"line":97,"column":2},"end":{"line":109,"column":null}},"type":"if","locations":[{"start":{"line":97,"column":2},"end":{"line":109,"column":null}}]},"10":{"loc":{"start":{"line":101,"column":4},"end":{"line":103,"column":null}},"type":"if","locations":[{"start":{"line":101,"column":4},"end":{"line":103,"column":null}}]},"11":{"loc":{"start":{"line":107,"column":5},"end":{"line":107,"column":null}},"type":"if","locations":[{"start":{"line":107,"column":5},"end":{"line":107,"column":null}}]},"12":{"loc":{"start":{"line":117,"column":4},"end":{"line":122,"column":null}},"type":"if","locations":[{"start":{"line":117,"column":4},"end":{"line":122,"column":null}}]},"13":{"loc":{"start":{"line":132,"column":4},"end":{"line":135,"column":null}},"type":"if","locations":[{"start":{"line":132,"column":4},"end":{"line":135,"column":null}}]},"14":{"loc":{"start":{"line":140,"column":8},"end":{"line":144,"column":null}},"type":"if","locations":[{"start":{"line":140,"column":8},"end":{"line":144,"column":null}}]},"15":{"loc":{"start":{"line":140,"column":12},"end":{"line":140,"column":74}},"type":"binary-expr","locations":[{"start":{"line":140,"column":12},"end":{"line":140,"column":26}},{"start":{"line":140,"column":26},"end":{"line":140,"column":74}}]},"16":{"loc":{"start":{"line":148,"column":32},"end":{"line":148,"column":null}},"type":"binary-expr","locations":[{"start":{"line":148,"column":32},"end":{"line":148,"column":64}},{"start":{"line":148,"column":64},"end":{"line":148,"column":null}}]},"17":{"loc":{"start":{"line":161,"column":8},"end":{"line":163,"column":null}},"type":"if","locations":[{"start":{"line":161,"column":8},"end":{"line":163,"column":null}}]},"18":{"loc":{"start":{"line":161,"column":12},"end":{"line":161,"column":53}},"type":"binary-expr","locations":[{"start":{"line":161,"column":12},"end":{"line":161,"column":30}},{"start":{"line":161,"column":30},"end":{"line":161,"column":53}}]},"19":{"loc":{"start":{"line":180,"column":2},"end":{"line":182,"column":null}},"type":"if","locations":[{"start":{"line":180,"column":2},"end":{"line":182,"column":null}}]},"20":{"loc":{"start":{"line":180,"column":6},"end":{"line":180,"column":40}},"type":"binary-expr","locations":[{"start":{"line":180,"column":6},"end":{"line":180,"column":23}},{"start":{"line":180,"column":23},"end":{"line":180,"column":40}}]},"21":{"loc":{"start":{"line":184,"column":2},"end":{"line":186,"column":null}},"type":"if","locations":[{"start":{"line":184,"column":2},"end":{"line":186,"column":null}}]},"22":{"loc":{"start":{"line":184,"column":6},"end":{"line":184,"column":78}},"type":"binary-expr","locations":[{"start":{"line":184,"column":6},"end":{"line":184,"column":42}},{"start":{"line":184,"column":42},"end":{"line":184,"column":78}}]},"23":{"loc":{"start":{"line":188,"column":2},"end":{"line":190,"column":null}},"type":"if","locations":[{"start":{"line":188,"column":2},"end":{"line":190,"column":null}}]},"24":{"loc":{"start":{"line":196,"column":4},"end":{"line":220,"column":null}},"type":"if","locations":[{"start":{"line":196,"column":4},"end":{"line":220,"column":null}},{"start":{"line":203,"column":11},"end":{"line":220,"column":null}}]},"25":{"loc":{"start":{"line":198,"column":6},"end":{"line":200,"column":null}},"type":"if","locations":[{"start":{"line":198,"column":6},"end":{"line":200,"column":null}}]},"26":{"loc":{"start":{"line":198,"column":10},"end":{"line":198,"column":52}},"type":"binary-expr","locations":[{"start":{"line":198,"column":10},"end":{"line":198,"column":22}},{"start":{"line":198,"column":22},"end":{"line":198,"column":52}}]},"27":{"loc":{"start":{"line":203,"column":11},"end":{"line":220,"column":null}},"type":"if","locations":[{"start":{"line":203,"column":11},"end":{"line":220,"column":null}},{"start":{"line":210,"column":11},"end":{"line":220,"column":null}}]},"28":{"loc":{"start":{"line":205,"column":6},"end":{"line":207,"column":null}},"type":"if","locations":[{"start":{"line":205,"column":6},"end":{"line":207,"column":null}}]},"29":{"loc":{"start":{"line":205,"column":10},"end":{"line":205,"column":50}},"type":"binary-expr","locations":[{"start":{"line":205,"column":10},"end":{"line":205,"column":22}},{"start":{"line":205,"column":22},"end":{"line":205,"column":50}}]},"30":{"loc":{"start":{"line":213,"column":6},"end":{"line":215,"column":null}},"type":"if","locations":[{"start":{"line":213,"column":6},"end":{"line":215,"column":null}}]},"31":{"loc":{"start":{"line":213,"column":10},"end":{"line":213,"column":84}},"type":"binary-expr","locations":[{"start":{"line":213,"column":10},"end":{"line":213,"column":22}},{"start":{"line":213,"column":22},"end":{"line":213,"column":50}},{"start":{"line":213,"column":54},"end":{"line":213,"column":84}}]}},"s":{"0":0,"1":0,"2":0,"3":0,"4":0,"5":0,"6":0,"7":0,"8":0,"9":0,"10":0,"11":0,"12":0,"13":0,"14":0,"15":0,"16":0,"17":0,"18":0,"19":0,"20":0,"21":0,"22":0,"23":0,"24":0,"25":0,"26":0,"27":0,"28":0,"29":0,"30":0,"31":0,"32":0,"33":0,"34":0,"35":0,"36":0,"37":0,"38":0,"39":0,"40":0,"41":0,"42":0,"43":0,"44":0,"45":0,"46":0,"47":0,"48":0,"49":0,"50":0,"51":0,"52":0,"53":0,"54":0,"55":0,"56":0,"57":0,"58":0,"59":0,"60":0,"61":0,"62":0,"63":0,"64":0,"65":0,"66":0,"67":0,"68":0,"69":0,"70":0,"71":0,"72":0,"73":0,"74":0,"75":0,"76":0,"77":0,"78":0,"79":0,"80":0,"81":0,"82":0,"83":0,"84":0,"85":0,"86":0,"87":0,"88":0,"89":0,"90":0,"91":0,"92":0,"93":0,"94":0,"95":0,"96":0,"97":0,"98":0,"99":0,"100":0,"101":0,"102":0,"103":0},"f":{"0":0,"1":0,"2":0,"3":0,"4":0,"5":0,"6":0},"b":{"0":[0],"1":[0,0],"2":[0,0],"3":[0,0],"4":[0],"5":[0],"6":[0],"7":[0],"8":[0,0],"9":[0],"10":[0],"11":[0],"12":[0],"13":[0],"14":[0],"15":[0,0],"16":[0,0],"17":[0],"18":[0,0],"19":[0],"20":[0,0],"21":[0],"22":[0,0],"23":[0],"24":[0,0],"25":[0],"26":[0,0],"27":[0,0],"28":[0],"29":[0,0],"30":[0],"31":[0,0,0]}}
,"/Users/biobook/Projects/agequant-crm-v3/app/api/ids/product_sku/route.ts": {"path":"/Users/biobook/Projects/agequant-crm-v3/app/api/ids/product_sku/route.ts","statementMap":{"0":{"start":{"line":18,"column":22},"end":{"line":18,"column":null}},"1":{"start":{"line":1,"column":29},"end":{"line":1,"column":null}},"2":{"start":{"line":2,"column":24},"end":{"line":2,"column":null}},"3":{"start":{"line":3,"column":55},"end":{"line":3,"column":null}},"4":{"start":{"line":5,"column":23},"end":{"line":5,"column":59}},"5":{"start":{"line":6,"column":19},"end":{"line":6,"column":null}},"6":{"start":{"line":7,"column":19},"end":{"line":7,"column":null}},"7":{"start":{"line":8,"column":20},"end":{"line":8,"column":24}},"8":{"start":{"line":11,"column":15},"end":{"line":11,"column":null}},"9":{"start":{"line":12,"column":2},"end":{"line":14,"column":null}},"10":{"start":{"line":12,"column":15},"end":{"line":12,"column":18}},"11":{"start":{"line":13,"column":4},"end":{"line":13,"column":null}},"12":{"start":{"line":15,"column":2},"end":{"line":15,"column":null}},"13":{"start":{"line":19,"column":22},"end":{"line":19,"column":39}},"14":{"start":{"line":20,"column":19},"end":{"line":29,"column":null}},"15":{"start":{"line":25,"column":28},"end":{"line":25,"column":64}},"16":{"start":{"line":26,"column":67},"end":{"line":26,"column":112}},"17":{"start":{"line":27,"column":55},"end":{"line":27,"column":104}},"18":{"start":{"line":32,"column":2},"end":{"line":51,"column":null}},"19":{"start":{"line":32,"column":15},"end":{"line":32,"column":18}},"20":{"start":{"line":33,"column":23},"end":{"line":33,"column":null}},"21":{"start":{"line":34,"column":25},"end":{"line":34,"column":53}},"22":{"start":{"line":36,"column":28},"end":{"line":40,"column":null}},"23":{"start":{"line":42,"column":4},"end":{"line":45,"column":null}},"24":{"start":{"line":43,"column":6},"end":{"line":43,"column":null}},"25":{"start":{"line":44,"column":6},"end":{"line":44,"column":null}},"26":{"start":{"line":47,"column":4},"end":{"line":49,"column":null}},"27":{"start":{"line":48,"column":6},"end":{"line":48,"column":null}},"28":{"start":{"line":53,"column":2},"end":{"line":53,"column":null}},"29":{"start":{"line":54,"column":2},"end":{"line":54,"column":null}}},"fnMap":{"0":{"name":"generateRandomCode","decl":{"start":{"line":10,"column":9},"end":{"line":10,"column":null}},"loc":{"start":{"line":10,"column":9},"end":{"line":16,"column":null}}},"1":{"name":"GET","decl":{"start":{"line":18,"column":22},"end":{"line":18,"column":null}},"loc":{"start":{"line":18,"column":22},"end":{"line":55,"column":null}}},"2":{"name":"(anonymous_3)","decl":{"start":{"line":25,"column":8},"end":{"line":25,"column":12}},"loc":{"start":{"line":25,"column":24},"end":{"line":25,"column":null}}},"3":{"name":"(anonymous_4)","decl":{"start":{"line":26,"column":8},"end":{"line":26,"column":12}},"loc":{"start":{"line":26,"column":63},"end":{"line":26,"column":null}}},"4":{"name":"(anonymous_5)","decl":{"start":{"line":27,"column":8},"end":{"line":27,"column":15}},"loc":{"start":{"line":27,"column":51},"end":{"line":27,"column":null}}}},"branchMap":{"0":{"loc":{"start":{"line":42,"column":4},"end":{"line":45,"column":null}},"type":"if","locations":[{"start":{"line":42,"column":4},"end":{"line":45,"column":null}}]},"1":{"loc":{"start":{"line":47,"column":4},"end":{"line":49,"column":null}},"type":"if","locations":[{"start":{"line":47,"column":4},"end":{"line":49,"column":null}}]}},"s":{"0":0,"1":0,"2":0,"3":0,"4":0,"5":0,"6":0,"7":0,"8":0,"9":0,"10":0,"11":0,"12":0,"13":0,"14":0,"15":0,"16":0,"17":0,"18":0,"19":0,"20":0,"21":0,"22":0,"23":0,"24":0,"25":0,"26":0,"27":0,"28":0,"29":0},"f":{"0":0,"1":0,"2":0,"3":0,"4":0},"b":{"0":[0],"1":[0]}}
,"/Users/biobook/Projects/agequant-crm-v3/app/customers/actions.ts": {"path":"/Users/biobook/Projects/agequant-crm-v3/app/customers/actions.ts","statementMap":{"0":{"start":{"line":139,"column":22},"end":{"line":139,"column":36}},"1":{"start":{"line":21,"column":22},"end":{"line":21,"column":36}},"2":{"start":{"line":74,"column":22},"end":{"line":74,"column":36}},"3":{"start":{"line":3,"column":31},"end":{"line":3,"column":null}},"4":{"start":{"line":4,"column":25},"end":{"line":4,"column":null}},"5":{"start":{"line":5,"column":18},"end":{"line":5,"column":null}},"6":{"start":{"line":6,"column":40},"end":{"line":6,"column":null}},"7":{"start":{"line":7,"column":35},"end":{"line":7,"column":null}},"8":{"start":{"line":8,"column":74},"end":{"line":8,"column":null}},"9":{"start":{"line":11,"column":29},"end":{"line":13,"column":null}},"10":{"start":{"line":22,"column":19},"end":{"line":22,"column":null}},"11":{"start":{"line":25,"column":26},"end":{"line":27,"column":null}},"12":{"start":{"line":29,"column":2},"end":{"line":31,"column":null}},"13":{"start":{"line":30,"column":4},"end":{"line":30,"column":null}},"14":{"start":{"line":33,"column":31},"end":{"line":33,"column":51}},"15":{"start":{"line":36,"column":48},"end":{"line":40,"column":null}},"16":{"start":{"line":42,"column":2},"end":{"line":44,"column":null}},"17":{"start":{"line":43,"column":4},"end":{"line":43,"column":null}},"18":{"start":{"line":46,"column":21},"end":{"line":46,"column":32}},"19":{"start":{"line":47,"column":2},"end":{"line":47,"column":null}},"20":{"start":{"line":50,"column":33},"end":{"line":53,"column":null}},"21":{"start":{"line":55,"column":2},"end":{"line":57,"column":null}},"22":{"start":{"line":56,"column":4},"end":{"line":56,"column":null}},"23":{"start":{"line":59,"column":2},"end":{"line":59,"column":null}},"24":{"start":{"line":62,"column":2},"end":{"line":62,"column":null}},"25":{"start":{"line":64,"column":2},"end":{"line":64,"column":null}},"26":{"start":{"line":79,"column":2},"end":{"line":81,"column":null}},"27":{"start":{"line":80,"column":4},"end":{"line":80,"column":null}},"28":{"start":{"line":83,"column":19},"end":{"line":83,"column":null}},"29":{"start":{"line":86,"column":22},"end":{"line":86,"column":null}},"30":{"start":{"line":87,"column":26},"end":{"line":87,"column":null}},"31":{"start":{"line":89,"column":2},"end":{"line":91,"column":null}},"32":{"start":{"line":90,"column":4},"end":{"line":90,"column":null}},"33":{"start":{"line":94,"column":54},"end":{"line":98,"column":null}},"34":{"start":{"line":100,"column":2},"end":{"line":102,"column":null}},"35":{"start":{"line":101,"column":4},"end":{"line":101,"column":null}},"36":{"start":{"line":104,"column":21},"end":{"line":104,"column":40}},"37":{"start":{"line":107,"column":23},"end":{"line":114,"column":null}},"38":{"start":{"line":117,"column":33},"end":{"line":120,"column":null}},"39":{"start":{"line":122,"column":2},"end":{"line":124,"column":null}},"40":{"start":{"line":123,"column":4},"end":{"line":123,"column":null}},"41":{"start":{"line":127,"column":2},"end":{"line":127,"column":null}},"42":{"start":{"line":128,"column":2},"end":{"line":128,"column":null}},"43":{"start":{"line":129,"column":2},"end":{"line":129,"column":null}},"44":{"start":{"line":130,"column":2},"end":{"line":130,"column":null}},"45":{"start":{"line":140,"column":19},"end":{"line":140,"column":null}},"46":{"start":{"line":143,"column":22},"end":{"line":143,"column":null}},"47":{"start":{"line":144,"column":26},"end":{"line":144,"column":null}},"48":{"start":{"line":146,"column":2},"end":{"line":148,"column":null}},"49":{"start":{"line":147,"column":4},"end":{"line":147,"column":null}},"50":{"start":{"line":151,"column":23},"end":{"line":158,"column":null}},"51":{"start":{"line":160,"column":20},"end":{"line":162,"column":null}},"52":{"start":{"line":164,"column":2},"end":{"line":166,"column":null}},"53":{"start":{"line":165,"column":4},"end":{"line":165,"column":null}},"54":{"start":{"line":169,"column":2},"end":{"line":169,"column":null}},"55":{"start":{"line":170,"column":2},"end":{"line":170,"column":null}}},"fnMap":{"0":{"name":"deleteCustomer","decl":{"start":{"line":21,"column":22},"end":{"line":21,"column":36}},"loc":{"start":{"line":21,"column":55},"end":{"line":65,"column":null}}},"1":{"name":"updateCustomer","decl":{"start":{"line":74,"column":22},"end":{"line":74,"column":36}},"loc":{"start":{"line":76,"column":20},"end":{"line":131,"column":null}}},"2":{"name":"createCustomer","decl":{"start":{"line":139,"column":22},"end":{"line":139,"column":36}},"loc":{"start":{"line":139,"column":55},"end":{"line":171,"column":null}}}},"branchMap":{"0":{"loc":{"start":{"line":29,"column":2},"end":{"line":31,"column":null}},"type":"if","locations":[{"start":{"line":29,"column":2},"end":{"line":31,"column":null}}]},"1":{"loc":{"start":{"line":42,"column":2},"end":{"line":44,"column":null}},"type":"if","locations":[{"start":{"line":42,"column":2},"end":{"line":44,"column":null}}]},"2":{"loc":{"start":{"line":42,"column":6},"end":{"line":42,"column":31}},"type":"binary-expr","locations":[{"start":{"line":42,"column":6},"end":{"line":42,"column":20}},{"start":{"line":42,"column":20},"end":{"line":42,"column":31}}]},"3":{"loc":{"start":{"line":55,"column":2},"end":{"line":57,"column":null}},"type":"if","locations":[{"start":{"line":55,"column":2},"end":{"line":57,"column":null}}]},"4":{"loc":{"start":{"line":79,"column":2},"end":{"line":81,"column":null}},"type":"if","locations":[{"start":{"line":79,"column":2},"end":{"line":81,"column":null}}]},"5":{"loc":{"start":{"line":79,"column":6},"end":{"line":79,"column":65}},"type":"binary-expr","locations":[{"start":{"line":79,"column":6},"end":{"line":79,"column":27}},{"start":{"line":79,"column":27},"end":{"line":79,"column":65}}]},"6":{"loc":{"start":{"line":89,"column":2},"end":{"line":91,"column":null}},"type":"if","locations":[{"start":{"line":89,"column":2},"end":{"line":91,"column":null}}]},"7":{"loc":{"start":{"line":100,"column":2},"end":{"line":102,"column":null}},"type":"if","locations":[{"start":{"line":100,"column":2},"end":{"line":102,"column":null}}]},"8":{"loc":{"start":{"line":100,"column":6},"end":{"line":100,"column":37}},"type":"binary-expr","locations":[{"start":{"line":100,"column":6},"end":{"line":100,"column":18}},{"start":{"line":100,"column":18},"end":{"line":100,"column":37}}]},"9":{"loc":{"start":{"line":109,"column":11},"end":{"line":109,"column":null}},"type":"binary-expr","locations":[{"start":{"line":109,"column":11},"end":{"line":109,"column":37}},{"start":{"line":109,"column":41},"end":{"line":109,"column":null}}]},"10":{"loc":{"start":{"line":110,"column":11},"end":{"line":110,"column":null}},"type":"binary-expr","locations":[{"start":{"line":110,"column":11},"end":{"line":110,"column":37}},{"start":{"line":110,"column":41},"end":{"line":110,"column":null}}]},"11":{"loc":{"start":{"line":111,"column":24},"end":{"line":111,"column":null}},"type":"binary-expr","locations":[{"start":{"line":111,"column":24},"end":{"line":111,"column":63}},{"start":{"line":111,"column":67},"end":{"line":111,"column":null}}]},"12":{"loc":{"start":{"line":112,"column":13},"end":{"line":112,"column":null}},"type":"binary-expr","locations":[{"start":{"line":112,"column":13},"end":{"line":112,"column":41}},{"start":{"line":112,"column":45},"end":{"line":112,"column":null}}]},"13":{"loc":{"start":{"line":113,"column":11},"end":{"line":113,"column":null}},"type":"binary-expr","locations":[{"start":{"line":113,"column":11},"end":{"line":113,"column":37}},{"start":{"line":113,"column":41},"end":{"line":113,"column":null}}]},"14":{"loc":{"start":{"line":122,"column":2},"end":{"line":124,"column":null}},"type":"if","locations":[{"start":{"line":122,"column":2},"end":{"line":124,"column":null}}]},"15":{"loc":{"start":{"line":146,"column":2},"end":{"line":148,"column":null}},"type":"if","locations":[{"start":{"line":146,"column":2},"end":{"line":148,"column":null}}]},"16":{"loc":{"start":{"line":153,"column":11},"end":{"line":153,"column":null}},"type":"binary-expr","locations":[{"start":{"line":153,"column":11},"end":{"line":153,"column":37}},{"start":{"line":153,"column":41},"end":{"line":153,"column":null}}]},"17":{"loc":{"start":{"line":154,"column":11},"end":{"line":154,"column":null}},"type":"binary-expr","locations":[{"start":{"line":154,"column":11},"end":{"line":154,"column":37}},{"start":{"line":154,"column":41},"end":{"line":154,"column":null}}]},"18":{"loc":{"start":{"line":155,"column":24},"end":{"line":155,"column":null}},"type":"binary-expr","locations":[{"start":{"line":155,"column":24},"end":{"line":155,"column":63}},{"start":{"line":155,"column":67},"end":{"line":155,"column":null}}]},"19":{"loc":{"start":{"line":156,"column":13},"end":{"line":156,"column":null}},"type":"binary-expr","locations":[{"start":{"line":156,"column":13},"end":{"line":156,"column":41}},{"start":{"line":156,"column":45},"end":{"line":156,"column":null}}]},"20":{"loc":{"start":{"line":157,"column":11},"end":{"line":157,"column":null}},"type":"binary-expr","locations":[{"start":{"line":157,"column":11},"end":{"line":157,"column":37}},{"start":{"line":157,"column":41},"end":{"line":157,"column":null}}]},"21":{"loc":{"start":{"line":164,"column":2},"end":{"line":166,"column":null}},"type":"if","locations":[{"start":{"line":164,"column":2},"end":{"line":166,"column":null}}]}},"s":{"0":0,"1":0,"2":0,"3":0,"4":0,"5":0,"6":0,"7":0,"8":0,"9":0,"10":0,"11":0,"12":0,"13":0,"14":0,"15":0,"16":0,"17":0,"18":0,"19":0,"20":0,"21":0,"22":0,"23":0,"24":0,"25":0,"26":0,"27":0,"28":0,"29":0,"30":0,"31":0,"32":0,"33":0,"34":0,"35":0,"36":0,"37":0,"38":0,"39":0,"40":0,"41":0,"42":0,"43":0,"44":0,"45":0,"46":0,"47":0,"48":0,"49":0,"50":0,"51":0,"52":0,"53":0,"54":0,"55":0},"f":{"0":0,"1":0,"2":0},"b":{"0":[0],"1":[0],"2":[0,0],"3":[0],"4":[0],"5":[0,0],"6":[0],"7":[0],"8":[0,0],"9":[0,0],"10":[0,0],"11":[0,0],"12":[0,0],"13":[0,0],"14":[0],"15":[0],"16":[0,0],"17":[0,0],"18":[0,0],"19":[0,0],"20":[0,0],"21":[0]}}
,"/Users/biobook/Projects/agequant-crm-v3/app/customers/page.tsx": {"path":"/Users/biobook/Projects/agequant-crm-v3/app/customers/page.tsx","statementMap":{"0":{"start":{"line":10,"column":30},"end":{"line":10,"column":null}},"1":{"start":{"line":2,"column":25},"end":{"line":2,"column":null}},"2":{"start":{"line":5,"column":33},"end":{"line":5,"column":null}},"3":{"start":{"line":6,"column":47},"end":{"line":6,"column":null}},"4":{"start":{"line":12,"column":22},"end":{"line":12,"column":null}},"5":{"start":{"line":15,"column":19},"end":{"line":25,"column":null}},"6":{"start":{"line":21,"column":10},"end":{"line":21,"column":null}},"7":{"start":{"line":31,"column":37},"end":{"line":35,"column":null}},"8":{"start":{"line":37,"column":2},"end":{"line":41,"column":null}},"9":{"start":{"line":38,"column":4},"end":{"line":38,"column":null}}},"fnMap":{"0":{"name":"CustomersPage","decl":{"start":{"line":10,"column":30},"end":{"line":10,"column":null}},"loc":{"start":{"line":10,"column":30},"end":{"line":55,"column":null}}},"1":{"name":"(anonymous_2)","decl":{"start":{"line":20,"column":8},"end":{"line":20,"column":12}},"loc":{"start":{"line":20,"column":24},"end":{"line":22,"column":null}}}},"branchMap":{"0":{"loc":{"start":{"line":37,"column":2},"end":{"line":41,"column":null}},"type":"if","locations":[{"start":{"line":37,"column":2},"end":{"line":41,"column":null}}]},"1":{"loc":{"start":{"line":51,"column":70},"end":{"line":51,"column":85}},"type":"binary-expr","locations":[{"start":{"line":51,"column":70},"end":{"line":51,"column":83}},{"start":{"line":51,"column":83},"end":{"line":51,"column":85}}]},"2":{"loc":{"start":{"line":52,"column":7},"end":{"line":52,"column":16}},"type":"binary-expr","locations":[{"start":{"line":52,"column":7},"end":{"line":52,"column":16}}]}},"s":{"0":0,"1":0,"2":0,"3":0,"4":0,"5":0,"6":0,"7":0,"8":0,"9":0},"f":{"0":0,"1":0},"b":{"0":[0],"1":[0,0],"2":[0]}}
,"/Users/biobook/Projects/agequant-crm-v3/app/customers/[public_customer_id]/page.tsx": {"path":"/Users/biobook/Projects/agequant-crm-v3/app/customers/[public_customer_id]/page.tsx","statementMap":{"0":{"start":{"line":19,"column":30},"end":{"line":19,"column":47}},"1":{"start":{"line":2,"column":25},"end":{"line":2,"column":null}},"2":{"start":{"line":3,"column":26},"end":{"line":3,"column":null}},"3":{"start":{"line":6,"column":75},"end":{"line":6,"column":null}},"4":{"start":{"line":7,"column":22},"end":{"line":7,"column":null}},"5":{"start":{"line":15,"column":2},"end":{"line":15,"column":23}},"6":{"start":{"line":21,"column":22},"end":{"line":21,"column":null}},"7":{"start":{"line":23,"column":19},"end":{"line":31,"column":null}},"8":{"start":{"line":28,"column":28},"end":{"line":28,"column":64}},"9":{"start":{"line":36,"column":36},"end":{"line":40,"column":null}},"10":{"start":{"line":42,"column":2},"end":{"line":46,"column":null}},"11":{"start":{"line":43,"column":4},"end":{"line":43,"column":null}},"12":{"start":{"line":45,"column":4},"end":{"line":45,"column":null}},"13":{"start":{"line":48,"column":2},"end":{"line":50,"column":null}},"14":{"start":{"line":49,"column":4},"end":{"line":49,"column":null}}},"fnMap":{"0":{"name":"formatDisplayValue","decl":{"start":{"line":14,"column":9},"end":{"line":14,"column":28}},"loc":{"start":{"line":14,"column":60},"end":{"line":16,"column":null}}},"1":{"name":"ViewCustomerPage","decl":{"start":{"line":19,"column":30},"end":{"line":19,"column":47}},"loc":{"start":{"line":19,"column":104},"end":{"line":103,"column":null}}},"2":{"name":"(anonymous_3)","decl":{"start":{"line":28,"column":8},"end":{"line":28,"column":12}},"loc":{"start":{"line":28,"column":24},"end":{"line":28,"column":null}}}},"branchMap":{"0":{"loc":{"start":{"line":15,"column":9},"end":{"line":15,"column":23}},"type":"binary-expr","locations":[{"start":{"line":15,"column":9},"end":{"line":15,"column":18}},{"start":{"line":15,"column":18},"end":{"line":15,"column":23}}]},"1":{"loc":{"start":{"line":42,"column":2},"end":{"line":46,"column":null}},"type":"if","locations":[{"start":{"line":42,"column":2},"end":{"line":46,"column":null}}]},"2":{"loc":{"start":{"line":48,"column":2},"end":{"line":50,"column":null}},"type":"if","locations":[{"start":{"line":48,"column":2},"end":{"line":50,"column":null}}]},"3":{"loc":{"start":{"line":62,"column":54},"end":{"line":62,"column":null}},"type":"binary-expr","locations":[{"start":{"line":62,"column":54},"end":{"line":62,"column":81}},{"start":{"line":62,"column":85},"end":{"line":62,"column":null}}]}},"s":{"0":0,"1":0,"2":0,"3":0,"4":0,"5":0,"6":0,"7":0,"8":0,"9":0,"10":0,"11":0,"12":0,"13":0,"14":0},"f":{"0":0,"1":0,"2":0},"b":{"0":[0,0],"1":[0],"2":[0],"3":[0,0]}}
,"/Users/biobook/Projects/agequant-crm-v3/app/customers/[public_customer_id]/edit/page.tsx": {"path":"/Users/biobook/Projects/agequant-crm-v3/app/customers/[public_customer_id]/edit/page.tsx","statementMap":{"0":{"start":{"line":23,"column":30},"end":{"line":23,"column":47}},"1":{"start":{"line":2,"column":26},"end":{"line":2,"column":null}},"2":{"start":{"line":5,"column":30},"end":{"line":5,"column":null}},"3":{"start":{"line":7,"column":31},"end":{"line":7,"column":null}},"4":{"start":{"line":8,"column":24},"end":{"line":8,"column":null}},"5":{"start":{"line":24,"column":33},"end":{"line":24,"column":41}},"6":{"start":{"line":26,"column":22},"end":{"line":26,"column":null}},"7":{"start":{"line":28,"column":19},"end":{"line":37,"column":null}},"8":{"start":{"line":33,"column":28},"end":{"line":33,"column":64}},"9":{"start":{"line":34,"column":67},"end":{"line":34,"column":112}},"10":{"start":{"line":35,"column":55},"end":{"line":35,"column":104}},"11":{"start":{"line":42,"column":48},"end":{"line":46,"column":20}},"12":{"start":{"line":48,"column":2},"end":{"line":51,"column":null}},"13":{"start":{"line":49,"column":4},"end":{"line":49,"column":null}},"14":{"start":{"line":53,"column":2},"end":{"line":55,"column":null}},"15":{"start":{"line":54,"column":4},"end":{"line":54,"column":16}},"16":{"start":{"line":59,"column":31},"end":{"line":59,"column":78}},"17":{"start":{"line":62,"column":53},"end":{"line":69,"column":null}}},"fnMap":{"0":{"name":"EditCustomerPage","decl":{"start":{"line":23,"column":30},"end":{"line":23,"column":47}},"loc":{"start":{"line":23,"column":80},"end":{"line":84,"column":null}}},"1":{"name":"(anonymous_2)","decl":{"start":{"line":33,"column":8},"end":{"line":33,"column":12}},"loc":{"start":{"line":33,"column":24},"end":{"line":33,"column":null}}},"2":{"name":"(anonymous_3)","decl":{"start":{"line":34,"column":8},"end":{"line":34,"column":12}},"loc":{"start":{"line":34,"column":63},"end":{"line":34,"column":null}}},"3":{"name":"(anonymous_4)","decl":{"start":{"line":35,"column":8},"end":{"line":35,"column":15}},"loc":{"start":{"line":35,"column":51},"end":{"line":35,"column":null}}}},"branchMap":{"0":{"loc":{"start":{"line":48,"column":2},"end":{"line":51,"column":null}},"type":"if","locations":[{"start":{"line":48,"column":2},"end":{"line":51,"column":null}}]},"1":{"loc":{"start":{"line":53,"column":2},"end":{"line":55,"column":null}},"type":"if","locations":[{"start":{"line":53,"column":2},"end":{"line":55,"column":null}}]},"2":{"loc":{"start":{"line":65,"column":11},"end":{"line":65,"column":null}},"type":"binary-expr","locations":[{"start":{"line":65,"column":11},"end":{"line":65,"column":25}},{"start":{"line":65,"column":29},"end":{"line":65,"column":null}}]},"3":{"loc":{"start":{"line":68,"column":11},"end":{"line":68,"column":null}},"type":"binary-expr","locations":[{"start":{"line":68,"column":11},"end":{"line":68,"column":25}},{"start":{"line":68,"column":29},"end":{"line":68,"column":null}}]}},"s":{"0":0,"1":0,"2":0,"3":0,"4":0,"5":0,"6":0,"7":0,"8":0,"9":0,"10":0,"11":0,"12":0,"13":0,"14":0,"15":0,"16":0,"17":0},"f":{"0":0,"1":0,"2":0,"3":0},"b":{"0":[0],"1":[0],"2":[0,0],"3":[0,0]}}
,"/Users/biobook/Projects/agequant-crm-v3/app/customers/new/page.tsx": {"path":"/Users/biobook/Projects/agequant-crm-v3/app/customers/new/page.tsx","statementMap":{"0":{"start":{"line":7,"column":24},"end":{"line":7,"column":null}},"1":{"start":{"line":3,"column":29},"end":{"line":3,"column":null}},"2":{"start":{"line":4,"column":31},"end":{"line":4,"column":null}}},"fnMap":{"0":{"name":"NewCustomerPage","decl":{"start":{"line":7,"column":24},"end":{"line":7,"column":null}},"loc":{"start":{"line":7,"column":24},"end":{"line":19,"column":null}}}},"branchMap":{},"s":{"0":0,"1":0,"2":0},"f":{"0":0},"b":{}}
,"/Users/biobook/Projects/agequant-crm-v3/app/dashboard/actions.ts": {"path":"/Users/biobook/Projects/agequant-crm-v3/app/dashboard/actions.ts","statementMap":{"0":{"start":{"line":229,"column":22},"end":{"line":229,"column":42}},"1":{"start":{"line":60,"column":22},"end":{"line":60,"column":39}},"2":{"start":{"line":175,"column":22},"end":{"line":175,"column":42}},"3":{"start":{"line":12,"column":22},"end":{"line":12,"column":40}},"4":{"start":{"line":427,"column":22},"end":{"line":427,"column":40}},"5":{"start":{"line":288,"column":22},"end":{"line":288,"column":35}},"6":{"start":{"line":114,"column":22},"end":{"line":114,"column":37}},"7":{"start":{"line":3,"column":40},"end":{"line":3,"column":null}},"8":{"start":{"line":4,"column":31},"end":{"line":4,"column":null}},"9":{"start":{"line":5,"column":58},"end":{"line":5,"column":null}},"10":{"start":{"line":6,"column":49},"end":{"line":6,"column":null}},"11":{"start":{"line":13,"column":19},"end":{"line":13,"column":null}},"12":{"start":{"line":15,"column":16},"end":{"line":15,"column":null}},"13":{"start":{"line":17,"column":2},"end":{"line":54,"column":null}},"14":{"start":{"line":18,"column":28},"end":{"line":33,"column":null}},"15":{"start":{"line":35,"column":4},"end":{"line":37,"column":null}},"16":{"start":{"line":36,"column":6},"end":{"line":36,"column":null}},"17":{"start":{"line":39,"column":4},"end":{"line":41,"column":null}},"18":{"start":{"line":40,"column":6},"end":{"line":40,"column":null}},"19":{"start":{"line":43,"column":4},"end":{"line":50,"column":null}},"20":{"start":{"line":43,"column":32},"end":{"line":50,"column":null}},"21":{"start":{"line":52,"column":4},"end":{"line":52,"column":null}},"22":{"start":{"line":53,"column":4},"end":{"line":53,"column":null}},"23":{"start":{"line":61,"column":19},"end":{"line":61,"column":null}},"24":{"start":{"line":62,"column":16},"end":{"line":62,"column":null}},"25":{"start":{"line":63,"column":19},"end":{"line":63,"column":null}},"26":{"start":{"line":64,"column":2},"end":{"line":64,"column":null}},"27":{"start":{"line":67,"column":19},"end":{"line":67,"column":null}},"28":{"start":{"line":68,"column":22},"end":{"line":68,"column":null}},"29":{"start":{"line":70,"column":2},"end":{"line":108,"column":null}},"30":{"start":{"line":71,"column":28},"end":{"line":87,"column":null}},"31":{"start":{"line":89,"column":4},"end":{"line":91,"column":null}},"32":{"start":{"line":90,"column":6},"end":{"line":90,"column":null}},"33":{"start":{"line":93,"column":4},"end":{"line":95,"column":null}},"34":{"start":{"line":94,"column":6},"end":{"line":94,"column":null}},"35":{"start":{"line":97,"column":4},"end":{"line":104,"column":null}},"36":{"start":{"line":97,"column":30},"end":{"line":104,"column":null}},"37":{"start":{"line":106,"column":4},"end":{"line":106,"column":null}},"38":{"start":{"line":107,"column":4},"end":{"line":107,"column":null}},"39":{"start":{"line":115,"column":19},"end":{"line":115,"column":null}},"40":{"start":{"line":117,"column":2},"end":{"line":169,"column":null}},"41":{"start":{"line":119,"column":16},"end":{"line":119,"column":null}},"42":{"start":{"line":120,"column":21},"end":{"line":120,"column":null}},"43":{"start":{"line":121,"column":20},"end":{"line":121,"column":null}},"44":{"start":{"line":124,"column":25},"end":{"line":124,"column":null}},"45":{"start":{"line":126,"column":28},"end":{"line":132,"column":null}},"46":{"start":{"line":134,"column":4},"end":{"line":136,"column":null}},"47":{"start":{"line":135,"column":6},"end":{"line":135,"column":null}},"48":{"start":{"line":138,"column":4},"end":{"line":140,"column":null}},"49":{"start":{"line":139,"column":6},"end":{"line":139,"column":null}},"50":{"start":{"line":143,"column":16},"end":{"line":143,"column":null}},"51":{"start":{"line":146,"column":4},"end":{"line":159,"column":null}},"52":{"start":{"line":147,"column":6},"end":{"line":158,"column":null}},"53":{"start":{"line":148,"column":29},"end":{"line":148,"column":null}},"54":{"start":{"line":151,"column":32},"end":{"line":154,"column":null}},"55":{"start":{"line":157,"column":8},"end":{"line":157,"column":null}},"56":{"start":{"line":161,"column":4},"end":{"line":164,"column":null}},"57":{"start":{"line":166,"column":4},"end":{"line":166,"column":null}},"58":{"start":{"line":167,"column":25},"end":{"line":167,"column":null}},"59":{"start":{"line":168,"column":4},"end":{"line":168,"column":null}},"60":{"start":{"line":176,"column":19},"end":{"line":176,"column":null}},"61":{"start":{"line":178,"column":2},"end":{"line":223,"column":null}},"62":{"start":{"line":180,"column":25},"end":{"line":180,"column":null}},"63":{"start":{"line":182,"column":28},"end":{"line":186,"column":null}},"64":{"start":{"line":188,"column":4},"end":{"line":190,"column":null}},"65":{"start":{"line":189,"column":6},"end":{"line":189,"column":null}},"66":{"start":{"line":192,"column":4},"end":{"line":194,"column":null}},"67":{"start":{"line":193,"column":6},"end":{"line":193,"column":null}},"68":{"start":{"line":197,"column":16},"end":{"line":197,"column":null}},"69":{"start":{"line":200,"column":4},"end":{"line":213,"column":null}},"70":{"start":{"line":201,"column":6},"end":{"line":212,"column":null}},"71":{"start":{"line":202,"column":29},"end":{"line":202,"column":null}},"72":{"start":{"line":205,"column":32},"end":{"line":208,"column":null}},"73":{"start":{"line":211,"column":8},"end":{"line":211,"column":null}},"74":{"start":{"line":215,"column":4},"end":{"line":218,"column":null}},"75":{"start":{"line":220,"column":4},"end":{"line":220,"column":null}},"76":{"start":{"line":221,"column":25},"end":{"line":221,"column":null}},"77":{"start":{"line":222,"column":4},"end":{"line":222,"column":null}},"78":{"start":{"line":230,"column":19},"end":{"line":230,"column":null}},"79":{"start":{"line":232,"column":2},"end":{"line":282,"column":null}},"80":{"start":{"line":234,"column":18},"end":{"line":234,"column":null}},"81":{"start":{"line":235,"column":26},"end":{"line":235,"column":null}},"82":{"start":{"line":238,"column":25},"end":{"line":238,"column":null}},"83":{"start":{"line":240,"column":28},"end":{"line":245,"column":null}},"84":{"start":{"line":247,"column":4},"end":{"line":249,"column":null}},"85":{"start":{"line":248,"column":6},"end":{"line":248,"column":null}},"86":{"start":{"line":251,"column":4},"end":{"line":253,"column":null}},"87":{"start":{"line":252,"column":6},"end":{"line":252,"column":null}},"88":{"start":{"line":256,"column":16},"end":{"line":256,"column":null}},"89":{"start":{"line":259,"column":4},"end":{"line":272,"column":null}},"90":{"start":{"line":260,"column":6},"end":{"line":271,"column":null}},"91":{"start":{"line":261,"column":29},"end":{"line":261,"column":null}},"92":{"start":{"line":264,"column":32},"end":{"line":267,"column":null}},"93":{"start":{"line":270,"column":8},"end":{"line":270,"column":null}},"94":{"start":{"line":274,"column":4},"end":{"line":277,"column":null}},"95":{"start":{"line":279,"column":4},"end":{"line":279,"column":null}},"96":{"start":{"line":280,"column":25},"end":{"line":280,"column":null}},"97":{"start":{"line":281,"column":4},"end":{"line":281,"column":null}},"98":{"start":{"line":289,"column":19},"end":{"line":289,"column":null}},"99":{"start":{"line":291,"column":2},"end":{"line":421,"column":null}},"100":{"start":{"line":293,"column":25},"end":{"line":293,"column":null}},"101":{"start":{"line":297,"column":28},"end":{"line":297,"column":null}},"102":{"start":{"line":299,"column":4},"end":{"line":377,"column":null}},"103":{"start":{"line":301,"column":6},"end":{"line":301,"column":null}},"104":{"start":{"line":304,"column":63},"end":{"line":314,"column":null}},"105":{"start":{"line":316,"column":6},"end":{"line":318,"column":null}},"106":{"start":{"line":317,"column":8},"end":{"line":317,"column":null}},"107":{"start":{"line":321,"column":55},"end":{"line":325,"column":null}},"108":{"start":{"line":327,"column":6},"end":{"line":329,"column":null}},"109":{"start":{"line":328,"column":8},"end":{"line":328,"column":null}},"110":{"start":{"line":332,"column":53},"end":{"line":332,"column":null}},"111":{"start":{"line":334,"column":6},"end":{"line":352,"column":null}},"112":{"start":{"line":335,"column":8},"end":{"line":351,"column":null}},"113":{"start":{"line":336,"column":30},"end":{"line":336,"column":61}},"114":{"start":{"line":339,"column":31},"end":{"line":339,"column":null}},"115":{"start":{"line":340,"column":35},"end":{"line":343,"column":null}},"116":{"start":{"line":346,"column":10},"end":{"line":348,"column":null}},"117":{"start":{"line":347,"column":12},"end":{"line":347,"column":null}},"118":{"start":{"line":350,"column":10},"end":{"line":350,"column":null}},"119":{"start":{"line":355,"column":25},"end":{"line":355,"column":null}},"120":{"start":{"line":356,"column":23},"end":{"line":356,"column":null}},"121":{"start":{"line":358,"column":6},"end":{"line":363,"column":null}},"122":{"start":{"line":359,"column":8},"end":{"line":362,"column":null}},"123":{"start":{"line":360,"column":10},"end":{"line":360,"column":null}},"124":{"start":{"line":361,"column":10},"end":{"line":361,"column":null}},"125":{"start":{"line":366,"column":25},"end":{"line":366,"column":null}},"126":{"start":{"line":366,"column":44},"end":{"line":366,"column":null}},"127":{"start":{"line":368,"column":6},"end":{"line":370,"column":null}},"128":{"start":{"line":369,"column":8},"end":{"line":369,"column":null}},"129":{"start":{"line":372,"column":6},"end":{"line":376,"column":null}},"130":{"start":{"line":380,"column":4},"end":{"line":388,"column":null}},"131":{"start":{"line":381,"column":25},"end":{"line":381,"column":32}},"132":{"start":{"line":383,"column":6},"end":{"line":387,"column":null}},"133":{"start":{"line":390,"column":4},"end":{"line":390,"column":null}},"134":{"start":{"line":393,"column":4},"end":{"line":393,"column":null}},"135":{"start":{"line":396,"column":4},"end":{"line":420,"column":null}},"136":{"start":{"line":397,"column":27},"end":{"line":397,"column":null}},"137":{"start":{"line":399,"column":30},"end":{"line":405,"column":null}},"138":{"start":{"line":407,"column":6},"end":{"line":409,"column":null}},"139":{"start":{"line":408,"column":8},"end":{"line":408,"column":null}},"140":{"start":{"line":411,"column":22},"end":{"line":411,"column":29}},"141":{"start":{"line":413,"column":6},"end":{"line":417,"column":null}},"142":{"start":{"line":419,"column":6},"end":{"line":419,"column":null}},"143":{"start":{"line":428,"column":19},"end":{"line":428,"column":null}},"144":{"start":{"line":429,"column":16},"end":{"line":429,"column":null}},"145":{"start":{"line":432,"column":51},"end":{"line":443,"column":null}},"146":{"start":{"line":445,"column":2},"end":{"line":447,"column":null}},"147":{"start":{"line":446,"column":4},"end":{"line":446,"column":null}},"148":{"start":{"line":450,"column":47},"end":{"line":461,"column":null}},"149":{"start":{"line":463,"column":2},"end":{"line":465,"column":null}},"150":{"start":{"line":464,"column":4},"end":{"line":464,"column":null}},"151":{"start":{"line":468,"column":53},"end":{"line":478,"column":null}},"152":{"start":{"line":480,"column":2},"end":{"line":482,"column":null}},"153":{"start":{"line":481,"column":4},"end":{"line":481,"column":null}},"154":{"start":{"line":485,"column":51},"end":{"line":496,"column":null}},"155":{"start":{"line":498,"column":2},"end":{"line":500,"column":null}},"156":{"start":{"line":499,"column":4},"end":{"line":499,"column":null}},"157":{"start":{"line":503,"column":19},"end":{"line":541,"column":null}},"158":{"start":{"line":504,"column":40},"end":{"line":513,"column":null}},"159":{"start":{"line":514,"column":36},"end":{"line":522,"column":null}},"160":{"start":{"line":523,"column":42},"end":{"line":531,"column":null}},"161":{"start":{"line":532,"column":40},"end":{"line":540,"column":null}},"162":{"start":{"line":544,"column":2},"end":{"line":546,"column":null}},"163":{"start":{"line":545,"column":20},"end":{"line":545,"column":null}},"164":{"start":{"line":551,"column":2},"end":{"line":551,"column":null}},"165":{"start":{"line":551,"column":15},"end":{"line":551,"column":null}},"166":{"start":{"line":553,"column":2},"end":{"line":572,"column":null}},"167":{"start":{"line":555,"column":6},"end":{"line":555,"column":null}},"168":{"start":{"line":557,"column":6},"end":{"line":557,"column":null}},"169":{"start":{"line":559,"column":6},"end":{"line":559,"column":null}},"170":{"start":{"line":561,"column":6},"end":{"line":561,"column":null}},"171":{"start":{"line":563,"column":6},"end":{"line":563,"column":null}},"172":{"start":{"line":565,"column":6},"end":{"line":565,"column":null}},"173":{"start":{"line":567,"column":6},"end":{"line":567,"column":null}},"174":{"start":{"line":569,"column":6},"end":{"line":569,"column":null}},"175":{"start":{"line":571,"column":6},"end":{"line":571,"column":null}}},"fnMap":{"0":{"name":"getOverdueInvoices","decl":{"start":{"line":12,"column":22},"end":{"line":12,"column":40}},"loc":{"start":{"line":12,"column":22},"end":{"line":55,"column":null}}},"1":{"name":"(anonymous_9)","decl":{"start":{"line":43,"column":20},"end":{"line":43,"column":32}},"loc":{"start":{"line":43,"column":32},"end":{"line":50,"column":null}}},"2":{"name":"getExpiringQuotes","decl":{"start":{"line":60,"column":22},"end":{"line":60,"column":39}},"loc":{"start":{"line":60,"column":22},"end":{"line":109,"column":null}}},"3":{"name":"(anonymous_11)","decl":{"start":{"line":97,"column":20},"end":{"line":97,"column":30}},"loc":{"start":{"line":97,"column":30},"end":{"line":104,"column":null}}},"4":{"name":"getTotalSentMTD","decl":{"start":{"line":114,"column":22},"end":{"line":114,"column":37}},"loc":{"start":{"line":114,"column":22},"end":{"line":170,"column":null}}},"5":{"name":"getOutstandingAmount","decl":{"start":{"line":175,"column":22},"end":{"line":175,"column":42}},"loc":{"start":{"line":175,"column":22},"end":{"line":224,"column":null}}},"6":{"name":"getAcceptedQuotes30d","decl":{"start":{"line":229,"column":22},"end":{"line":229,"column":42}},"loc":{"start":{"line":229,"column":22},"end":{"line":283,"column":null}}},"7":{"name":"getTopProduct","decl":{"start":{"line":288,"column":22},"end":{"line":288,"column":35}},"loc":{"start":{"line":288,"column":22},"end":{"line":422,"column":null}}},"8":{"name":"(anonymous_16)","decl":{"start":{"line":366,"column":39},"end":{"line":366,"column":44}},"loc":{"start":{"line":366,"column":44},"end":{"line":366,"column":null}}},"9":{"name":"getRecentlyUpdated","decl":{"start":{"line":427,"column":22},"end":{"line":427,"column":40}},"loc":{"start":{"line":427,"column":22},"end":{"line":547,"column":null}}},"10":{"name":"(anonymous_18)","decl":{"start":{"line":504,"column":28},"end":{"line":504,"column":40}},"loc":{"start":{"line":504,"column":40},"end":{"line":513,"column":null}}},"11":{"name":"(anonymous_19)","decl":{"start":{"line":514,"column":26},"end":{"line":514,"column":36}},"loc":{"start":{"line":514,"column":36},"end":{"line":522,"column":null}}},"12":{"name":"(anonymous_20)","decl":{"start":{"line":523,"column":29},"end":{"line":523,"column":42}},"loc":{"start":{"line":523,"column":42},"end":{"line":531,"column":null}}},"13":{"name":"(anonymous_21)","decl":{"start":{"line":532,"column":28},"end":{"line":532,"column":40}},"loc":{"start":{"line":532,"column":40},"end":{"line":540,"column":null}}},"14":{"name":"(anonymous_22)","decl":{"start":{"line":545,"column":10},"end":{"line":545,"column":11}},"loc":{"start":{"line":545,"column":20},"end":{"line":545,"column":null}}},"15":{"name":"getActionFromStatus","decl":{"start":{"line":550,"column":9},"end":{"line":550,"column":29}},"loc":{"start":{"line":550,"column":64},"end":{"line":573,"column":null}}}},"branchMap":{"0":{"loc":{"start":{"line":35,"column":4},"end":{"line":37,"column":null}},"type":"if","locations":[{"start":{"line":35,"column":4},"end":{"line":37,"column":null}}]},"1":{"loc":{"start":{"line":39,"column":4},"end":{"line":41,"column":null}},"type":"if","locations":[{"start":{"line":39,"column":4},"end":{"line":41,"column":null}}]},"2":{"loc":{"start":{"line":39,"column":8},"end":{"line":39,"column":36}},"type":"binary-expr","locations":[{"start":{"line":39,"column":8},"end":{"line":39,"column":17}},{"start":{"line":39,"column":17},"end":{"line":39,"column":36}}]},"3":{"loc":{"start":{"line":45,"column":16},"end":{"line":45,"column":null}},"type":"binary-expr","locations":[{"start":{"line":45,"column":16},"end":{"line":45,"column":58}},{"start":{"line":45,"column":58},"end":{"line":45,"column":null}}]},"4":{"loc":{"start":{"line":48,"column":28},"end":{"line":48,"column":55}},"type":"binary-expr","locations":[{"start":{"line":48,"column":28},"end":{"line":48,"column":48}},{"start":{"line":48,"column":52},"end":{"line":48,"column":55}}]},"5":{"loc":{"start":{"line":48,"column":55},"end":{"line":48,"column":null}},"type":"binary-expr","locations":[{"start":{"line":48,"column":55},"end":{"line":48,"column":76}},{"start":{"line":48,"column":80},"end":{"line":48,"column":null}}]},"6":{"loc":{"start":{"line":49,"column":14},"end":{"line":49,"column":null}},"type":"binary-expr","locations":[{"start":{"line":49,"column":14},"end":{"line":49,"column":28}},{"start":{"line":49,"column":32},"end":{"line":49,"column":null}}]},"7":{"loc":{"start":{"line":89,"column":4},"end":{"line":91,"column":null}},"type":"if","locations":[{"start":{"line":89,"column":4},"end":{"line":91,"column":null}}]},"8":{"loc":{"start":{"line":93,"column":4},"end":{"line":95,"column":null}},"type":"if","locations":[{"start":{"line":93,"column":4},"end":{"line":95,"column":null}}]},"9":{"loc":{"start":{"line":93,"column":8},"end":{"line":93,"column":36}},"type":"binary-expr","locations":[{"start":{"line":93,"column":8},"end":{"line":93,"column":17}},{"start":{"line":93,"column":17},"end":{"line":93,"column":36}}]},"10":{"loc":{"start":{"line":99,"column":16},"end":{"line":99,"column":null}},"type":"binary-expr","locations":[{"start":{"line":99,"column":16},"end":{"line":99,"column":56}},{"start":{"line":99,"column":56},"end":{"line":99,"column":null}}]},"11":{"loc":{"start":{"line":102,"column":28},"end":{"line":102,"column":53}},"type":"binary-expr","locations":[{"start":{"line":102,"column":28},"end":{"line":102,"column":46}},{"start":{"line":102,"column":50},"end":{"line":102,"column":53}}]},"12":{"loc":{"start":{"line":102,"column":53},"end":{"line":102,"column":null}},"type":"binary-expr","locations":[{"start":{"line":102,"column":53},"end":{"line":102,"column":72}},{"start":{"line":102,"column":76},"end":{"line":102,"column":null}}]},"13":{"loc":{"start":{"line":103,"column":14},"end":{"line":103,"column":null}},"type":"binary-expr","locations":[{"start":{"line":103,"column":14},"end":{"line":103,"column":26}},{"start":{"line":103,"column":30},"end":{"line":103,"column":null}}]},"14":{"loc":{"start":{"line":134,"column":4},"end":{"line":136,"column":null}},"type":"if","locations":[{"start":{"line":134,"column":4},"end":{"line":136,"column":null}}]},"15":{"loc":{"start":{"line":138,"column":4},"end":{"line":140,"column":null}},"type":"if","locations":[{"start":{"line":138,"column":4},"end":{"line":140,"column":null}}]},"16":{"loc":{"start":{"line":138,"column":8},"end":{"line":138,"column":36}},"type":"binary-expr","locations":[{"start":{"line":138,"column":8},"end":{"line":138,"column":17}},{"start":{"line":138,"column":17},"end":{"line":138,"column":36}}]},"17":{"loc":{"start":{"line":147,"column":6},"end":{"line":158,"column":null}},"type":"if","locations":[{"start":{"line":147,"column":6},"end":{"line":158,"column":null}}]},"18":{"loc":{"start":{"line":148,"column":29},"end":{"line":148,"column":null}},"type":"binary-expr","locations":[{"start":{"line":148,"column":29},"end":{"line":148,"column":51}},{"start":{"line":148,"column":68},"end":{"line":148,"column":null}}]},"19":{"loc":{"start":{"line":188,"column":4},"end":{"line":190,"column":null}},"type":"if","locations":[{"start":{"line":188,"column":4},"end":{"line":190,"column":null}}]},"20":{"loc":{"start":{"line":192,"column":4},"end":{"line":194,"column":null}},"type":"if","locations":[{"start":{"line":192,"column":4},"end":{"line":194,"column":null}}]},"21":{"loc":{"start":{"line":192,"column":8},"end":{"line":192,"column":36}},"type":"binary-expr","locations":[{"start":{"line":192,"column":8},"end":{"line":192,"column":17}},{"start":{"line":192,"column":17},"end":{"line":192,"column":36}}]},"22":{"loc":{"start":{"line":201,"column":6},"end":{"line":212,"column":null}},"type":"if","locations":[{"start":{"line":201,"column":6},"end":{"line":212,"column":null}}]},"23":{"loc":{"start":{"line":202,"column":29},"end":{"line":202,"column":null}},"type":"binary-expr","locations":[{"start":{"line":202,"column":29},"end":{"line":202,"column":51}},{"start":{"line":202,"column":68},"end":{"line":202,"column":null}}]},"24":{"loc":{"start":{"line":247,"column":4},"end":{"line":249,"column":null}},"type":"if","locations":[{"start":{"line":247,"column":4},"end":{"line":249,"column":null}}]},"25":{"loc":{"start":{"line":251,"column":4},"end":{"line":253,"column":null}},"type":"if","locations":[{"start":{"line":251,"column":4},"end":{"line":253,"column":null}}]},"26":{"loc":{"start":{"line":251,"column":8},"end":{"line":251,"column":36}},"type":"binary-expr","locations":[{"start":{"line":251,"column":8},"end":{"line":251,"column":17}},{"start":{"line":251,"column":17},"end":{"line":251,"column":36}}]},"27":{"loc":{"start":{"line":260,"column":6},"end":{"line":271,"column":null}},"type":"if","locations":[{"start":{"line":260,"column":6},"end":{"line":271,"column":null}}]},"28":{"loc":{"start":{"line":261,"column":29},"end":{"line":261,"column":null}},"type":"binary-expr","locations":[{"start":{"line":261,"column":29},"end":{"line":261,"column":49}},{"start":{"line":261,"column":66},"end":{"line":261,"column":null}}]},"29":{"loc":{"start":{"line":299,"column":4},"end":{"line":377,"column":null}},"type":"if","locations":[{"start":{"line":299,"column":4},"end":{"line":377,"column":null}}]},"30":{"loc":{"start":{"line":316,"column":6},"end":{"line":318,"column":null}},"type":"if","locations":[{"start":{"line":316,"column":6},"end":{"line":318,"column":null}}]},"31":{"loc":{"start":{"line":316,"column":10},"end":{"line":316,"column":75}},"type":"binary-expr","locations":[{"start":{"line":316,"column":10},"end":{"line":316,"column":31}},{"start":{"line":316,"column":31},"end":{"line":316,"column":48}},{"start":{"line":316,"column":48},"end":{"line":316,"column":75}}]},"32":{"loc":{"start":{"line":327,"column":6},"end":{"line":329,"column":null}},"type":"if","locations":[{"start":{"line":327,"column":6},"end":{"line":329,"column":null}}]},"33":{"loc":{"start":{"line":327,"column":10},"end":{"line":327,"column":63}},"type":"binary-expr","locations":[{"start":{"line":327,"column":10},"end":{"line":327,"column":27}},{"start":{"line":327,"column":27},"end":{"line":327,"column":40}},{"start":{"line":327,"column":40},"end":{"line":327,"column":63}}]},"34":{"loc":{"start":{"line":335,"column":8},"end":{"line":351,"column":null}},"type":"if","locations":[{"start":{"line":335,"column":8},"end":{"line":351,"column":null}}]},"35":{"loc":{"start":{"line":335,"column":12},"end":{"line":335,"column":63}},"type":"binary-expr","locations":[{"start":{"line":335,"column":12},"end":{"line":335,"column":27}},{"start":{"line":335,"column":31},"end":{"line":335,"column":44}},{"start":{"line":335,"column":48},"end":{"line":335,"column":63}}]},"36":{"loc":{"start":{"line":339,"column":31},"end":{"line":339,"column":null}},"type":"binary-expr","locations":[{"start":{"line":339,"column":31},"end":{"line":339,"column":74}},{"start":{"line":339,"column":74},"end":{"line":339,"column":null}}]},"37":{"loc":{"start":{"line":346,"column":10},"end":{"line":348,"column":null}},"type":"if","locations":[{"start":{"line":346,"column":10},"end":{"line":348,"column":null}}]},"38":{"loc":{"start":{"line":359,"column":8},"end":{"line":362,"column":null}},"type":"if","locations":[{"start":{"line":359,"column":8},"end":{"line":362,"column":null}}]},"39":{"loc":{"start":{"line":368,"column":6},"end":{"line":370,"column":null}},"type":"if","locations":[{"start":{"line":368,"column":6},"end":{"line":370,"column":null}}]},"40":{"loc":{"start":{"line":380,"column":4},"end":{"line":388,"column":null}},"type":"if","locations":[{"start":{"line":380,"column":4},"end":{"line":388,"column":null}}]},"41":{"loc":{"start":{"line":380,"column":8},"end":{"line":380,"column":33}},"type":"binary-expr","locations":[{"start":{"line":380,"column":8},"end":{"line":380,"column":16}},{"start":{"line":380,"column":16},"end":{"line":380,"column":33}}]},"42":{"loc":{"start":{"line":407,"column":6},"end":{"line":409,"column":null}},"type":"if","locations":[{"start":{"line":407,"column":6},"end":{"line":409,"column":null}}]},"43":{"loc":{"start":{"line":407,"column":10},"end":{"line":407,"column":47}},"type":"binary-expr","locations":[{"start":{"line":407,"column":10},"end":{"line":407,"column":19}},{"start":{"line":407,"column":19},"end":{"line":407,"column":28}},{"start":{"line":407,"column":28},"end":{"line":407,"column":47}}]},"44":{"loc":{"start":{"line":445,"column":2},"end":{"line":447,"column":null}},"type":"if","locations":[{"start":{"line":445,"column":2},"end":{"line":447,"column":null}}]},"45":{"loc":{"start":{"line":463,"column":2},"end":{"line":465,"column":null}},"type":"if","locations":[{"start":{"line":463,"column":2},"end":{"line":465,"column":null}}]},"46":{"loc":{"start":{"line":480,"column":2},"end":{"line":482,"column":null}},"type":"if","locations":[{"start":{"line":480,"column":2},"end":{"line":482,"column":null}}]},"47":{"loc":{"start":{"line":498,"column":2},"end":{"line":500,"column":null}},"type":"if","locations":[{"start":{"line":498,"column":2},"end":{"line":500,"column":null}}]},"48":{"loc":{"start":{"line":504,"column":8},"end":{"line":504,"column":21}},"type":"binary-expr","locations":[{"start":{"line":504,"column":8},"end":{"line":504,"column":20}},{"start":{"line":504,"column":20},"end":{"line":504,"column":21}}]},"49":{"loc":{"start":{"line":507,"column":24},"end":{"line":507,"column":85}},"type":"binary-expr","locations":[{"start":{"line":507,"column":24},"end":{"line":507,"column":46}},{"start":{"line":507,"column":50},"end":{"line":507,"column":85}}]},"50":{"loc":{"start":{"line":507,"column":93},"end":{"line":507,"column":146}},"type":"binary-expr","locations":[{"start":{"line":507,"column":93},"end":{"line":507,"column":135}},{"start":{"line":507,"column":135},"end":{"line":507,"column":146}}]},"51":{"loc":{"start":{"line":514,"column":8},"end":{"line":514,"column":19}},"type":"binary-expr","locations":[{"start":{"line":514,"column":8},"end":{"line":514,"column":18}},{"start":{"line":514,"column":18},"end":{"line":514,"column":19}}]},"52":{"loc":{"start":{"line":517,"column":22},"end":{"line":517,"column":77}},"type":"binary-expr","locations":[{"start":{"line":517,"column":22},"end":{"line":517,"column":40}},{"start":{"line":517,"column":44},"end":{"line":517,"column":77}}]},"53":{"loc":{"start":{"line":517,"column":85},"end":{"line":517,"column":136}},"type":"binary-expr","locations":[{"start":{"line":517,"column":85},"end":{"line":517,"column":125}},{"start":{"line":517,"column":125},"end":{"line":517,"column":136}}]},"54":{"loc":{"start":{"line":523,"column":8},"end":{"line":523,"column":22}},"type":"binary-expr","locations":[{"start":{"line":523,"column":8},"end":{"line":523,"column":21}},{"start":{"line":523,"column":21},"end":{"line":523,"column":22}}]},"55":{"loc":{"start":{"line":532,"column":8},"end":{"line":532,"column":21}},"type":"binary-expr","locations":[{"start":{"line":532,"column":8},"end":{"line":532,"column":20}},{"start":{"line":532,"column":20},"end":{"line":532,"column":21}}]},"56":{"loc":{"start":{"line":536,"column":14},"end":{"line":536,"column":null}},"type":"cond-expr","locations":[{"start":{"line":536,"column":44},"end":{"line":536,"column":58}},{"start":{"line":536,"column":58},"end":{"line":536,"column":null}}]},"57":{"loc":{"start":{"line":551,"column":2},"end":{"line":551,"column":null}},"type":"if","locations":[{"start":{"line":551,"column":2},"end":{"line":551,"column":null}}]},"58":{"loc":{"start":{"line":553,"column":2},"end":{"line":572,"column":null}},"type":"switch","locations":[{"start":{"line":554,"column":4},"end":{"line":555,"column":null}},{"start":{"line":556,"column":4},"end":{"line":557,"column":null}},{"start":{"line":558,"column":4},"end":{"line":559,"column":null}},{"start":{"line":560,"column":4},"end":{"line":561,"column":null}},{"start":{"line":562,"column":4},"end":{"line":563,"column":null}},{"start":{"line":564,"column":4},"end":{"line":565,"column":null}},{"start":{"line":566,"column":4},"end":{"line":567,"column":null}},{"start":{"line":568,"column":4},"end":{"line":569,"column":null}},{"start":{"line":570,"column":4},"end":{"line":571,"column":null}}]}},"s":{"0":0,"1":0,"2":0,"3":0,"4":0,"5":0,"6":0,"7":0,"8":0,"9":0,"10":0,"11":0,"12":0,"13":0,"14":0,"15":0,"16":0,"17":0,"18":0,"19":0,"20":0,"21":0,"22":0,"23":0,"24":0,"25":0,"26":0,"27":0,"28":0,"29":0,"30":0,"31":0,"32":0,"33":0,"34":0,"35":0,"36":0,"37":0,"38":0,"39":0,"40":0,"41":0,"42":0,"43":0,"44":0,"45":0,"46":0,"47":0,"48":0,"49":0,"50":0,"51":0,"52":0,"53":0,"54":0,"55":0,"56":0,"57":0,"58":0,"59":0,"60":0,"61":0,"62":0,"63":0,"64":0,"65":0,"66":0,"67":0,"68":0,"69":0,"70":0,"71":0,"72":0,"73":0,"74":0,"75":0,"76":0,"77":0,"78":0,"79":0,"80":0,"81":0,"82":0,"83":0,"84":0,"85":0,"86":0,"87":0,"88":0,"89":0,"90":0,"91":0,"92":0,"93":0,"94":0,"95":0,"96":0,"97":0,"98":0,"99":0,"100":0,"101":0,"102":0,"103":0,"104":0,"105":0,"106":0,"107":0,"108":0,"109":0,"110":0,"111":0,"112":0,"113":0,"114":0,"115":0,"116":0,"117":0,"118":0,"119":0,"120":0,"121":0,"122":0,"123":0,"124":0,"125":0,"126":0,"127":0,"128":0,"129":0,"130":0,"131":0,"132":0,"133":0,"134":0,"135":0,"136":0,"137":0,"138":0,"139":0,"140":0,"141":0,"142":0,"143":0,"144":0,"145":0,"146":0,"147":0,"148":0,"149":0,"150":0,"151":0,"152":0,"153":0,"154":0,"155":0,"156":0,"157":0,"158":0,"159":0,"160":0,"161":0,"162":0,"163":0,"164":0,"165":0,"166":0,"167":0,"168":0,"169":0,"170":0,"171":0,"172":0,"173":0,"174":0,"175":0},"f":{"0":0,"1":0,"2":0,"3":0,"4":0,"5":0,"6":0,"7":0,"8":0,"9":0,"10":0,"11":0,"12":0,"13":0,"14":0,"15":0},"b":{"0":[0],"1":[0],"2":[0,0],"3":[0,0],"4":[0,0],"5":[0,0],"6":[0,0],"7":[0],"8":[0],"9":[0,0],"10":[0,0],"11":[0,0],"12":[0,0],"13":[0,0],"14":[0],"15":[0],"16":[0,0],"17":[0],"18":[0,0],"19":[0],"20":[0],"21":[0,0],"22":[0],"23":[0,0],"24":[0],"25":[0],"26":[0,0],"27":[0],"28":[0,0],"29":[0],"30":[0],"31":[0,0,0],"32":[0],"33":[0,0,0],"34":[0],"35":[0,0,0],"36":[0,0],"37":[0],"38":[0],"39":[0],"40":[0],"41":[0,0],"42":[0],"4
[...]
,"/Users/biobook/Projects/agequant-crm-v3/lib/constants.ts": {"path":"/Users/biobook/Projects/agequant-crm-v3/lib/constants.ts","statementMap":{"0":{"start":{"line":8,"column":13},"end":{"line":8,"column":31}},"1":{"start":{"line":45,"column":13},"end":{"line":45,"column":29}},"2":{"start":{"line":33,"column":13},"end":{"line":33,"column":29}},"3":{"start":{"line":21,"column":13},"end":{"line":21,"column":26}},"4":{"start":{"line":57,"column":13},"end":{"line":57,"column":27}},"5":{"start":{"line":8,"column":34},"end":{"line":11,"column":null}},"6":{"start":{"line":21,"column":29},"end":{"line":23,"column":null}},"7":{"start":{"line":33,"column":32},"end":{"line":35,"column":null}},"8":{"start":{"line":45,"column":32},"end":{"line":47,"column":null}},"9":{"start":{"line":57,"column":30},"end":{"line":59,"column":null}}},"fnMap":{},"branchMap":{},"s":{"0":12,"1":1,"2":0,"3":0,"4":1,"5":2,"6":2,"7":2,"8":2,"9":2},"f":{},"b":{}}
,"/Users/biobook/Projects/agequant-crm-v3/lib/utils.ts": {"path":"/Users/biobook/Projects/agequant-crm-v3/lib/utils.ts","statementMap":{"0":{"start":{"line":5,"column":16},"end":{"line":5,"column":18}},"1":{"start":{"line":15,"column":16},"end":{"line":15,"column":33}},"2":{"start":{"line":1,"column":38},"end":{"line":1,"column":null}},"3":{"start":{"line":2,"column":24},"end":{"line":2,"column":null}},"4":{"start":{"line":6,"column":2},"end":{"line":6,"column":null}},"5":{"start":{"line":16,"column":53},"end":{"line":28,"column":null}},"6":{"start":{"line":30,"column":2},"end":{"line":30,"column":null}}},"fnMap":{"0":{"name":"cn","decl":{"start":{"line":5,"column":16},"end":{"line":5,"column":18}},"loc":{"start":{"line":5,"column":42},"end":{"line":7,"column":null}}},"1":{"name":"getCurrencySymbol","decl":{"start":{"line":15,"column":16},"end":{"line":15,"column":33}},"loc":{"start":{"line":15,"column":52},"end":{"line":31,"column":null}}}},"branchMap":{"0":{"loc":{"start":{"line":30,"column":9},"end":{"line":30,"column":null}},"type":"binary-expr","locations":[{"start":{"line":30,"column":9},"end":{"line":30,"column":26}},{"start":{"line":30,"column":30},"end":{"line":30,"column":null}}]}},"s":{"0":571,"1":6,"2":4,"3":4,"4":571,"5":6,"6":6},"f":{"0":571,"1":6},"b":{"0":[6,1]}}
,"/Users/biobook/Projects/agequant-crm-v3/lib/schemas/financial-documents.ts": {"path":"/Users/biobook/Projects/agequant-crm-v3/lib/schemas/financial-documents.ts","statementMap":{"0":{"start":{"line":63,"column":13},"end":{"line":63,"column":30}},"1":{"start":{"line":13,"column":13},"end":{"line":13,"column":27}},"2":{"start":{"line":73,"column":13},"end":{"line":73,"column":28}},"3":{"start":{"line":7,"column":18},"end":{"line":7,"column":null}},"4":{"start":{"line":8,"column":69},"end":{"line":8,"column":null}},"5":{"start":{"line":13,"column":30},"end":{"line":31,"column":null}},"6":{"start":{"line":19,"column":14},"end":{"line":19,"column":null}},"7":{"start":{"line":23,"column":14},"end":{"line":23,"column":null}},"8":{"start":{"line":28,"column":13},"end":{"line":28,"column":null}},"9":{"start":{"line":41,"column":27},"end":{"line":58,"column":null}},"10":{"start":{"line":44,"column":71},"end":{"line":44,"column":96}},"11":{"start":{"line":53,"column":14},"end":{"line":53,"column":null}},"12":{"start":{"line":63,"column":33},"end":{"line":68,"column":null}},"13":{"start":{"line":64,"column":67},"end":{"line":64,"column":92}},"14":{"start":{"line":73,"column":31},"end":{"line":82,"column":null}},"15":{"start":{"line":74,"column":73},"end":{"line":74,"column":98}},"16":{"start":{"line":78,"column":14},"end":{"line":78,"column":null}}},"fnMap":{"0":{"name":"(anonymous_4)","decl":{"start":{"line":19,"column":4},"end":{"line":19,"column":5}},"loc":{"start":{"line":19,"column":14},"end":{"line":19,"column":null}}},"1":{"name":"(anonymous_5)","decl":{"start":{"line":23,"column":4},"end":{"line":23,"column":5}},"loc":{"start":{"line":23,"column":14},"end":{"line":23,"column":null}}},"2":{"name":"(anonymous_6)","decl":{"start":{"line":28,"column":4},"end":{"line":28,"column":5}},"loc":{"start":{"line":28,"column":13},"end":{"line":28,"column":null}}},"3":{"name":"(anonymous_7)","decl":{"start":{"line":44,"column":64},"end":{"line":44,"column":71}},"loc":{"start":{"line":44,"column":71},"end":{"line":44,"column":96}}},"4":{"name":"(anonymous_8)","decl":{"start":{"line":53,"column":4},"end":{"line":53,"column":5}},"loc":{"start":{"line":53,"column":14},"end":{"line":53,"column":null}}},"5":{"name":"(anonymous_9)","decl":{"start":{"line":64,"column":60},"end":{"line":64,"column":67}},"loc":{"start":{"line":64,"column":67},"end":{"line":64,"column":92}}},"6":{"name":"(anonymous_10)","decl":{"start":{"line":74,"column":66},"end":{"line":74,"column":73}},"loc":{"start":{"line":74,"column":73},"end":{"line":74,"column":98}}},"7":{"name":"(anonymous_11)","decl":{"start":{"line":78,"column":4},"end":{"line":78,"column":5}},"loc":{"start":{"line":78,"column":14},"end":{"line":78,"column":null}}}},"branchMap":{"0":{"loc":{"start":{"line":19,"column":14},"end":{"line":19,"column":null}},"type":"cond-expr","locations":[{"start":{"line":19,"column":40},"end":{"line":19,"column":60}},{"start":{"line":19,"column":60},"end":{"line":19,"column":null}}]},"1":{"loc":{"start":{"line":23,"column":14},"end":{"line":23,"column":null}},"type":"cond-expr","locations":[{"start":{"line":23,"column":40},"end":{"line":23,"column":58}},{"start":{"line":23,"column":58},"end":{"line":23,"column":null}}]},"2":{"loc":{"start":{"line":28,"column":13},"end":{"line":28,"column":null}},"type":"cond-expr","locations":[{"start":{"line":28,"column":65},"end":{"line":28,"column":78}},{"start":{"line":28,"column":78},"end":{"line":28,"column":null}}]},"3":{"loc":{"start":{"line":28,"column":13},"end":{"line":28,"column":65}},"type":"binary-expr","locations":[{"start":{"line":28,"column":13},"end":{"line":28,"column":28}},{"start":{"line":28,"column":28},"end":{"line":28,"column":44}},{"start":{"line":28,"column":44},"end":{"line":28,"column":65}}]},"4":{"loc":{"start":{"line":28,"column":78},"end":{"line":28,"column":null}},"type":"cond-expr","locations":[{"start":{"line":28,"column":104},"end":{"line":28,"column":122}},{"start":{"line":28,"column":122},"end":{"line":28,"column":null}}]},"5":{"loc":{"start":{"line":53,"column":14},"end":{"line":53,"column":null}},"type":"cond-expr","locations":[{"start":{"line":53,"column":40},"end":{"line":53,"column":58}},{"start":{"line":53,"column":58},"end":{"line":53,"column":null}}]},"6":{"loc":{"start":{"line":78,"column":14},"end":{"line":78,"column":null}},"type":"cond-expr","locations":[{"start":{"line":78,"column":40},"end":{"line":78,"column":58}},{"start":{"line":78,"column":58},"end":{"line":78,"column":null}}]}},"s":{"0":3,"1":0,"2":0,"3":1,"4":1,"5":1,"6":0,"7":0,"8":0,"9":1,"10":1,"11":3,"12":1,"13":1,"14":1,"15":0,"16":0},"f":{"0":0,"1":0,"2":0,"3":1,"4":3,"5":1,"6":0,"7":0},"b":{"0":[0,0],"1":[0,0],"2":[0,0],"3":[0,0,0],"4":[0,0],"5":[1,2],"6":[0,0]}}
,"/Users/biobook/Projects/agequant-crm-v3/lib/supabase/client.ts": {"path":"/Users/biobook/Projects/agequant-crm-v3/lib/supabase/client.ts","statementMap":{"0":{"start":{"line":4,"column":16},"end":{"line":4,"column":null}},"1":{"start":{"line":2,"column":36},"end":{"line":2,"column":null}},"2":{"start":{"line":6,"column":2},"end":{"line":8,"column":null}}},"fnMap":{"0":{"name":"createClient","decl":{"start":{"line":4,"column":16},"end":{"line":4,"column":null}},"loc":{"start":{"line":4,"column":16},"end":{"line":10,"column":null}}}},"branchMap":{},"s":{"0":0,"1":0,"2":0},"f":{"0":0},"b":{}}
,"/Users/biobook/Projects/agequant-crm-v3/lib/supabase/server-client.ts": {"path":"/Users/biobook/Projects/agequant-crm-v3/lib/supabase/server-client.ts","statementMap":{"0":{"start":{"line":10,"column":22},"end":{"line":10,"column":null}},"1":{"start":{"line":1,"column":24},"end":{"line":1,"column":null}},"2":{"start":{"line":2,"column":55},"end":{"line":2,"column":null}},"3":{"start":{"line":11,"column":22},"end":{"line":11,"column":null}},"4":{"start":{"line":13,"column":2},"end":{"line":28,"column":null}},"5":{"start":{"line":19,"column":10},"end":{"line":19,"column":null}},"6":{"start":{"line":22,"column":10},"end":{"line":22,"column":null}},"7":{"start":{"line":25,"column":10},"end":{"line":25,"column":null}}},"fnMap":{"0":{"name":"getServerSupabaseClient","decl":{"start":{"line":10,"column":22},"end":{"line":10,"column":null}},"loc":{"start":{"line":10,"column":22},"end":{"line":30,"column":null}}},"1":{"name":"(anonymous_2)","decl":{"start":{"line":18,"column":8},"end":{"line":18,"column":12}},"loc":{"start":{"line":18,"column":24},"end":{"line":20,"column":null}}},"2":{"name":"(anonymous_3)","decl":{"start":{"line":21,"column":8},"end":{"line":21,"column":12}},"loc":{"start":{"line":21,"column":63},"end":{"line":23,"column":null}}},"3":{"name":"(anonymous_4)","decl":{"start":{"line":24,"column":8},"end":{"line":24,"column":15}},"loc":{"start":{"line":24,"column":51},"end":{"line":26,"column":null}}}},"branchMap":{},"s":{"0":0,"1":0,"2":0,"3":0,"4":0,"5":0,"6":0,"7":0},"f":{"0":0,"1":0,"2":0,"3":0},"b":{}}
,"/Users/biobook/Projects/agequant-crm-v3/lib/utils/error-handler.ts": {"path":"/Users/biobook/Projects/agequant-crm-v3/lib/utils/error-handler.ts","statementMap":{"0":{"start":{"line":42,"column":16},"end":{"line":42,"column":35}},"1":{"start":{"line":25,"column":16},"end":{"line":25,"column":37}},"2":{"start":{"line":76,"column":16},"end":{"line":76,"column":30}},"3":{"start":{"line":91,"column":16},"end":{"line":91,"column":32}},"4":{"start":{"line":7,"column":22},"end":{"line":7,"column":null}},"5":{"start":{"line":26,"column":2},"end":{"line":26,"column":null}},"6":{"start":{"line":28,"column":2},"end":{"line":31,"column":null}},"7":{"start":{"line":47,"column":2},"end":{"line":47,"column":null}},"8":{"start":{"line":50,"column":2},"end":{"line":55,"column":null}},"9":{"start":{"line":51,"column":4},"end":{"line":54,"column":null}},"10":{"start":{"line":57,"column":2},"end":{"line":62,"column":null}},"11":{"start":{"line":58,"column":4},"end":{"line":61,"column":null}},"12":{"start":{"line":65,"column":2},"end":{"line":68,"column":null}},"13":{"start":{"line":77,"column":2},"end":{"line":82,"column":null}},"14":{"start":{"line":92,"column":2},"end":{"line":95,"column":null}}},"fnMap":{"0":{"name":"handleValidationError","decl":{"start":{"line":25,"column":16},"end":{"line":25,"column":37}},"loc":{"start":{"line":25,"column":73},"end":{"line":32,"column":null}}},"1":{"name":"handleDatabaseError","decl":{"start":{"line":42,"column":16},"end":{"line":42,"column":35}},"loc":{"start":{"line":45,"column":20},"end":{"line":69,"column":null}}},"2":{"name":"showErrorToast","decl":{"start":{"line":76,"column":16},"end":{"line":76,"column":30}},"loc":{"start":{"line":76,"column":59},"end":{"line":83,"column":null}}},"3":{"name":"showSuccessToast","decl":{"start":{"line":91,"column":16},"end":{"line":91,"column":32}},"loc":{"start":{"line":91,"column":70},"end":{"line":96,"column":null}}}},"branchMap":{"0":{"loc":{"start":{"line":50,"column":2},"end":{"line":55,"column":null}},"type":"if","locations":[{"start":{"line":50,"column":2},"end":{"line":55,"column":null}}]},"1":{"loc":{"start":{"line":57,"column":2},"end":{"line":62,"column":null}},"type":"if","locations":[{"start":{"line":57,"column":2},"end":{"line":62,"column":null}}]},"2":{"loc":{"start":{"line":66,"column":30},"end":{"line":66,"column":79}},"type":"binary-expr","locations":[{"start":{"line":66,"column":30},"end":{"line":66,"column":43}},{"start":{"line":66,"column":47},"end":{"line":66,"column":79}}]},"3":{"loc":{"start":{"line":78,"column":17},"end":{"line":80,"column":null}},"type":"cond-expr","locations":[{"start":{"line":79,"column":8},"end":{"line":79,"column":null}},{"start":{"line":80,"column":8},"end":{"line":80,"column":null}}]}},"s":{"0":5,"1":2,"2":3,"3":3,"4":2,"5":1,"6":1,"7":4,"8":4,"9":1,"10":3,"11":1,"12":2,"13":2,"14":2},"f":{"0":1,"1":4,"2":2,"3":2},"b":{"0":[1],"1":[1],"2":[2,1],"3":[1,1]}}
,"/Users/biobook/Projects/agequant-crm-v3/lib/utils/financial-document-utils.ts": {"path":"/Users/biobook/Projects/agequant-crm-v3/lib/utils/financial-document-utils.ts","statementMap":{"0":{"start":{"line":59,"column":16},"end":{"line":59,"column":33}},"1":{"start":{"line":69,"column":16},"end":{"line":69,"column":38}},"2":{"start":{"line":21,"column":16},"end":{"line":21,"column":38}},"3":{"start":{"line":87,"column":16},"end":{"line":87,"column":36}},"4":{"start":{"line":34,"column":16},"end":{"line":34,"column":33}},"5":{"start":{"line":48,"column":16},"end":{"line":48,"column":28}},"6":{"start":{"line":109,"column":16},"end":{"line":109,"column":44}},"7":{"start":{"line":134,"column":16},"end":{"line":134,"column":30}},"8":{"start":{"line":149,"column":16},"end":{"line":149,"column":26}},"9":{"start":{"line":163,"column":16},"end":{"line":163,"column":25}},"10":{"start":{"line":25,"column":2},"end":{"line":25,"column":null}},"11":{"start":{"line":35,"column":2},"end":{"line":37,"column":null}},"12":{"start":{"line":36,"column":19},"end":{"line":36,"column":null}},"13":{"start":{"line":49,"column":2},"end":{"line":49,"column":null}},"14":{"start":{"line":60,"column":2},"end":{"line":60,"column":null}},"15":{"start":{"line":70,"column":19},"end":{"line":70,"column":null}},"16":{"start":{"line":71,"column":20},"end":{"line":71,"column":null}},"17":{"start":{"line":72,"column":22},"end":{"line":72,"column":null}},"18":{"start":{"line":74,"column":2},"end":{"line":78,"column":null}},"19":{"start":{"line":88,"column":19},"end":{"line":88,"column":null}},"20":{"start":{"line":89,"column":25},"end":{"line":89,"column":null}},"21":{"start":{"line":90,"column":24},"end":{"line":90,"column":null}},"22":{"start":{"line":91,"column":20},"end":{"line":91,"column":null}},"23":{"start":{"line":92,"column":22},"end":{"line":92,"column":null}},"24":{"start":{"line":94,"column":2},"end":{"line":99,"column":null}},"25":{"start":{"line":110,"column":2},"end":{"line":123,"column":null}},"26":{"start":{"line":111,"column":4},"end":{"line":120,"column":null}},"27":{"start":{"line":112,"column":21},"end":{"line":112,"column":null}},"28":{"start":{"line":113,"column":6},"end":{"line":115,"column":null}},"29":{"start":{"line":114,"column":8},"end":{"line":114,"column":null}},"30":{"start":{"line":116,"column":6},"end":{"line":116,"column":null}},"31":{"start":{"line":118,"column":6},"end":{"line":118,"column":null}},"32":{"start":{"line":119,"column":6},"end":{"line":119,"column":null}},"33":{"start":{"line":121,"column":9},"end":{"line":123,"column":null}},"34":{"start":{"line":122,"column":4},"end":{"line":122,"column":null}},"35":{"start":{"line":124,"column":2},"end":{"line":124,"column":null}},"36":{"start":{"line":135,"column":2},"end":{"line":140,"column":null}},"37":{"start":{"line":150,"column":2},"end":{"line":154,"column":null}},"38":{"start":{"line":164,"column":2},"end":{"line":164,"column":null}}},"fnMap":{"0":{"name":"calculateLineItemTotal","decl":{"start":{"line":21,"column":16},"end":{"line":21,"column":38}},"loc":{"start":{"line":23,"column":19},"end":{"line":26,"column":null}}},"1":{"name":"calculateSubtotal","decl":{"start":{"line":34,"column":16},"end":{"line":34,"column":33}},"loc":{"start":{"line":34,"column":65},"end":{"line":39,"column":null}}},"2":{"name":"(anonymous_13)","decl":{"start":{"line":36,"column":4},"end":{"line":36,"column":5}},"loc":{"start":{"line":36,"column":19},"end":{"line":36,"column":null}}},"3":{"name":"calculateTax","decl":{"start":{"line":48,"column":16},"end":{"line":48,"column":28}},"loc":{"start":{"line":48,"column":66},"end":{"line":50,"column":null}}},"4":{"name":"calculateDiscount","decl":{"start":{"line":59,"column":16},"end":{"line":59,"column":33}},"loc":{"start":{"line":59,"column":76},"end":{"line":61,"column":null}}},"5":{"name":"calculateInvoiceTotals","decl":{"start":{"line":69,"column":16},"end":{"line":69,"column":38}},"loc":{"start":{"line":69,"column":62},"end":{"line":79,"column":null}}},"6":{"name":"calculateQuoteTotals","decl":{"start":{"line":87,"column":16},"end":{"line":87,"column":36}},"loc":{"start":{"line":87,"column":58},"end":{"line":100,"column":null}}},"7":{"name":"extractLineItemsFromFormData","decl":{"start":{"line":109,"column":16},"end":{"line":109,"column":44}},"loc":{"start":{"line":109,"column":74},"end":{"line":125,"column":null}}},"8":{"name":"formatCurrency","decl":{"start":{"line":134,"column":16},"end":{"line":134,"column":30}},"loc":{"start":{"line":134,"column":65},"end":{"line":141,"column":null}}},"9":{"name":"formatDate","decl":{"start":{"line":149,"column":16},"end":{"line":149,"column":26}},"loc":{"start":{"line":149,"column":45},"end":{"line":155,"column":null}}},"10":{"name":"toISODate","decl":{"start":{"line":163,"column":16},"end":{"line":163,"column":25}},"loc":{"start":{"line":163,"column":44},"end":{"line":165,"column":null}}}},"branchMap":{"0":{"loc":{"start":{"line":89,"column":53},"end":{"line":89,"column":null}},"type":"binary-expr","locations":[{"start":{"line":89,"column":53},"end":{"line":89,"column":73}},{"start":{"line":89,"column":77},"end":{"line":89,"column":null}}]},"1":{"loc":{"start":{"line":110,"column":2},"end":{"line":123,"column":null}},"type":"if","locations":[{"start":{"line":110,"column":2},"end":{"line":123,"column":null}},{"start":{"line":121,"column":9},"end":{"line":123,"column":null}}]},"2":{"loc":{"start":{"line":113,"column":6},"end":{"line":115,"column":null}},"type":"if","locations":[{"start":{"line":113,"column":6},"end":{"line":115,"column":null}}]},"3":{"loc":{"start":{"line":121,"column":9},"end":{"line":123,"column":null}},"type":"if","locations":[{"start":{"line":121,"column":9},"end":{"line":123,"column":null}}]}},"s":{"0":0,"1":0,"2":0,"3":0,"4":0,"5":0,"6":3,"7":0,"8":0,"9":0,"10":0,"11":0,"12":0,"13":0,"14":0,"15":0,"16":0,"17":0,"18":0,"19":0,"20":0,"21":0,"22":0,"23":0,"24":0,"25":3,"26":0,"27":0,"28":0,"29":0,"30":0,"31":0,"32":0,"33":3,"34":0,"35":3,"36":0,"37":0,"38":0},"f":{"0":0,"1":0,"2":0,"3":0,"4":0,"5":0,"6":0,"7":3,"8":0,"9":0,"10":0},"b":{"0":[0,0],"1":[0,3],"2":[0],"3":[0]}}
}
