TN:
SF:app/layout.tsx
FN:16,RootLayout
FNF:1
FNH:0
FNDA:0,RootLayout
DA:3,0
DA:4,0
DA:5,0
DA:6,0
DA:8,0
DA:10,0
DA:16,0
LF:7
LH:0
BRF:0
BRH:0
end_of_record
TN:
SF:app/page.tsx
FN:22,Dashboard
FN:52,(anonymous_5)
FN:55,(anonymous_6)
FNF:3
FNH:0
FNDA:0,Dashboard
FNDA:0,(anonymous_5)
FNDA:0,(anonymous_6)
DA:1,0
DA:2,0
DA:3,0
DA:4,0
DA:5,0
DA:6,0
DA:7,0
DA:8,0
DA:17,0
DA:18,0
DA:19,0
DA:20,0
DA:22,0
DA:24,0
DA:25,0
DA:37,0
DA:55,0
DA:56,0
LF:18
LH:0
BRF:0
BRH:0
end_of_record
TN:
SF:app/test-action.ts
FN:5,performTestSupabaseInit
FN:20,(anonymous_2)
FN:23,(anonymous_3)
FN:26,(anonymous_4)
FNF:4
FNH:0
FNDA:0,performTestSupabaseInit
FNDA:0,(anonymous_2)
FNDA:0,(anonymous_3)
FNDA:0,(anonymous_4)
DA:2,0
DA:3,0
DA:5,0
DA:6,0
DA:7,0
DA:9,0
DA:11,0
DA:12,0
DA:15,0
DA:21,0
DA:24,0
DA:27,0
DA:32,0
DA:38,0
DA:40,0
DA:41,0
DA:42,0
LF:17
LH:0
BRDA:40,0,0,0
BRDA:40,0,1,0
BRF:2
BRH:0
end_of_record
TN:
SF:app/api/fx/helper.ts
FN:22,getExchangeRate
FN:89,convertCurrency
FN:108,getBaseCurrency
FNF:3
FNH:3
FNDA:4,getExchangeRate
FNDA:1,convertCurrency
FNDA:2,getBaseCurrency
DA:3,1
DA:10,1
DA:13,1
DA:22,4
DA:24,4
DA:25,1
DA:28,3
DA:31,3
DA:32,3
DA:34,3
DA:35,0
DA:38,3
DA:40,3
DA:41,3
DA:50,3
DA:52,1
DA:56,1
DA:60,2
DA:61,1
DA:62,0
DA:65,1
DA:68,1
DA:73,1
DA:75,1
DA:77,1
DA:89,1
DA:95,1
DA:96,1
DA:99,0
DA:100,0
DA:108,2
DA:109,2
DA:110,2
DA:111,2
DA:116,1
DA:118,1
LF:36
LH:32
BRDA:24,0,0,1
BRDA:34,1,0,0
BRDA:34,2,0,3
BRDA:34,2,1,0
BRDA:50,3,0,1
BRDA:61,4,0,0
BRDA:95,5,0,1
BRDA:116,6,0,1
BRDA:116,6,1,0
BRF:9
BRH:5
end_of_record
TN:
SF:app/api/fx/route.ts
FN:5,isAllowedCurrency
FN:74,(anonymous_3)
FN:90,(anonymous_4)
FN:131,(anonymous_5)
FN:137,(anonymous_6)
FN:160,(anonymous_7)
FN:175,GET
FNF:7
FNH:0
FNDA:0,isAllowedCurrency
FNDA:0,(anonymous_3)
FNDA:0,(anonymous_4)
FNDA:0,(anonymous_5)
FNDA:0,(anonymous_6)
FNDA:0,(anonymous_7)
FNDA:0,GET
DA:1,0
DA:2,0
DA:6,0
DA:8,0
DA:59,0
DA:60,0
DA:66,0
DA:67,0
DA:68,0
DA:69,0
DA:70,0
DA:72,0
DA:73,0
DA:74,0
DA:75,0
DA:76,0
DA:77,0
DA:78,0
DA:81,0
DA:82,0
DA:84,0
DA:85,0
DA:87,0
DA:90,0
DA:93,0
DA:94,0
DA:97,0
DA:101,0
DA:102,0
DA:107,0
DA:108,0
DA:111,0
DA:112,0
DA:114,0
DA:115,0
DA:116,0
DA:117,0
DA:118,0
DA:119,0
DA:120,0
DA:121,0
DA:124,0
DA:125,0
DA:126,0
DA:128,0
DA:131,0
DA:132,0
DA:133,0
DA:134,0
DA:137,0
DA:138,0
DA:139,0
DA:140,0
DA:141,0
DA:142,0
DA:143,0
DA:148,0
DA:149,0
DA:151,0
DA:156,0
DA:160,0
DA:161,0
DA:162,0
DA:167,0
DA:170,0
DA:171,0
DA:175,0
DA:176,0
DA:177,0
DA:178,0
DA:180,0
DA:181,0
DA:184,0
DA:185,0
DA:188,0
DA:189,0
DA:192,0
DA:196,0
DA:197,0
DA:198,0
DA:199,0
DA:201,0
DA:202,0
DA:203,0
DA:204,0
DA:205,0
DA:206,0
DA:208,0
DA:209,0
DA:212,0
DA:213,0
DA:214,0
DA:216,0
DA:217,0
DA:218,0
DA:219,0
DA:222,0
DA:225,0
DA:226,0
LF:99
LH:0
BRDA:6,0,0,0
BRDA:72,1,0,0
BRDA:72,1,1,0
BRDA:72,2,0,0
BRDA:72,2,1,0
BRDA:75,3,0,0
BRDA:75,3,1,0
BRDA:77,4,0,0
BRDA:81,5,0,0
BRDA:84,6,0,0
BRDA:93,7,0,0
BRDA:93,8,0,0
BRDA:93,8,1,0
BRDA:97,9,0,0
BRDA:101,10,0,0
BRDA:107,11,0,0
BRDA:117,12,0,0
BRDA:132,13,0,0
BRDA:140,14,0,0
BRDA:140,15,0,0
BRDA:140,15,1,0
BRDA:148,16,0,0
BRDA:148,16,1,0
BRDA:161,17,0,0
BRDA:161,18,0,0
BRDA:161,18,1,0
BRDA:180,19,0,0
BRDA:180,20,0,0
BRDA:180,20,1,0
BRDA:184,21,0,0
BRDA:184,22,0,0
BRDA:184,22,1,0
BRDA:188,23,0,0
BRDA:196,24,0,0
BRDA:196,24,1,0
BRDA:198,25,0,0
BRDA:198,26,0,0
BRDA:198,26,1,0
BRDA:203,27,0,0
BRDA:203,27,1,0
BRDA:205,28,0,0
BRDA:205,29,0,0
BRDA:205,29,1,0
BRDA:213,30,0,0
BRDA:213,31,0,0
BRDA:213,31,1,0
BRDA:213,31,2,0
BRF:47
BRH:0
end_of_record
TN:
SF:app/api/ids/product_sku/route.ts
FN:10,generateRandomCode
FN:18,GET
FN:25,(anonymous_3)
FN:26,(anonymous_4)
FN:27,(anonymous_5)
FNF:5
FNH:0
FNDA:0,generateRandomCode
FNDA:0,GET
FNDA:0,(anonymous_3)
FNDA:0,(anonymous_4)
FNDA:0,(anonymous_5)
DA:1,0
DA:2,0
DA:3,0
DA:5,0
DA:6,0
DA:7,0
DA:8,0
DA:11,0
DA:12,0
DA:13,0
DA:15,0
DA:18,0
DA:19,0
DA:20,0
DA:25,0
DA:26,0
DA:27,0
DA:32,0
DA:33,0
DA:34,0
DA:36,0
DA:42,0
DA:43,0
DA:44,0
DA:47,0
DA:48,0
DA:53,0
DA:54,0
LF:28
LH:0
BRDA:42,0,0,0
BRDA:47,1,0,0
BRF:2
BRH:0
end_of_record
TN:
SF:app/customers/actions.ts
FN:21,deleteCustomer
FN:74,updateCustomer
FN:139,createCustomer
FNF:3
FNH:0
FNDA:0,deleteCustomer
FNDA:0,updateCustomer
FNDA:0,createCustomer
DA:3,0
DA:4,0
DA:5,0
DA:6,0
DA:7,0
DA:8,0
DA:11,0
DA:21,0
DA:22,0
DA:25,0
DA:29,0
DA:30,0
DA:33,0
DA:36,0
DA:42,0
DA:43,0
DA:46,0
DA:47,0
DA:50,0
DA:55,0
DA:56,0
DA:59,0
DA:62,0
DA:64,0
DA:74,0
DA:79,0
DA:80,0
DA:83,0
DA:86,0
DA:87,0
DA:89,0
DA:90,0
DA:94,0
DA:100,0
DA:101,0
DA:104,0
DA:107,0
DA:117,0
DA:122,0
DA:123,0
DA:127,0
DA:128,0
DA:129,0
DA:130,0
DA:139,0
DA:140,0
DA:143,0
DA:144,0
DA:146,0
DA:147,0
DA:151,0
DA:160,0
DA:164,0
DA:165,0
DA:169,0
DA:170,0
LF:56
LH:0
BRDA:29,0,0,0
BRDA:42,1,0,0
BRDA:42,2,0,0
BRDA:42,2,1,0
BRDA:55,3,0,0
BRDA:79,4,0,0
BRDA:79,5,0,0
BRDA:79,5,1,0
BRDA:89,6,0,0
BRDA:100,7,0,0
BRDA:100,8,0,0
BRDA:100,8,1,0
BRDA:109,9,0,0
BRDA:109,9,1,0
BRDA:110,10,0,0
BRDA:110,10,1,0
BRDA:111,11,0,0
BRDA:111,11,1,0
BRDA:112,12,0,0
BRDA:112,12,1,0
BRDA:113,13,0,0
BRDA:113,13,1,0
BRDA:122,14,0,0
BRDA:146,15,0,0
BRDA:153,16,0,0
BRDA:153,16,1,0
BRDA:154,17,0,0
BRDA:154,17,1,0
BRDA:155,18,0,0
BRDA:155,18,1,0
BRDA:156,19,0,0
BRDA:156,19,1,0
BRDA:157,20,0,0
BRDA:157,20,1,0
BRDA:164,21,0,0
BRF:35
BRH:0
end_of_record
TN:
SF:app/customers/page.tsx
FN:10,CustomersPage
FN:20,(anonymous_2)
FNF:2
FNH:0
FNDA:0,CustomersPage
FNDA:0,(anonymous_2)
DA:2,0
DA:5,0
DA:6,0
DA:10,0
DA:12,0
DA:15,0
DA:21,0
DA:31,0
DA:37,0
DA:38,0
LF:10
LH:0
BRDA:37,0,0,0
BRDA:51,1,0,0
BRDA:51,1,1,0
BRDA:52,2,0,0
BRF:4
BRH:0
end_of_record
TN:
SF:app/customers/[public_customer_id]/page.tsx
FN:14,formatDisplayValue
FN:19,ViewCustomerPage
FN:28,(anonymous_3)
FNF:3
FNH:0
FNDA:0,formatDisplayValue
FNDA:0,ViewCustomerPage
FNDA:0,(anonymous_3)
DA:2,0
DA:3,0
DA:6,0
DA:7,0
DA:15,0
DA:19,0
DA:21,0
DA:23,0
DA:28,0
DA:36,0
DA:42,0
DA:43,0
DA:45,0
DA:48,0
DA:49,0
LF:15
LH:0
BRDA:15,0,0,0
BRDA:15,0,1,0
BRDA:42,1,0,0
BRDA:48,2,0,0
BRDA:62,3,0,0
BRDA:62,3,1,0
BRF:6
BRH:0
end_of_record
TN:
SF:app/customers/[public_customer_id]/edit/page.tsx
FN:23,EditCustomerPage
FN:33,(anonymous_2)
FN:34,(anonymous_3)
FN:35,(anonymous_4)
FNF:4
FNH:0
FNDA:0,EditCustomerPage
FNDA:0,(anonymous_2)
FNDA:0,(anonymous_3)
FNDA:0,(anonymous_4)
DA:2,0
DA:5,0
DA:7,0
DA:8,0
DA:23,0
DA:24,0
DA:26,0
DA:28,0
DA:33,0
DA:34,0
DA:35,0
DA:42,0
DA:48,0
DA:49,0
DA:53,0
DA:54,0
DA:59,0
DA:62,0
LF:18
LH:0
BRDA:48,0,0,0
BRDA:53,1,0,0
BRDA:65,2,0,0
BRDA:65,2,1,0
BRDA:68,3,0,0
BRDA:68,3,1,0
BRF:6
BRH:0
end_of_record
TN:
SF:app/customers/new/page.tsx
FN:7,NewCustomerPage
FNF:1
FNH:0
FNDA:0,NewCustomerPage
DA:3,0
DA:4,0
DA:7,0
LF:3
LH:0
BRF:0
BRH:0
end_of_record
TN:
SF:app/dashboard/actions.ts
FN:12,getOverdueInvoices
FN:43,(anonymous_9)
FN:60,getExpiringQuotes
FN:97,(anonymous_11)
FN:114,getTotalSentMTD
FN:175,getOutstandingAmount
FN:229,getAcceptedQuotes30d
FN:288,getTopProduct
FN:366,(anonymous_16)
FN:427,getRecentlyUpdated
FN:504,(anonymous_18)
FN:514,(anonymous_19)
FN:523,(anonymous_20)
FN:532,(anonymous_21)
FN:545,(anonymous_22)
FN:550,getActionFromStatus
FNF:16
FNH:0
FNDA:0,getOverdueInvoices
FNDA:0,(anonymous_9)
FNDA:0,getExpiringQuotes
FNDA:0,(anonymous_11)
FNDA:0,getTotalSentMTD
FNDA:0,getOutstandingAmount
FNDA:0,getAcceptedQuotes30d
FNDA:0,getTopProduct
FNDA:0,(anonymous_16)
FNDA:0,getRecentlyUpdated
FNDA:0,(anonymous_18)
FNDA:0,(anonymous_19)
FNDA:0,(anonymous_20)
FNDA:0,(anonymous_21)
FNDA:0,(anonymous_22)
FNDA:0,getActionFromStatus
DA:3,0
DA:4,0
DA:5,0
DA:6,0
DA:12,0
DA:13,0
DA:15,0
DA:17,0
DA:18,0
DA:35,0
DA:36,0
DA:39,0
DA:40,0
DA:43,0
DA:52,0
DA:53,0
DA:60,0
DA:61,0
DA:62,0
DA:63,0
DA:64,0
DA:67,0
DA:68,0
DA:70,0
DA:71,0
DA:89,0
DA:90,0
DA:93,0
DA:94,0
DA:97,0
DA:106,0
DA:107,0
DA:114,0
DA:115,0
DA:117,0
DA:119,0
DA:120,0
DA:121,0
DA:124,0
DA:126,0
DA:134,0
DA:135,0
DA:138,0
DA:139,0
DA:143,0
DA:146,0
DA:147,0
DA:148,0
DA:151,0
DA:157,0
DA:161,0
DA:166,0
DA:167,0
DA:168,0
DA:175,0
DA:176,0
DA:178,0
DA:180,0
DA:182,0
DA:188,0
DA:189,0
DA:192,0
DA:193,0
DA:197,0
DA:200,0
DA:201,0
DA:202,0
DA:205,0
DA:211,0
DA:215,0
DA:220,0
DA:221,0
DA:222,0
DA:229,0
DA:230,0
DA:232,0
DA:234,0
DA:235,0
DA:238,0
DA:240,0
DA:247,0
DA:248,0
DA:251,0
DA:252,0
DA:256,0
DA:259,0
DA:260,0
DA:261,0
DA:264,0
DA:270,0
DA:274,0
DA:279,0
DA:280,0
DA:281,0
DA:288,0
DA:289,0
DA:291,0
DA:293,0
DA:297,0
DA:299,0
DA:301,0
DA:304,0
DA:316,0
DA:317,0
DA:321,0
DA:327,0
DA:328,0
DA:332,0
DA:334,0
DA:335,0
DA:336,0
DA:339,0
DA:340,0
DA:346,0
DA:347,0
DA:350,0
DA:355,0
DA:356,0
DA:358,0
DA:359,0
DA:360,0
DA:361,0
DA:366,0
DA:368,0
DA:369,0
DA:372,0
DA:380,0
DA:381,0
DA:383,0
DA:390,0
DA:393,0
DA:396,0
DA:397,0
DA:399,0
DA:407,0
DA:408,0
DA:411,0
DA:413,0
DA:419,0
DA:427,0
DA:428,0
DA:429,0
DA:432,0
DA:445,0
DA:446,0
DA:450,0
DA:463,0
DA:464,0
DA:468,0
DA:480,0
DA:481,0
DA:485,0
DA:498,0
DA:499,0
DA:503,0
DA:504,0
DA:514,0
DA:523,0
DA:532,0
DA:544,0
DA:545,0
DA:551,0
DA:553,0
DA:555,0
DA:557,0
DA:559,0
DA:561,0
DA:563,0
DA:565,0
DA:567,0
DA:569,0
DA:571,0
LF:172
LH:0
BRDA:35,0,0,0
BRDA:39,1,0,0
BRDA:39,2,0,0
BRDA:39,2,1,0
BRDA:45,3,0,0
BRDA:45,3,1,0
BRDA:48,4,0,0
BRDA:48,4,1,0
BRDA:48,5,0,0
BRDA:48,5,1,0
BRDA:49,6,0,0
BRDA:49,6,1,0
BRDA:89,7,0,0
BRDA:93,8,0,0
BRDA:93,9,0,0
BRDA:93,9,1,0
BRDA:99,10,0,0
BRDA:99,10,1,0
BRDA:102,11,0,0
BRDA:102,11,1,0
BRDA:102,12,0,0
BRDA:102,12,1,0
BRDA:103,13,0,0
BRDA:103,13,1,0
BRDA:134,14,0,0
BRDA:138,15,0,0
BRDA:138,16,0,0
BRDA:138,16,1,0
BRDA:147,17,0,0
BRDA:148,18,0,0
BRDA:148,18,1,0
BRDA:188,19,0,0
BRDA:192,20,0,0
BRDA:192,21,0,0
BRDA:192,21,1,0
BRDA:201,22,0,0
BRDA:202,23,0,0
BRDA:202,23,1,0
BRDA:247,24,0,0
BRDA:251,25,0,0
BRDA:251,26,0,0
BRDA:251,26,1,0
BRDA:260,27,0,0
BRDA:261,28,0,0
BRDA:261,28,1,0
BRDA:299,29,0,0
BRDA:316,30,0,0
BRDA:316,31,0,0
BRDA:316,31,1,0
BRDA:316,31,2,0
BRDA:327,32,0,0
BRDA:327,33,0,0
BRDA:327,33,1,0
BRDA:327,33,2,0
BRDA:335,34,0,0
BRDA:335,35,0,0
BRDA:335,35,1,0
BRDA:335,35,2,0
BRDA:339,36,0,0
BRDA:339,36,1,0
BRDA:346,37,0,0
BRDA:359,38,0,0
BRDA:368,39,0,0
BRDA:380,40,0,0
BRDA:380,41,0,0
BRDA:380,41,1,0
BRDA:407,42,0,0
BRDA:407,43,0,0
BRDA:407,43,1,0
BRDA:407,43,2,0
BRDA:445,44,0,0
BRDA:463,45,0,0
BRDA:480,46,0,0
BRDA:498,47,0,0
BRDA:504,48,0,0
BRDA:504,48,1,0
BRDA:507,49,0,0
BRDA:507,49,1,0
BRDA:507,50,0,0
BRDA:507,50,1,0
BRDA:514,51,0,0
BRDA:514,51,1,0
BRDA:517,52,0,0
BRDA:517,52,1,0
BRDA:517,53,0,0
BRDA:517,53,1,0
BRDA:523,54,0,0
BRDA:523,54,1,0
BRDA:532,55,0,0
BRDA:532,55,1,0
BRDA:536,56,0,0
BRDA:536,56,1,0
BRDA:551,57,0,0
BRDA:553,58,0,0
BRDA:553,58,1,0
BRDA:553,58,2,0
BRDA:553,58,3,0
BRDA:553,58,4,0
BRDA:553,58,5,0
BRDA:553,58,6,0
BRDA:553,58,7,0
BRDA:553,58,8,0
BRF:102
BRH:0
end_of_record
TN:
SF:app/dashboard/refresh-action.ts
FN:8,refreshDashboard
FNF:1
FNH:0
FNDA:0,refreshDashboard
DA:3,0
DA:8,0
DA:10,0
DA:12,0
LF:4
LH:0
BRF:0
BRH:0
end_of_record
TN:
SF:app/dashboard/revenue-data.ts
FN:18,getMonthlyRevenue
FNF:1
FNH:0
FNDA:0,getMonthlyRevenue
DA:3,0
DA:4,0
DA:5,0
DA:18,0
DA:19,0
DA:21,0
DA:23,0
DA:26,0
DA:27,0
DA:30,0
DA:31,0
DA:32,0
DA:33,0
DA:34,0
DA:35,0
DA:38,0
DA:46,0
DA:47,0
DA:49,0
DA:54,0
DA:57,0
DA:59,0
DA:64,0
DA:68,0
DA:70,0
DA:71,0
DA:72,0
DA:75,0
DA:81,0
DA:86,0
DA:93,0
DA:96,0
DA:99,0
LF:33
LH:0
BRDA:46,0,0,0
BRDA:57,1,0,0
BRDA:57,2,0,0
BRDA:57,2,1,0
BRDA:71,3,0,0
BRDA:72,4,0,0
BRDA:72,4,1,0
BRF:7
BRH:0
end_of_record
TN:
SF:app/invoices/actions.ts
FN:50,getInvoiceById
FN:82,createInvoice
FN:107,(anonymous_8)
FN:159,updateInvoice
FN:188,(anonymous_10)
FN:240,deleteInvoice
FN:269,updateInvoiceStatus
FNF:7
FNH:4
FNDA:4,getInvoiceById
FNDA:3,createInvoice
FNDA:0,(anonymous_8)
FNDA:0,updateInvoice
FNDA:0,(anonymous_10)
FNDA:3,deleteInvoice
FNDA:3,updateInvoiceStatus
DA:3,1
DA:4,1
DA:5,1
DA:10,1
DA:15,1
DA:20,1
DA:50,4
DA:51,4
DA:53,3
DA:55,3
DA:68,3
DA:69,2
DA:70,2
DA:73,1
DA:82,3
DA:83,3
DA:86,3
DA:88,3
DA:89,3
DA:92,3
DA:98,3
DA:99,3
DA:100,3
DA:104,0
DA:107,0
DA:117,0
DA:134,0
DA:135,0
DA:136,0
DA:137,0
DA:141,0
DA:142,0
DA:145,0
DA:146,0
DA:159,0
DA:160,0
DA:161,0
DA:164,0
DA:167,0
DA:169,0
DA:170,0
DA:173,0
DA:179,0
DA:180,0
DA:181,0
DA:185,0
DA:188,0
DA:198,0
DA:215,0
DA:216,0
DA:217,0
DA:218,0
DA:222,0
DA:223,0
DA:224,0
DA:227,0
DA:228,0
DA:240,3
DA:241,3
DA:242,1
DA:245,2
DA:248,2
DA:253,2
DA:254,1
DA:258,1
DA:259,1
DA:269,3
DA:273,3
DA:274,1
DA:277,2
DA:279,2
DA:284,2
DA:285,1
DA:289,1
DA:290,1
DA:291,1
LF:76
LH:42
BRDA:51,0,0,1
BRDA:68,1,0,2
BRDA:68,2,0,3
BRDA:68,2,1,2
BRDA:99,3,0,3
BRDA:125,4,0,0
BRDA:125,4,1,0
BRDA:134,5,0,0
BRDA:134,6,0,0
BRDA:134,6,1,0
BRDA:134,6,2,0
BRDA:135,7,0,0
BRDA:135,7,1,0
BRDA:135,7,2,0
BRDA:160,8,0,0
BRDA:180,9,0,0
BRDA:207,10,0,0
BRDA:207,10,1,0
BRDA:208,11,0,0
BRDA:208,11,1,0
BRDA:215,12,0,0
BRDA:215,13,0,0
BRDA:215,13,1,0
BRDA:215,13,2,0
BRDA:216,14,0,0
BRDA:216,14,1,0
BRDA:216,14,2,0
BRDA:241,15,0,1
BRDA:253,16,0,1
BRDA:273,17,0,1
BRDA:284,18,0,1
BRF:31
BRH:9
end_of_record
TN:
SF:app/invoices/page.tsx
FN:6,getInvoices
FN:13,(anonymous_2)
FN:34,(anonymous_3)
FN:53,formatCurrency
FN:60,InvoicesPage
FNF:5
FNH:0
FNDA:0,getInvoices
FNDA:0,(anonymous_2)
FNDA:0,(anonymous_3)
FNDA:0,formatCurrency
FNDA:0,InvoicesPage
DA:1,0
DA:2,0
DA:3,0
DA:4,0
DA:7,0
DA:8,0
DA:13,0
DA:18,0
DA:28,0
DA:29,0
DA:30,0
DA:34,0
DA:38,0
DA:40,0
DA:54,0
DA:60,0
DA:61,0
LF:17
LH:0
BRDA:28,0,0,0
BRDA:34,1,0,0
BRDA:34,1,1,0
BRDA:38,2,0,0
BRDA:38,2,1,0
BRDA:38,3,0,0
BRDA:38,3,1,0
BRDA:42,4,0,0
BRDA:42,4,1,0
BRDA:43,5,0,0
BRDA:43,5,1,0
BRDA:70,6,0,0
BRF:12
BRH:0
end_of_record
TN:
SF:app/invoices/[id]/page.tsx
FN:44,formatCurrency
FN:54,generatePaymentInstructions
FN:69,InvoiceViewPage
FN:82,(anonymous_5)
FN:169,(anonymous_6)
FNF:5
FNH:0
FNDA:0,formatCurrency
FNDA:0,generatePaymentInstructions
FNDA:0,InvoiceViewPage
FNDA:0,(anonymous_5)
FNDA:0,(anonymous_6)
DA:1,0
DA:2,0
DA:3,0
DA:4,0
DA:5,0
DA:6,0
DA:7,0
DA:9,0
DA:10,0
DA:11,0
DA:45,0
DA:46,0
DA:49,0
DA:55,0
DA:56,0
DA:57,0
DA:58,0
DA:59,0
DA:60,0
DA:61,0
DA:62,0
DA:63,0
DA:64,0
DA:65,0
DA:69,0
DA:70,0
DA:72,0
DA:73,0
DA:75,0
DA:77,0
DA:78,0
DA:82,0
DA:83,0
DA:84,0
DA:86,0
DA:170,0
LF:36
LH:0
BRDA:44,0,0,0
BRDA:55,1,0,0
BRDA:57,2,0,0
BRDA:58,3,0,0
BRDA:59,4,0,0
BRDA:60,5,0,0
BRDA:61,6,0,0
BRDA:62,7,0,0
BRDA:63,8,0,0
BRDA:64,9,0,0
BRDA:75,10,0,0
BRDA:75,11,0,0
BRDA:75,11,1,0
BRDA:82,12,0,0
BRDA:82,12,1,0
BRDA:82,13,0,0
BRDA:82,13,1,0
BRDA:83,14,0,0
BRDA:83,14,1,0
BRDA:93,15,0,0
BRDA:93,15,1,0
BRDA:104,16,0,0
BRDA:104,16,1,0
BRDA:115,17,0,0
BRDA:115,17,1,0
BRDA:115,18,0,0
BRDA:115,18,1,0
BRDA:121,19,0,0
BRDA:121,19,1,0
BRDA:127,20,0,0
BRDA:127,20,1,0
BRDA:132,21,0,0
BRDA:132,21,1,0
BRDA:136,22,0,0
BRDA:136,22,1,0
BRDA:140,23,0,0
BRDA:140,23,1,0
BRDA:144,24,0,0
BRDA:144,24,1,0
BRDA:144,25,0,0
BRDA:144,25,1,0
BRDA:145,26,0,0
BRDA:145,26,1,0
BRDA:169,27,0,0
BRDA:168,28,0,0
BRDA:168,28,1,0
BRDA:171,29,0,0
BRDA:171,29,1,0
BRDA:170,30,0,0
BRDA:170,30,1,0
BRDA:195,31,0,0
BRDA:195,31,1,0
BRDA:208,32,0,0
BRDA:208,32,1,0
BRDA:230,33,0,0
BRDA:230,33,1,0
BRF:56
BRH:0
end_of_record
TN:
SF:app/invoices/[id]/edit/page.tsx
FN:10,InvoiceEditPage
FNF:1
FNH:0
FNDA:0,InvoiceEditPage
DA:1,0
DA:2,0
DA:3,0
DA:4,0
DA:5,0
DA:6,0
DA:7,0
DA:10,0
DA:11,0
DA:12,0
DA:15,0
DA:16,0
DA:17,0
DA:18,0
DA:20,0
DA:21,0
DA:22,0
DA:26,0
DA:33,0
LF:19
LH:0
BRDA:20,0,0,0
BRDA:54,1,0,0
BRDA:54,1,1,0
BRDA:66,2,0,0
BRDA:66,2,1,0
BRDA:69,3,0,0
BRDA:69,3,1,0
BRDA:70,4,0,0
BRDA:70,4,1,0
BRDA:71,5,0,0
BRDA:71,5,1,0
BRF:11
BRH:0
end_of_record
TN:
SF:app/invoices/new/page.tsx
FN:7,NewInvoicePage
FNF:1
FNH:0
FNDA:0,NewInvoicePage
DA:1,0
DA:2,0
DA:3,0
DA:4,0
DA:7,0
DA:9,0
DA:10,0
DA:11,0
DA:12,0
DA:15,0
DA:21,0
DA:22,0
DA:27,0
DA:42,0
DA:43,0
DA:48,0
DA:49,0
DA:55,0
LF:18
LH:0
BRDA:21,0,0,0
BRDA:42,1,0,0
BRDA:50,2,0,0
BRDA:50,2,1,0
BRDA:55,3,0,0
BRDA:55,4,0,0
BRDA:55,4,1,0
BRDA:74,5,0,0
BRDA:74,5,1,0
BRDA:77,6,0,0
BRDA:77,6,1,0
BRDA:78,7,0,0
BRDA:78,7,1,0
BRDA:79,8,0,0
BRDA:79,8,1,0
BRF:15
BRH:0
end_of_record
TN:
SF:app/products/actions.ts
FN:19,createProduct
FN:102,(anonymous_6)
FN:135,(anonymous_7)
FN:167,updateProduct
FN:230,(anonymous_9)
FN:286,(anonymous_10)
FN:319,deleteProduct
FN:369,getProductBySku
FNF:8
FNH:0
FNDA:0,createProduct
FNDA:0,(anonymous_6)
FNDA:0,(anonymous_7)
FNDA:0,updateProduct
FNDA:0,(anonymous_9)
FNDA:0,(anonymous_10)
FNDA:0,deleteProduct
FNDA:0,getProductBySku
DA:3,0
DA:4,0
DA:5,0
DA:6,0
DA:7,0
DA:8,0
DA:11,0
DA:19,0
DA:20,0
DA:22,0
DA:24,0
DA:25,0
DA:26,0
DA:27,0
DA:28,0
DA:29,0
DA:30,0
DA:32,0
DA:33,0
DA:35,0
DA:36,0
DA:39,0
DA:40,0
DA:44,0
DA:47,0
DA:49,0
DA:50,0
DA:51,0
DA:54,0
DA:55,0
DA:56,0
DA:57,0
DA:60,0
DA:61,0
DA:65,0
DA:66,0
DA:70,0
DA:71,0
DA:73,0
DA:78,0
DA:83,0
DA:84,0
DA:88,0
DA:89,0
DA:90,0
DA:94,0
DA:95,0
DA:96,0
DA:100,0
DA:101,0
DA:102,0
DA:105,0
DA:106,0
DA:113,0
DA:123,0
DA:129,0
DA:130,0
DA:134,0
DA:135,0
DA:141,0
DA:145,0
DA:146,0
DA:151,0
DA:152,0
DA:155,0
DA:156,0
DA:167,0
DA:171,0
DA:172,0
DA:175,0
DA:177,0
DA:179,0
DA:181,0
DA:182,0
DA:183,0
DA:184,0
DA:187,0
DA:188,0
DA:189,0
DA:190,0
DA:192,0
DA:193,0
DA:196,0
DA:197,0
DA:200,0
DA:201,0
DA:203,0
DA:207,0
DA:211,0
DA:212,0
DA:216,0
DA:217,0
DA:218,0
DA:222,0
DA:223,0
DA:224,0
DA:228,0
DA:229,0
DA:230,0
DA:233,0
DA:234,0
DA:241,0
DA:247,0
DA:248,0
DA:251,0
DA:254,0
DA:263,0
DA:268,0
DA:269,0
DA:275,0
DA:280,0
DA:281,0
DA:285,0
DA:286,0
DA:292,0
DA:296,0
DA:297,0
DA:302,0
DA:303,0
DA:304,0
DA:305,0
DA:308,0
DA:309,0
DA:319,0
DA:322,0
DA:324,0
DA:325,0
DA:328,0
DA:330,0
DA:332,0
DA:338,0
DA:339,0
DA:343,0
DA:348,0
DA:349,0
DA:353,0
DA:355,0
DA:358,0
DA:359,0
DA:369,0
DA:370,0
DA:372,0
DA:375,0
DA:385,0
DA:386,0
DA:387,0
DA:390,0
LF:147
LH:0
BRDA:11,0,0,0
BRDA:11,0,1,0
BRDA:27,1,0,0
BRDA:30,2,0,0
BRDA:30,2,1,0
BRDA:39,3,0,0
BRDA:49,4,0,0
BRDA:49,4,1,0
BRDA:50,5,0,0
BRDA:55,6,0,0
BRDA:65,7,0,0
BRDA:65,8,0,0
BRDA:65,8,1,0
BRDA:70,9,0,0
BRDA:70,9,1,0
BRDA:83,10,0,0
BRDA:89,11,0,0
BRDA:95,12,0,0
BRDA:100,13,0,0
BRDA:105,14,0,0
BRDA:120,15,0,0
BRDA:120,15,1,0
BRDA:129,16,0,0
BRDA:134,17,0,0
BRDA:145,18,0,0
BRDA:171,19,0,0
BRDA:182,20,0,0
BRDA:182,20,1,0
BRDA:183,21,0,0
BRDA:188,22,0,0
BRDA:196,23,0,0
BRDA:196,24,0,0
BRDA:196,24,1,0
BRDA:200,25,0,0
BRDA:200,25,1,0
BRDA:211,26,0,0
BRDA:217,27,0,0
BRDA:223,28,0,0
BRDA:228,29,0,0
BRDA:233,30,0,0
BRDA:247,31,0,0
BRDA:247,32,0,0
BRDA:247,32,1,0
BRDA:268,33,0,0
BRDA:280,34,0,0
BRDA:285,35,0,0
BRDA:296,36,0,0
BRDA:324,37,0,0
BRDA:338,38,0,0
BRDA:338,39,0,0
BRDA:338,39,1,0
BRDA:348,40,0,0
BRDA:370,41,0,0
BRDA:385,42,0,0
BRDA:385,43,0,0
BRDA:385,43,1,0
BRF:56
BRH:0
end_of_record
TN:
SF:app/products/page.tsx
FN:8,getProducts
FN:15,(anonymous_2)
FN:18,(anonymous_3)
FN:19,(anonymous_4)
FN:39,ProductsPage
FNF:5
FNH:0
FNDA:0,getProducts
FNDA:0,(anonymous_2)
FNDA:0,(anonymous_3)
FNDA:0,(anonymous_4)
FNDA:0,ProductsPage
DA:1,0
DA:2,0
DA:4,0
DA:5,0
DA:9,0
DA:10,0
DA:15,0
DA:18,0
DA:19,0
DA:24,0
DA:30,0
DA:31,0
DA:33,0
DA:35,0
DA:39,0
DA:40,0
LF:16
LH:0
BRDA:30,0,0,0
BRDA:35,1,0,0
BRDA:35,1,1,0
BRF:3
BRH:0
end_of_record
TN:
SF:app/products/[sku]/page.tsx
FN:17,formatDisplayValue
FN:24,formatPrice
FN:30,getProductForView
FN:37,(anonymous_5)
FN:38,(anonymous_6)
FN:39,(anonymous_7)
FN:71,ViewProductPage
FN:144,(anonymous_9)
FNF:8
FNH:0
FNDA:0,formatDisplayValue
FNDA:0,formatPrice
FNDA:0,getProductForView
FNDA:0,(anonymous_5)
FNDA:0,(anonymous_6)
FNDA:0,(anonymous_7)
FNDA:0,ViewProductPage
FNDA:0,(anonymous_9)
DA:1,0
DA:2,0
DA:3,0
DA:5,0
DA:6,0
DA:7,0
DA:8,0
DA:9,0
DA:10,0
DA:18,0
DA:19,0
DA:20,0
DA:25,0
DA:26,0
DA:31,0
DA:32,0
DA:37,0
DA:38,0
DA:39,0
DA:44,0
DA:64,0
DA:65,0
DA:66,0
DA:68,0
DA:71,0
DA:72,0
DA:74,0
DA:75,0
DA:145,0
LF:29
LH:0
BRDA:18,0,0,0
BRDA:18,1,0,0
BRDA:18,1,1,0
BRDA:18,1,2,0
BRDA:19,2,0,0
BRDA:24,3,0,0
BRDA:25,4,0,0
BRDA:25,5,0,0
BRDA:25,5,1,0
BRDA:64,6,0,0
BRDA:74,7,0,0
BRDA:108,8,0,0
BRDA:108,8,1,0
BRDA:111,9,0,0
BRDA:130,10,0,0
BRDA:130,10,1,0
BRF:16
BRH:0
end_of_record
TN:
SF:app/products/[sku]/edit/page.tsx
FN:13,getProductForEdit
FN:20,(anonymous_2)
FN:21,(anonymous_3)
FN:22,(anonymous_4)
FN:59,(anonymous_5)
FN:66,EditProductPage
FNF:6
FNH:0
FNDA:0,getProductForEdit
FNDA:0,(anonymous_2)
FNDA:0,(anonymous_3)
FNDA:0,(anonymous_4)
FNDA:0,(anonymous_5)
FNDA:0,EditProductPage
DA:1,0
DA:2,0
DA:3,0
DA:4,0
DA:5,0
DA:14,0
DA:15,0
DA:20,0
DA:21,0
DA:22,0
DA:27,0
DA:45,0
DA:46,0
DA:47,0
DA:49,0
DA:52,0
DA:59,0
DA:66,0
DA:67,0
DA:69,0
DA:70,0
DA:74,0
LF:22
LH:0
BRDA:45,0,0,0
BRDA:49,1,0,0
BRDA:58,2,0,0
BRDA:58,2,1,0
BRDA:59,3,0,0
BRDA:59,3,1,0
BRDA:69,4,0,0
BRF:7
BRH:0
end_of_record
TN:
SF:app/products/new/page.tsx
FN:5,NewProductPage
FNF:1
FNH:0
FNDA:0,NewProductPage
DA:1,0
DA:2,0
DA:5,0
LF:3
LH:0
BRF:0
BRH:0
end_of_record
TN:
SF:app/quotes/actions.ts
FN:50,getQuoteById
FN:82,createQuote
FN:107,(anonymous_9)
FN:160,updateQuote
FN:189,(anonymous_11)
FN:243,deleteQuote
FN:272,updateQuoteStatus
FN:304,convertQuoteToInvoice
FNF:8
FNH:0
FNDA:0,getQuoteById
FNDA:0,createQuote
FNDA:0,(anonymous_9)
FNDA:0,updateQuote
FNDA:0,(anonymous_11)
FNDA:0,deleteQuote
FNDA:0,updateQuoteStatus
FNDA:0,convertQuoteToInvoice
DA:3,0
DA:4,0
DA:5,0
DA:10,0
DA:15,0
DA:20,0
DA:50,0
DA:51,0
DA:53,0
DA:55,0
DA:68,0
DA:69,0
DA:70,0
DA:73,0
DA:82,0
DA:83,0
DA:86,0
DA:88,0
DA:89,0
DA:92,0
DA:98,0
DA:99,0
DA:100,0
DA:104,0
DA:107,0
DA:117,0
DA:135,0
DA:136,0
DA:137,0
DA:138,0
DA:142,0
DA:143,0
DA:146,0
DA:147,0
DA:160,0
DA:161,0
DA:162,0
DA:165,0
DA:168,0
DA:170,0
DA:171,0
DA:174,0
DA:180,0
DA:181,0
DA:182,0
DA:186,0
DA:189,0
DA:199,0
DA:218,0
DA:219,0
DA:220,0
DA:221,0
DA:225,0
DA:226,0
DA:227,0
DA:230,0
DA:231,0
DA:243,0
DA:244,0
DA:245,0
DA:248,0
DA:251,0
DA:256,0
DA:257,0
DA:261,0
DA:262,0
DA:272,0
DA:276,0
DA:277,0
DA:280,0
DA:282,0
DA:287,0
DA:288,0
DA:292,0
DA:293,0
DA:294,0
DA:304,0
DA:308,0
DA:309,0
DA:312,0
DA:314,0
DA:316,0
DA:321,0
DA:322,0
DA:323,0
DA:324,0
DA:328,0
DA:329,0
DA:330,0
DA:332,0
DA:337,0
DA:338,0
LF:92
LH:0
BRDA:51,0,0,0
BRDA:68,1,0,0
BRDA:68,2,0,0
BRDA:68,2,1,0
BRDA:99,3,0,0
BRDA:124,4,0,0
BRDA:124,4,1,0
BRDA:126,5,0,0
BRDA:126,5,1,0
BRDA:135,6,0,0
BRDA:135,7,0,0
BRDA:135,7,1,0
BRDA:135,7,2,0
BRDA:136,8,0,0
BRDA:136,8,1,0
BRDA:136,8,2,0
BRDA:161,9,0,0
BRDA:181,10,0,0
BRDA:207,11,0,0
BRDA:207,11,1,0
BRDA:209,12,0,0
BRDA:209,12,1,0
BRDA:210,13,0,0
BRDA:210,13,1,0
BRDA:218,14,0,0
BRDA:218,15,0,0
BRDA:218,15,1,0
BRDA:218,15,2,0
BRDA:219,16,0,0
BRDA:219,16,1,0
BRDA:219,16,2,0
BRDA:244,17,0,0
BRDA:256,18,0,0
BRDA:276,19,0,0
BRDA:287,20,0,0
BRDA:308,21,0,0
BRDA:321,22,0,0
BRDA:321,23,0,0
BRDA:321,23,1,0
BRDA:321,23,2,0
BRDA:322,24,0,0
BRDA:322,24,1,0
BRDA:322,24,2,0
BRF:43
BRH:0
end_of_record
TN:
SF:app/quotes/page.tsx
FN:6,getQuotes
FN:13,(anonymous_2)
FN:34,(anonymous_3)
FN:53,formatCurrency
FN:60,QuotesPage
FNF:5
FNH:0
FNDA:0,getQuotes
FNDA:0,(anonymous_2)
FNDA:0,(anonymous_3)
FNDA:0,formatCurrency
FNDA:0,QuotesPage
DA:1,0
DA:2,0
DA:3,0
DA:4,0
DA:7,0
DA:8,0
DA:13,0
DA:18,0
DA:28,0
DA:29,0
DA:30,0
DA:34,0
DA:38,0
DA:40,0
DA:54,0
DA:60,0
DA:61,0
LF:17
LH:0
BRDA:28,0,0,0
BRDA:34,1,0,0
BRDA:34,1,1,0
BRDA:38,2,0,0
BRDA:38,2,1,0
BRDA:38,3,0,0
BRDA:38,3,1,0
BRDA:42,4,0,0
BRDA:42,4,1,0
BRDA:43,5,0,0
BRDA:43,5,1,0
BRDA:70,6,0,0
BRF:12
BRH:0
end_of_record
TN:
SF:app/quotes/[id]/page.tsx
FN:17,formatCurrency
FN:25,QuoteViewPage
FN:35,(anonymous_4)
FN:121,(anonymous_5)
FNF:4
FNH:0
FNDA:0,formatCurrency
FNDA:0,QuoteViewPage
FNDA:0,(anonymous_4)
FNDA:0,(anonymous_5)
DA:1,0
DA:2,0
DA:3,0
DA:4,0
DA:5,0
DA:6,0
DA:7,0
DA:8,0
DA:9,0
DA:10,0
DA:18,0
DA:19,0
DA:21,0
DA:25,0
DA:26,0
DA:27,0
DA:29,0
DA:30,0
DA:31,0
DA:35,0
DA:36,0
DA:37,0
DA:38,0
DA:39,0
DA:122,0
LF:25
LH:0
BRDA:17,0,0,0
BRDA:29,1,0,0
BRDA:35,2,0,0
BRDA:35,2,1,0
BRDA:35,3,0,0
BRDA:35,3,1,0
BRDA:36,4,0,0
BRDA:36,4,1,0
BRDA:38,5,0,0
BRDA:38,5,1,0
BRDA:46,6,0,0
BRDA:46,6,1,0
BRDA:57,7,0,0
BRDA:57,7,1,0
BRDA:68,8,0,0
BRDA:68,8,1,0
BRDA:68,9,0,0
BRDA:68,9,1,0
BRDA:74,10,0,0
BRDA:74,10,1,0
BRDA:78,11,0,0
BRDA:78,11,1,0
BRDA:82,12,0,0
BRDA:82,12,1,0
BRDA:86,13,0,0
BRDA:86,13,1,0
BRDA:90,14,0,0
BRDA:90,14,1,0
BRDA:94,15,0,0
BRDA:94,15,1,0
BRDA:95,16,0,0
BRDA:95,16,1,0
BRDA:96,17,0,0
BRDA:96,17,1,0
BRDA:97,18,0,0
BRDA:97,18,1,0
BRDA:121,19,0,0
BRDA:120,20,0,0
BRDA:120,20,1,0
BRDA:123,21,0,0
BRDA:123,21,1,0
BRDA:123,21,2,0
BRDA:122,22,0,0
BRDA:122,22,1,0
BRDA:147,23,0,0
BRDA:147,23,1,0
BRDA:160,24,0,0
BRDA:160,24,1,0
BRDA:168,25,0,0
BRDA:168,25,1,0
BRF:50
BRH:0
end_of_record
TN:
SF:app/quotes/[id]/edit/page.tsx
FN:10,QuoteEditPage
FNF:1
FNH:0
FNDA:0,QuoteEditPage
DA:1,0
DA:2,0
DA:3,0
DA:4,0
DA:5,0
DA:6,0
DA:7,0
DA:10,0
DA:11,0
DA:12,0
DA:15,0
DA:16,0
DA:17,0
DA:18,0
DA:20,0
DA:21,0
DA:22,0
DA:26,0
DA:33,0
LF:19
LH:0
BRDA:20,0,0,0
BRDA:54,1,0,0
BRDA:54,1,1,0
BRDA:66,2,0,0
BRDA:66,2,1,0
BRDA:69,3,0,0
BRDA:69,3,1,0
BRDA:70,4,0,0
BRDA:70,4,1,0
BRDA:71,5,0,0
BRDA:71,5,1,0
BRDA:72,6,0,0
BRDA:72,6,1,0
BRF:13
BRH:0
end_of_record
TN:
SF:app/quotes/new/page.tsx
FN:7,NewQuotePage
FNF:1
FNH:0
FNDA:0,NewQuotePage
DA:1,0
DA:2,0
DA:3,0
DA:4,0
DA:7,0
DA:9,0
DA:10,0
DA:11,0
DA:12,0
DA:15,0
DA:21,0
DA:22,0
DA:27,0
DA:42,0
DA:43,0
DA:48,0
DA:49,0
DA:55,0
LF:18
LH:0
BRDA:21,0,0,0
BRDA:42,1,0,0
BRDA:50,2,0,0
BRDA:50,2,1,0
BRDA:55,3,0,0
BRDA:55,4,0,0
BRDA:55,4,1,0
BRDA:74,5,0,0
BRDA:74,5,1,0
BRDA:77,6,0,0
BRDA:77,6,1,0
BRDA:78,7,0,0
BRDA:78,7,1,0
BRDA:79,8,0,0
BRDA:79,8,1,0
BRF:15
BRH:0
end_of_record
TN:
SF:app/settings/actions.ts
FNF:0
FNH:0
DA:4,0
DA:5,0
DA:6,0
LF:3
LH:0
BRF:0
BRH:0
end_of_record
TN:
SF:app/settings/app-settings.actions.ts
FN:16,getAppSettings
FN:38,updateAppSettings
FN:124,getSystemBaseCurrency
FN:134,getDefaultTaxPercentage
FN:144,getDefaultQuoteExpiryDays
FN:154,getDefaultInvoicePaymentTermsDays
FNF:6
FNH:0
FNDA:0,getAppSettings
FNDA:0,updateAppSettings
FNDA:0,getSystemBaseCurrency
FNDA:0,getDefaultTaxPercentage
FNDA:0,getDefaultQuoteExpiryDays
FNDA:0,getDefaultInvoicePaymentTermsDays
DA:3,0
DA:4,0
DA:8,0
DA:9,0
DA:16,0
DA:17,0
DA:19,0
DA:24,0
DA:25,0
DA:26,0
DA:29,0
DA:38,0
DA:41,0
DA:44,0
DA:47,0
DA:48,0
DA:50,0
DA:51,0
DA:53,0
DA:54,0
DA:60,0
DA:61,0
DA:62,0
DA:66,0
DA:71,0
DA:72,0
DA:76,0
DA:84,0
DA:86,0
DA:91,0
DA:92,0
DA:96,0
DA:100,0
DA:101,0
DA:106,0
DA:107,0
DA:113,0
DA:114,0
DA:116,0
DA:124,0
DA:125,0
DA:126,0
DA:134,0
DA:135,0
DA:136,0
DA:144,0
DA:145,0
DA:146,0
DA:154,0
DA:155,0
DA:156,0
LF:51
LH:0
BRDA:24,0,0,0
BRDA:47,1,0,0
BRDA:50,2,0,0
BRDA:53,3,0,0
BRDA:61,4,0,0
BRDA:71,5,0,0
BRDA:71,6,0,0
BRDA:71,6,1,0
BRDA:84,7,0,0
BRDA:84,7,1,0
BRDA:91,8,0,0
BRDA:100,9,0,0
BRDA:106,10,0,0
BRDA:106,11,0,0
BRDA:106,11,1,0
BRDA:126,12,0,0
BRDA:126,12,1,0
BRDA:136,13,0,0
BRDA:136,13,1,0
BRDA:146,14,0,0
BRDA:146,14,1,0
BRDA:156,15,0,0
BRDA:156,15,1,0
BRF:23
BRH:0
end_of_record
TN:
SF:app/settings/issuing-entities.actions.ts
FN:20,createIssuingEntity
FN:28,(anonymous_7)
FN:110,(anonymous_8)
FN:157,getIssuingEntities
FN:179,getIssuingEntityById
FN:205,updateIssuingEntity
FN:221,(anonymous_12)
FN:323,(anonymous_13)
FN:369,deleteIssuingEntity
FNF:9
FNH:0
FNDA:0,createIssuingEntity
FNDA:0,(anonymous_7)
FNDA:0,(anonymous_8)
FNDA:0,getIssuingEntities
FNDA:0,getIssuingEntityById
FNDA:0,updateIssuingEntity
FNDA:0,(anonymous_12)
FNDA:0,(anonymous_13)
FNDA:0,deleteIssuingEntity
DA:3,0
DA:4,0
DA:5,0
DA:11,0
DA:12,0
DA:20,0
DA:23,0
DA:26,0
DA:27,0
DA:28,0
DA:29,0
DA:30,0
DA:31,0
DA:33,0
DA:36,0
DA:37,0
DA:38,0
DA:44,0
DA:45,0
DA:46,0
DA:48,0
DA:50,0
DA:51,0
DA:52,0
DA:53,0
DA:58,0
DA:59,0
DA:65,0
DA:66,0
DA:70,0
DA:71,0
DA:76,0
DA:78,0
DA:79,0
DA:81,0
DA:98,0
DA:110,0
DA:111,0
DA:112,0
DA:117,0
DA:120,0
DA:126,0
DA:128,0
DA:129,0
DA:131,0
DA:137,0
DA:138,0
DA:141,0
DA:142,0
DA:144,0
DA:145,0
DA:157,0
DA:158,0
DA:160,0
DA:165,0
DA:166,0
DA:167,0
DA:170,0
DA:179,0
DA:180,0
DA:182,0
DA:184,0
DA:190,0
DA:191,0
DA:192,0
DA:195,0
DA:205,0
DA:209,0
DA:210,0
DA:216,0
DA:219,0
DA:220,0
DA:221,0
DA:222,0
DA:223,0
DA:224,0
DA:226,0
DA:229,0
DA:230,0
DA:231,0
DA:237,0
DA:238,0
DA:239,0
DA:242,0
DA:247,0
DA:249,0
DA:251,0
DA:252,0
DA:253,0
DA:254,0
DA:259,0
DA:260,0
DA:266,0
DA:270,0
DA:273,0
DA:274,0
DA:275,0
DA:279,0
DA:280,0
DA:286,0
DA:287,0
DA:293,0
DA:294,0
DA:311,0
DA:323,0
DA:324,0
DA:325,0
DA:330,0
DA:333,0
DA:340,0
DA:341,0
DA:347,0
DA:348,0
DA:349,0
DA:352,0
DA:353,0
DA:355,0
DA:356,0
DA:369,0
DA:370,0
DA:371,0
DA:377,0
DA:380,0
DA:386,0
DA:387,0
DA:391,0
DA:396,0
DA:397,0
DA:398,0
DA:404,0
DA:405,0
DA:409,0
DA:410,0
DA:411,0
DA:412,0
DA:416,0
DA:417,0
DA:420,0
DA:421,0
DA:426,0
DA:427,0
LF:141
LH:0
BRDA:29,0,0,0
BRDA:29,0,1,0
BRDA:30,1,0,0
BRDA:30,1,1,0
BRDA:30,2,0,0
BRDA:30,2,1,0
BRDA:30,2,2,0
BRDA:31,3,0,0
BRDA:33,4,0,0
BRDA:33,5,0,0
BRDA:33,5,1,0
BRDA:37,6,0,0
BRDA:50,7,0,0
BRDA:58,8,0,0
BRDA:70,9,0,0
BRDA:76,10,0,0
BRDA:78,11,0,0
BRDA:100,12,0,0
BRDA:100,12,1,0
BRDA:101,13,0,0
BRDA:101,13,1,0
BRDA:102,14,0,0
BRDA:102,14,1,0
BRDA:103,15,0,0
BRDA:103,15,1,0
BRDA:104,16,0,0
BRDA:104,16,1,0
BRDA:106,17,0,0
BRDA:106,17,1,0
BRDA:111,18,0,0
BRDA:117,19,0,0
BRDA:117,19,1,0
BRDA:126,20,0,0
BRDA:128,21,0,0
BRDA:138,22,0,0
BRDA:138,22,1,0
BRDA:141,23,0,0
BRDA:144,24,0,0
BRDA:144,24,1,0
BRDA:165,25,0,0
BRDA:170,26,0,0
BRDA:170,26,1,0
BRDA:180,27,0,0
BRDA:190,28,0,0
BRDA:209,29,0,0
BRDA:222,30,0,0
BRDA:222,30,1,0
BRDA:223,31,0,0
BRDA:223,31,1,0
BRDA:223,32,0,0
BRDA:223,32,1,0
BRDA:223,32,2,0
BRDA:224,33,0,0
BRDA:226,34,0,0
BRDA:226,35,0,0
BRDA:226,35,1,0
BRDA:230,36,0,0
BRDA:251,37,0,0
BRDA:259,38,0,0
BRDA:273,39,0,0
BRDA:273,40,0,0
BRDA:273,40,1,0
BRDA:275,41,0,0
BRDA:275,41,1,0
BRDA:279,42,0,0
BRDA:279,43,0,0
BRDA:279,43,1,0
BRDA:286,44,0,0
BRDA:293,45,0,0
BRDA:313,46,0,0
BRDA:313,46,1,0
BRDA:314,47,0,0
BRDA:314,47,1,0
BRDA:315,48,0,0
BRDA:315,48,1,0
BRDA:316,49,0,0
BRDA:316,49,1,0
BRDA:317,50,0,0
BRDA:317,50,1,0
BRDA:319,51,0,0
BRDA:319,51,1,0
BRDA:324,52,0,0
BRDA:330,53,0,0
BRDA:330,53,1,0
BRDA:340,54,0,0
BRDA:349,55,0,0
BRDA:349,55,1,0
BRDA:352,56,0,0
BRDA:352,57,0,0
BRDA:352,57,1,0
BRDA:352,57,2,0
BRDA:352,57,3,0
BRDA:355,58,0,0
BRDA:355,58,1,0
BRDA:370,59,0,0
BRDA:386,60,0,0
BRDA:386,61,0,0
BRDA:386,61,1,0
BRDA:396,62,0,0
BRDA:397,63,0,0
BRDA:409,64,0,0
BRDA:412,65,0,0
BRDA:412,65,1,0
BRDA:416,66,0,0
BRDA:420,67,0,0
BRDA:420,67,1,0
BRF:106
BRH:0
end_of_record
TN:
SF:app/settings/page.tsx
FN:6,SettingsPage
FNF:1
FNH:0
FNDA:0,SettingsPage
DA:1,0
DA:2,0
DA:3,0
DA:4,0
DA:6,0
LF:5
LH:0
BRF:0
BRH:0
end_of_record
TN:
SF:app/settings/payment-sources.actions.ts
FN:18,createPaymentSource
FN:25,(anonymous_7)
FN:87,getPaymentSources
FN:111,getPaymentSourceById
FN:136,updatePaymentSource
FN:151,(anonymous_11)
FN:215,deletePaymentSource
FNF:7
FNH:0
FNDA:0,createPaymentSource
FNDA:0,(anonymous_7)
FNDA:0,getPaymentSources
FNDA:0,getPaymentSourceById
FNDA:0,updatePaymentSource
FNDA:0,(anonymous_11)
FNDA:0,deletePaymentSource
DA:3,0
DA:4,0
DA:9,0
DA:10,0
DA:18,0
DA:21,0
DA:24,0
DA:25,0
DA:26,0
DA:30,0
DA:31,0
DA:32,0
DA:38,0
DA:39,0
DA:41,0
DA:42,0
DA:48,0
DA:49,0
DA:57,0
DA:63,0
DA:64,0
DA:70,0
DA:71,0
DA:73,0
DA:74,0
DA:87,0
DA:88,0
DA:90,0
DA:91,0
DA:92,0
DA:94,0
DA:96,0
DA:97,0
DA:98,0
DA:99,0
DA:102,0
DA:111,0
DA:112,0
DA:114,0
DA:115,0
DA:121,0
DA:122,0
DA:123,0
DA:126,0
DA:136,0
DA:140,0
DA:141,0
DA:147,0
DA:150,0
DA:151,0
DA:152,0
DA:156,0
DA:157,0
DA:158,0
DA:164,0
DA:165,0
DA:167,0
DA:168,0
DA:175,0
DA:176,0
DA:184,0
DA:191,0
DA:192,0
DA:198,0
DA:199,0
DA:201,0
DA:202,0
DA:215,0
DA:216,0
DA:217,0
DA:223,0
DA:224,0
DA:229,0
DA:230,0
DA:231,0
DA:234,0
DA:235,0
LF:77
LH:0
BRDA:26,0,0,0
BRDA:26,0,1,0
BRDA:31,1,0,0
BRDA:41,2,0,0
BRDA:48,3,0,0
BRDA:63,4,0,0
BRDA:71,5,0,0
BRDA:71,5,1,0
BRDA:73,6,0,0
BRDA:73,6,1,0
BRDA:91,7,0,0
BRDA:97,8,0,0
BRDA:102,9,0,0
BRDA:102,9,1,0
BRDA:112,10,0,0
BRDA:121,11,0,0
BRDA:140,12,0,0
BRDA:152,13,0,0
BRDA:152,13,1,0
BRDA:157,14,0,0
BRDA:167,15,0,0
BRDA:175,16,0,0
BRDA:191,17,0,0
BRDA:199,18,0,0
BRDA:199,18,1,0
BRDA:201,19,0,0
BRDA:201,19,1,0
BRDA:216,20,0,0
BRDA:229,21,0,0
BRF:29
BRH:0
end_of_record
TN:
SF:app/settings/types.ts
FN:25,(anonymous_5)
FN:29,(anonymous_6)
FN:33,(anonymous_7)
FNF:3
FNH:0
FNDA:0,(anonymous_5)
FNDA:0,(anonymous_6)
FNDA:0,(anonymous_7)
DA:1,0
DA:3,0
DA:22,0
DA:25,0
DA:29,0
DA:33,0
DA:58,0
DA:91,0
LF:8
LH:0
BRDA:25,0,0,0
BRDA:25,0,1,0
BRDA:29,1,0,0
BRDA:29,1,1,0
BRDA:33,2,0,0
BRDA:33,2,1,0
BRF:6
BRH:0
end_of_record
TN:
SF:app/settings/defaults/page.tsx
FN:16,SubmitButton
FN:25,DefaultsSettingsPage
FN:34,(anonymous_5)
FN:35,fetchSettings
FN:44,(anonymous_7)
FN:82,(anonymous_8)
FNF:6
FNH:0
FNDA:0,SubmitButton
FNDA:0,DefaultsSettingsPage
FNDA:0,(anonymous_5)
FNDA:0,fetchSettings
FNDA:0,(anonymous_7)
FNDA:0,(anonymous_8)
DA:3,0
DA:4,0
DA:5,0
DA:6,0
DA:7,0
DA:8,0
DA:9,0
DA:10,0
DA:11,0
DA:12,0
DA:13,0
DA:17,0
DA:25,0
DA:28,0
DA:29,0
DA:32,0
DA:34,0
DA:36,0
DA:37,0
DA:38,0
DA:39,0
DA:41,0
DA:44,0
DA:45,0
DA:46,0
DA:48,0
DA:49,0
DA:55,0
DA:59,0
DA:83,0
DA:175,0
LF:31
LH:0
BRDA:20,0,0,0
BRDA:20,0,1,0
BRDA:45,1,0,0
BRDA:45,1,1,0
BRDA:48,2,0,0
BRDA:55,3,0,0
BRDA:59,4,0,0
BRDA:59,5,0,0
BRDA:59,5,1,0
BRDA:89,6,0,0
BRDA:103,7,0,0
BRDA:103,7,1,0
BRDA:106,8,0,0
BRDA:118,9,0,0
BRDA:118,9,1,0
BRDA:121,10,0,0
BRDA:133,11,0,0
BRDA:133,11,1,0
BRDA:136,12,0,0
BRDA:146,13,0,0
BRDA:146,13,1,0
BRDA:150,14,0,0
BRDA:159,15,0,0
BRDA:159,15,1,0
BRDA:163,16,0,0
BRF:25
BRH:0
end_of_record
TN:
SF:app/settings/entities/issuing-entity-columns.tsx
FN:25,(anonymous_1)
FN:47,(anonymous_4)
FN:66,(anonymous_6)
FN:75,(anonymous_7)
FN:79,(anonymous_8)
FN:87,(anonymous_10)
FN:102,(anonymous_11)
FN:108,(anonymous_12)
FN:112,(anonymous_13)
FN:116,(anonymous_14)
FNF:10
FNH:0
FNDA:0,(anonymous_1)
FNDA:0,(anonymous_4)
FNDA:0,(anonymous_6)
FNDA:0,(anonymous_7)
FNDA:0,(anonymous_8)
FNDA:0,(anonymous_10)
FNDA:0,(anonymous_11)
FNDA:0,(anonymous_12)
FNDA:0,(anonymous_13)
FNDA:0,(anonymous_14)
DA:4,0
DA:5,0
DA:13,0
DA:14,0
DA:25,0
DA:29,0
DA:48,0
DA:67,0
DA:76,0
DA:77,0
DA:80,0
DA:88,0
DA:102,0
DA:108,0
DA:112,0
DA:116,0
LF:16
LH:0
BRDA:42,0,0,0
BRDA:50,1,0,0
BRDA:50,2,0,0
BRDA:50,2,1,0
BRDA:61,3,0,0
BRDA:69,4,0,0
BRDA:69,4,1,0
BRDA:69,5,0,0
BRDA:69,5,1,0
BRDA:77,6,0,0
BRDA:77,6,1,0
BRDA:107,7,0,0
BRF:12
BRH:0
end_of_record
TN:
SF:app/settings/entities/page.tsx
FN:23,EntitiesSettingsPage
FN:37,(anonymous_4)
FN:56,(anonymous_5)
FN:60,(anonymous_6)
FN:61,(anonymous_7)
FN:66,(anonymous_8)
FN:88,(anonymous_9)
FN:92,(anonymous_10)
FN:106,(anonymous_11)
FN:111,(anonymous_12)
FN:116,(anonymous_13)
FN:121,(anonymous_14)
FN:128,(anonymous_15)
FN:171,(anonymous_16)
FN:182,(anonymous_17)
FNF:15
FNH:0
FNDA:0,EntitiesSettingsPage
FNDA:0,(anonymous_4)
FNDA:0,(anonymous_5)
FNDA:0,(anonymous_6)
FNDA:0,(anonymous_7)
FNDA:0,(anonymous_8)
FNDA:0,(anonymous_9)
FNDA:0,(anonymous_10)
FNDA:0,(anonymous_11)
FNDA:0,(anonymous_12)
FNDA:0,(anonymous_13)
FNDA:0,(anonymous_14)
FNDA:0,(anonymous_15)
FNDA:0,(anonymous_16)
FNDA:0,(anonymous_17)
DA:3,0
DA:4,0
DA:6,0
DA:7,0
DA:8,0
DA:9,0
DA:10,0
DA:20,0
DA:21,0
DA:23,0
DA:24,0
DA:25,0
DA:26,0
DA:29,0
DA:30,0
DA:33,0
DA:34,0
DA:37,0
DA:38,0
DA:39,0
DA:40,0
DA:41,0
DA:42,0
DA:44,0
DA:45,0
DA:47,0
DA:49,0
DA:50,0
DA:52,0
DA:56,0
DA:57,0
DA:60,0
DA:61,0
DA:62,0
DA:65,0
DA:66,0
DA:67,0
DA:68,0
DA:69,0
DA:70,0
DA:74,0
DA:75,0
DA:79,0
DA:80,0
DA:81,0
DA:82,0
DA:84,0
DA:88,0
DA:89,0
DA:92,0
DA:93,0
DA:94,0
DA:95,0
DA:96,0
DA:97,0
DA:98,0
DA:100,0
DA:102,0
DA:103,0
DA:106,0
DA:107,0
DA:108,0
DA:111,0
DA:112,0
DA:113,0
DA:116,0
DA:117,0
DA:118,0
DA:121,0
DA:122,0
DA:123,0
DA:128,0
DA:140,0
DA:171,0
DA:182,0
DA:200,0
LF:76
LH:0
BRDA:44,0,0,0
BRDA:44,0,1,0
BRDA:62,1,0,0
BRDA:67,2,0,0
BRDA:67,2,1,0
BRDA:69,3,0,0
BRDA:69,4,0,0
BRDA:69,4,1,0
BRDA:74,5,0,0
BRDA:80,6,0,0
BRDA:80,6,1,0
BRDA:84,7,0,0
BRDA:84,7,1,0
BRDA:93,8,0,0
BRDA:96,9,0,0
BRDA:96,9,1,0
BRDA:100,10,0,0
BRDA:100,10,1,0
BRDA:140,11,0,0
BRDA:140,12,0,0
BRDA:140,12,1,0
BRDA:160,13,0,0
BRDA:164,14,0,0
BRDA:164,14,1,0
BRDA:164,14,2,0
BRDA:171,15,0,0
BRDA:171,15,1,0
BRDA:184,16,0,0
BRDA:184,16,1,0
BRF:29
BRH:0
end_of_record
TN:
SF:app/settings/payment-sources/page.tsx
FN:24,PaymentSourcesSettingsPage
FN:37,(anonymous_4)
FN:57,(anonymous_5)
FN:61,(anonymous_6)
FN:62,(anonymous_7)
FN:66,(anonymous_8)
FN:91,(anonymous_9)
FN:95,(anonymous_10)
FN:109,(anonymous_11)
FN:114,(anonymous_12)
FN:119,(anonymous_13)
FN:124,(anonymous_14)
FN:130,(anonymous_15)
FN:168,(anonymous_16)
FN:178,(anonymous_17)
FNF:15
FNH:0
FNDA:0,PaymentSourcesSettingsPage
FNDA:0,(anonymous_4)
FNDA:0,(anonymous_5)
FNDA:0,(anonymous_6)
FNDA:0,(anonymous_7)
FNDA:0,(anonymous_8)
FNDA:0,(anonymous_9)
FNDA:0,(anonymous_10)
FNDA:0,(anonymous_11)
FNDA:0,(anonymous_12)
FNDA:0,(anonymous_13)
FNDA:0,(anonymous_14)
FNDA:0,(anonymous_15)
FNDA:0,(anonymous_16)
FNDA:0,(anonymous_17)
DA:3,0
DA:4,0
DA:6,0
DA:7,0
DA:8,0
DA:9,0
DA:10,0
DA:20,0
DA:21,0
DA:24,0
DA:25,0
DA:26,0
DA:27,0
DA:30,0
DA:31,0
DA:34,0
DA:35,0
DA:37,0
DA:38,0
DA:39,0
DA:40,0
DA:42,0
DA:43,0
DA:45,0
DA:46,0
DA:48,0
DA:50,0
DA:51,0
DA:53,0
DA:57,0
DA:58,0
DA:61,0
DA:62,0
DA:63,0
DA:65,0
DA:66,0
DA:67,0
DA:68,0
DA:69,0
DA:70,0
DA:73,0
DA:74,0
DA:77,0
DA:78,0
DA:82,0
DA:83,0
DA:84,0
DA:85,0
DA:87,0
DA:91,0
DA:92,0
DA:95,0
DA:96,0
DA:97,0
DA:98,0
DA:99,0
DA:100,0
DA:101,0
DA:103,0
DA:105,0
DA:106,0
DA:109,0
DA:110,0
DA:111,0
DA:114,0
DA:115,0
DA:116,0
DA:119,0
DA:120,0
DA:121,0
DA:124,0
DA:125,0
DA:126,0
DA:130,0
DA:137,0
DA:168,0
DA:178,0
DA:196,0
LF:78
LH:0
BRDA:45,0,0,0
BRDA:45,0,1,0
BRDA:63,1,0,0
BRDA:67,2,0,0
BRDA:67,2,1,0
BRDA:69,3,0,0
BRDA:69,4,0,0
BRDA:69,4,1,0
BRDA:73,5,0,0
BRDA:77,6,0,0
BRDA:77,7,0,0
BRDA:77,7,1,0
BRDA:83,8,0,0
BRDA:83,8,1,0
BRDA:87,9,0,0
BRDA:87,9,1,0
BRDA:96,10,0,0
BRDA:99,11,0,0
BRDA:99,11,1,0
BRDA:103,12,0,0
BRDA:103,12,1,0
BRDA:137,13,0,0
BRDA:137,14,0,0
BRDA:137,14,1,0
BRDA:157,15,0,0
BRDA:161,16,0,0
BRDA:161,16,1,0
BRDA:161,16,2,0
BRDA:168,17,0,0
BRDA:168,17,1,0
BRDA:180,18,0,0
BRDA:180,18,1,0
BRF:32
BRH:0
end_of_record
TN:
SF:app/settings/payment-sources/payment-source-columns.tsx
FN:26,(anonymous_1)
FN:76,(anonymous_9)
FN:80,(anonymous_10)
FN:88,(anonymous_12)
FN:103,(anonymous_13)
FN:109,(anonymous_14)
FN:113,(anonymous_15)
FN:117,(anonymous_16)
FNF:8
FNH:0
FNDA:0,(anonymous_1)
FNDA:0,(anonymous_9)
FNDA:0,(anonymous_10)
FNDA:0,(anonymous_12)
FNDA:0,(anonymous_13)
FNDA:0,(anonymous_14)
FNDA:0,(anonymous_15)
FNDA:0,(anonymous_16)
DA:4,0
DA:5,0
DA:13,0
DA:14,0
DA:26,0
DA:30,0
DA:77,0
DA:78,0
DA:81,0
DA:89,0
DA:103,0
DA:109,0
DA:113,0
DA:117,0
LF:14
LH:0
BRDA:51,0,0,0
BRDA:56,1,0,0
BRDA:61,2,0,0
BRDA:66,3,0,0
BRDA:71,4,0,0
BRDA:78,5,0,0
BRDA:78,5,1,0
BRDA:108,6,0,0
BRF:8
BRH:0
end_of_record
TN:
SF:components/theme-provider.tsx
FN:9,ThemeProvider
FNF:1
FNH:0
FNDA:0,ThemeProvider
DA:3,0
DA:7,0
DA:9,0
LF:3
LH:0
BRF:0
BRH:0
end_of_record
TN:
SF:components/customers/customer-columns.tsx
FN:33,CustomerActionsCell
FN:36,(anonymous_3)
FN:37,(anonymous_4)
FN:65,(anonymous_5)
FN:82,(anonymous_6)
FN:129,(anonymous_7)
FN:133,(anonymous_8)
FN:144,(anonymous_10)
FN:148,(anonymous_11)
FN:159,(anonymous_13)
FN:163,(anonymous_14)
FN:174,(anonymous_15)
FN:178,(anonymous_16)
FN:182,(anonymous_17)
FN:198,(anonymous_19)
FNF:15
FNH:0
FNDA:0,CustomerActionsCell
FNDA:0,(anonymous_3)
FNDA:0,(anonymous_4)
FNDA:0,(anonymous_5)
FNDA:0,(anonymous_6)
FNDA:0,(anonymous_7)
FNDA:0,(anonymous_8)
FNDA:0,(anonymous_10)
FNDA:0,(anonymous_11)
FNDA:0,(anonymous_13)
FNDA:0,(anonymous_14)
FNDA:0,(anonymous_15)
FNDA:0,(anonymous_16)
FNDA:0,(anonymous_17)
FNDA:0,(anonymous_19)
DA:5,0
DA:6,0
DA:7,0
DA:8,0
DA:10,0
DA:18,0
DA:29,0
DA:30,0
DA:34,0
DA:36,0
DA:37,0
DA:38,0
DA:40,0
DA:42,0
DA:43,0
DA:44,0
DA:47,0
DA:65,0
DA:82,0
DA:126,0
DA:133,0
DA:148,0
DA:163,0
DA:174,0
DA:182,0
LF:25
LH:0
BRDA:40,0,0,0
BRDA:40,0,1,0
BRDA:43,1,0,0
BRDA:43,1,1,0
BRDA:65,2,0,0
BRDA:65,2,1,0
BRDA:99,3,0,0
BRDA:99,3,1,0
BRDA:140,4,0,0
BRDA:140,4,1,0
BRDA:174,5,0,0
BRDA:174,5,1,0
BRDA:189,6,0,0
BRDA:189,6,1,0
BRF:14
BRH:0
end_of_record
TN:
SF:components/customers/customer-data-table-client-wrapper.tsx
FN:14,CustomerDataTableClientWrapper
FN:17,(anonymous_2)
FNF:2
FNH:0
FNDA:0,CustomerDataTableClientWrapper
FNDA:0,(anonymous_2)
DA:4,0
DA:6,0
DA:14,0
DA:15,0
DA:17,0
DA:19,0
LF:6
LH:0
BRF:0
BRH:0
end_of_record
TN:
SF:components/customers/customer-form-schema.ts
FNF:0
FNH:0
DA:2,1
DA:3,1
DA:5,10
LF:3
LH:3
BRF:0
BRH:0
end_of_record
TN:
SF:components/customers/customer-form.tsx
FN:32,CustomerForm
FN:49,(anonymous_2)
FN:55,(anonymous_3)
FN:99,(anonymous_4)
FNF:4
FNH:4
FNDA:10,CustomerForm
FNDA:1,(anonymous_2)
FNDA:1,(anonymous_3)
FNDA:110,(anonymous_4)
DA:4,1
DA:5,1
DA:8,1
DA:9,1
DA:10,1
DA:11,1
DA:18,1
DA:25,1
DA:32,5
DA:33,10
DA:35,10
DA:49,10
DA:50,1
DA:99,110
LF:14
LH:14
BRDA:59,0,0,10
BRDA:131,1,0,2
BRDA:131,1,1,8
BRF:3
BRH:3
end_of_record
TN:
SF:components/customers/customer-table-skeleton.tsx
FNF:0
FNH:0
DA:1,0
DA:4,0
LF:2
LH:0
BRF:0
BRH:0
end_of_record
TN:
SF:components/dashboard/dashboard-kpi.tsx
FN:14,DashboardKPI
FNF:1
FNH:1
FNDA:10,DashboardKPI
DA:1,1
DA:4,1
DA:14,5
LF:3
LH:3
BRDA:31,0,0,10
BRF:1
BRH:1
end_of_record
TN:
SF:components/dashboard/dashboard-table.tsx
FN:21,DashboardTable
FN:22,(anonymous_3)
FN:30,(anonymous_4)
FN:49,(anonymous_5)
FN:90,(anonymous_6)
FNF:5
FNH:0
FNDA:0,DashboardTable
FNDA:0,(anonymous_3)
FNDA:0,(anonymous_4)
FNDA:0,(anonymous_5)
FNDA:0,(anonymous_6)
DA:1,0
DA:2,0
DA:4,0
DA:5,0
DA:6,0
DA:7,0
DA:21,0
DA:22,0
DA:23,0
DA:30,0
DA:31,0
DA:33,0
DA:35,0
DA:37,0
DA:39,0
DA:41,0
DA:43,0
DA:45,0
DA:49,0
DA:50,0
DA:61,0
DA:72,0
DA:91,0
LF:23
LH:0
BRDA:31,0,0,0
BRDA:31,0,1,0
BRDA:31,0,2,0
BRDA:31,0,3,0
BRDA:31,0,4,0
BRDA:31,0,5,0
BRDA:31,0,6,0
BRDA:50,1,0,0
BRDA:61,2,0,0
BRDA:80,3,0,0
BRDA:80,3,1,0
BRDA:82,4,0,0
BRDA:82,4,1,0
BRDA:90,5,0,0
BRDA:111,6,0,0
BRDA:111,6,1,0
BRF:16
BRH:0
end_of_record
TN:
SF:components/dashboard/quick-add-buttons.tsx
FN:8,QuickAddButtons
FN:36,(anonymous_2)
FN:41,(anonymous_3)
FNF:3
FNH:0
FNDA:0,QuickAddButtons
FNDA:0,(anonymous_2)
FNDA:0,(anonymous_3)
DA:3,0
DA:4,0
DA:6,0
DA:8,0
DA:9,0
DA:11,0
DA:37,0
DA:41,0
LF:8
LH:0
BRF:0
BRH:0
end_of_record
TN:
SF:components/dashboard/recently-updated.tsx
FN:19,RecentlyUpdated
FN:20,(anonymous_3)
FN:35,(anonymous_4)
FN:50,(anonymous_5)
FN:71,(anonymous_6)
FNF:5
FNH:0
FNDA:0,RecentlyUpdated
FNDA:0,(anonymous_3)
FNDA:0,(anonymous_4)
FNDA:0,(anonymous_5)
FNDA:0,(anonymous_6)
DA:1,0
DA:2,0
DA:3,0
DA:19,0
DA:20,0
DA:21,0
DA:31,0
DA:35,0
DA:36,0
DA:38,0
DA:40,0
DA:42,0
DA:44,0
DA:46,0
DA:50,0
DA:51,0
DA:52,0
DA:61,0
DA:72,0
LF:19
LH:0
BRDA:21,0,0,0
BRDA:36,1,0,0
BRDA:36,1,1,0
BRDA:36,1,2,0
BRDA:36,1,3,0
BRDA:36,1,4,0
BRDA:61,2,0,0
BRDA:61,3,0,0
BRDA:61,3,1,0
BRF:9
BRH:0
end_of_record
TN:
SF:components/dashboard/revenue-chart.tsx
FN:15,RevenueChart
FN:19,(anonymous_2)
FN:38,(anonymous_3)
FN:44,(anonymous_4)
FNF:4
FNH:2
FNDA:4,RevenueChart
FNDA:4,(anonymous_2)
FNDA:0,(anonymous_3)
FNDA:0,(anonymous_4)
DA:3,1
DA:4,1
DA:15,4
DA:16,4
DA:19,4
DA:20,4
DA:23,4
DA:38,0
DA:45,0
LF:9
LH:7
BRDA:15,0,0,3
BRDA:23,1,0,1
BRDA:45,2,0,0
BRDA:45,2,1,0
BRF:4
BRH:2
end_of_record
TN:
SF:components/invoices/invoice-columns.tsx
FN:32,(anonymous_2)
FN:53,(anonymous_4)
FN:55,(anonymous_5)
FN:64,(anonymous_6)
FN:66,(anonymous_7)
FN:75,(anonymous_8)
FN:77,(anonymous_9)
FN:83,(anonymous_10)
FN:87,(anonymous_11)
FN:89,(anonymous_12)
FN:95,(anonymous_13)
FN:99,(anonymous_14)
FN:101,(anonymous_15)
FN:111,(anonymous_17)
FN:113,(anonymous_18)
FN:123,(anonymous_20)
FN:136,(anonymous_21)
FNF:17
FNH:0
FNDA:0,(anonymous_2)
FNDA:0,(anonymous_4)
FNDA:0,(anonymous_5)
FNDA:0,(anonymous_6)
FNDA:0,(anonymous_7)
FNDA:0,(anonymous_8)
FNDA:0,(anonymous_9)
FNDA:0,(anonymous_10)
FNDA:0,(anonymous_11)
FNDA:0,(anonymous_12)
FNDA:0,(anonymous_13)
FNDA:0,(anonymous_14)
FNDA:0,(anonymous_15)
FNDA:0,(anonymous_17)
FNDA:0,(anonymous_18)
FNDA:0,(anonymous_20)
FNDA:0,(anonymous_21)
DA:4,0
DA:5,0
DA:7,0
DA:15,0
DA:17,0
DA:32,0
DA:33,0
DA:41,0
DA:55,0
DA:66,0
DA:77,0
DA:83,0
DA:89,0
DA:95,0
DA:101,0
DA:113,0
DA:124,0
DA:136,0
LF:18
LH:0
BRDA:148,0,0,0
BRF:1
BRH:0
end_of_record
TN:
SF:components/invoices/invoice-form.tsx
FN:63,InvoiceForm
FN:81,(anonymous_2)
FN:82,(anonymous_3)
FN:102,(anonymous_4)
FN:128,(anonymous_5)
FN:137,(anonymous_6)
FN:144,(anonymous_7)
FN:215,(anonymous_8)
FN:241,(anonymous_9)
FN:261,(anonymous_10)
FN:343,(anonymous_11)
FN:378,(anonymous_12)
FNF:12
FNH:0
FNDA:0,InvoiceForm
FNDA:0,(anonymous_2)
FNDA:0,(anonymous_3)
FNDA:0,(anonymous_4)
FNDA:0,(anonymous_5)
FNDA:0,(anonymous_6)
FNDA:0,(anonymous_7)
FNDA:0,(anonymous_8)
FNDA:0,(anonymous_9)
FNDA:0,(anonymous_10)
FNDA:0,(anonymous_11)
FNDA:0,(anonymous_12)
DA:3,0
DA:4,0
DA:5,0
DA:6,0
DA:11,0
DA:12,0
DA:13,0
DA:14,0
DA:15,0
DA:16,0
DA:17,0
DA:25,0
DA:26,0
DA:27,0
DA:28,0
DA:29,0
DA:36,0
DA:37,0
DA:63,0
DA:73,0
DA:74,0
DA:75,0
DA:76,0
DA:81,0
DA:82,0
DA:83,0
DA:87,0
DA:102,0
DA:122,0
DA:125,0
DA:128,0
DA:129,0
DA:131,0
DA:132,0
DA:133,0
DA:137,0
DA:138,0
DA:139,0
DA:140,0
DA:144,0
DA:145,0
DA:147,0
DA:149,0
DA:152,0
DA:153,0
DA:154,0
DA:155,0
DA:156,0
DA:157,0
DA:158,0
DA:160,0
DA:161,0
DA:165,0
DA:168,0
DA:170,0
DA:173,0
DA:176,0
DA:177,0
DA:182,0
DA:188,0
DA:189,0
DA:194,0
DA:215,0
DA:241,0
DA:262,0
DA:343,0
DA:378,0
LF:67
LH:0
BRDA:77,0,0,0
BRDA:77,0,1,0
BRDA:83,1,0,0
BRDA:83,1,1,0
BRDA:90,2,0,0
BRDA:90,2,1,0
BRDA:91,3,0,0
BRDA:91,3,1,0
BRDA:92,4,0,0
BRDA:92,4,1,0
BRDA:95,5,0,0
BRDA:95,5,1,0
BRDA:98,6,0,0
BRDA:98,6,1,0
BRDA:99,7,0,0
BRDA:99,7,1,0
BRDA:100,8,0,0
BRDA:100,8,1,0
BRDA:101,9,0,0
BRDA:101,9,1,0
BRDA:102,10,0,0
BRDA:102,10,1,0
BRDA:160,11,0,0
BRDA:168,12,0,0
BRDA:168,12,1,0
BRDA:176,13,0,0
BRDA:205,14,0,0
BRDA:205,14,1,0
BRDA:219,15,0,0
BRDA:232,16,0,0
BRDA:245,17,0,0
BRDA:268,18,0,0
BRDA:284,19,0,0
BRDA:297,20,0,0
BRDA:313,21,0,0
BRDA:328,22,0,0
BRDA:348,23,0,0
BRDA:384,24,0,0
BRDA:384,24,1,0
BRDA:384,25,0,0
BRDA:384,25,1,0
BRF:41
BRH:0
end_of_record
TN:
SF:components/invoices/invoice-table-skeleton.tsx
FNF:0
FNH:0
DA:1,0
DA:4,0
LF:2
LH:0
BRF:0
BRH:0
end_of_record
TN:
SF:components/layout/action-buttons.tsx
FN:28,ActionButtons
FN:33,(anonymous_3)
FN:57,(anonymous_4)
FN:72,(anonymous_5)
FN:81,(anonymous_6)
FN:82,(anonymous_7)
FNF:6
FNH:0
FNDA:0,ActionButtons
FNDA:0,(anonymous_3)
FNDA:0,(anonymous_4)
FNDA:0,(anonymous_5)
FNDA:0,(anonymous_6)
FNDA:0,(anonymous_7)
DA:3,0
DA:5,0
DA:9,0
DA:20,0
DA:28,0
DA:29,0
DA:30,0
DA:33,0
DA:34,0
DA:36,0
DA:38,0
DA:41,0
DA:42,0
DA:46,0
DA:47,0
DA:48,0
DA:49,0
DA:50,0
DA:56,0
DA:57,0
DA:58,0
DA:59,0
DA:60,0
DA:61,0
DA:65,0
DA:67,0
DA:72,0
DA:80,0
DA:81,0
DA:82,0
DA:83,0
DA:84,0
DA:85,0
DA:86,0
DA:87,0
DA:89,0
DA:133,0
DA:134,0
DA:139,0
DA:140,0
DA:141,0
LF:41
LH:0
BRDA:28,0,0,0
BRDA:36,1,0,0
BRDA:36,1,1,0
BRDA:36,2,0,0
BRDA:36,2,1,0
BRDA:41,3,0,0
BRDA:46,4,0,0
BRDA:46,4,1,0
BRDA:46,4,2,0
BRDA:46,4,3,0
BRDA:48,5,0,0
BRDA:48,5,1,0
BRDA:49,6,0,0
BRDA:49,6,1,0
BRDA:56,7,0,0
BRDA:56,8,0,0
BRDA:56,8,1,0
BRDA:56,8,2,0
BRDA:58,9,0,0
BRDA:59,10,0,0
BRDA:60,11,0,0
BRDA:61,12,0,0
BRDA:67,13,0,0
BRDA:80,14,0,0
BRDA:80,15,0,0
BRDA:80,15,1,0
BRDA:86,16,0,0
BRDA:86,16,1,0
BRDA:122,17,0,0
BRDA:122,17,1,0
BRDA:133,18,0,0
BRDA:133,19,0,0
BRDA:133,19,1,0
BRDA:141,20,0,0
BRDA:141,20,1,0
BRDA:147,21,0,0
BRDA:147,21,1,0
BRDA:154,22,0,0
BRDA:161,23,0,0
BRDA:168,24,0,0
BRDA:168,24,1,0
BRF:41
BRH:0
end_of_record
TN:
SF:components/layout/app-layout.tsx
FN:11,AppLayout
FN:56,(anonymous_2)
FN:58,(anonymous_3)
FNF:3
FNH:0
FNDA:0,AppLayout
FNDA:0,(anonymous_2)
FNDA:0,(anonymous_3)
DA:5,0
DA:6,0
DA:7,0
DA:8,0
DA:9,0
DA:11,0
DA:12,0
DA:13,0
DA:15,0
DA:56,0
DA:58,0
LF:11
LH:0
BRF:0
BRH:0
end_of_record
TN:
SF:components/layout/sidebar.tsx
FN:21,Sidebar
FN:33,(anonymous_3)
FNF:2
FNH:0
FNDA:0,Sidebar
FNDA:0,(anonymous_3)
DA:3,0
DA:6,0
DA:21,0
DA:34,0
LF:4
LH:0
BRDA:26,0,0,0
BRDA:26,0,1,0
BRDA:39,1,0,0
BRDA:39,1,1,0
BRF:4
BRH:0
end_of_record
TN:
SF:components/layout/top-bar.tsx
FN:14,TopBar
FN:18,(anonymous_2)
FNF:2
FNH:0
FNDA:0,TopBar
FNDA:0,(anonymous_2)
DA:3,0
DA:4,0
DA:6,0
DA:7,0
DA:14,0
DA:15,0
DA:16,0
DA:18,0
DA:19,0
LF:9
LH:0
BRDA:14,0,0,0
BRDA:28,1,0,0
BRF:2
BRH:0
end_of_record
TN:
SF:components/products/product-columns.tsx
FN:45,ProductActionsCell
FN:48,(anonymous_3)
FN:49,(anonymous_4)
FN:74,(anonymous_5)
FN:88,(anonymous_6)
FN:123,(anonymous_8)
FN:132,(anonymous_11)
FN:145,(anonymous_14)
FN:149,(anonymous_15)
FNF:9
FNH:0
FNDA:0,ProductActionsCell
FNDA:0,(anonymous_3)
FNDA:0,(anonymous_4)
FNDA:0,(anonymous_5)
FNDA:0,(anonymous_6)
FNDA:0,(anonymous_8)
FNDA:0,(anonymous_11)
FNDA:0,(anonymous_14)
FNDA:0,(anonymous_15)
DA:4,0
DA:5,0
DA:6,0
DA:7,0
DA:9,0
DA:17,0
DA:28,0
DA:29,0
DA:46,0
DA:48,0
DA:49,0
DA:50,0
DA:51,0
DA:52,0
DA:53,0
DA:54,0
DA:55,0
DA:57,0
DA:74,0
DA:88,0
DA:119,0
DA:123,0
DA:132,0
DA:145,0
DA:150,0
DA:152,0
LF:26
LH:0
BRDA:53,0,0,0
BRDA:53,0,1,0
BRDA:55,1,0,0
BRDA:107,2,0,0
BRDA:107,2,1,0
BRF:5
BRH:0
end_of_record
TN:
SF:components/products/product-data-table-client-wrapper.tsx
FN:14,ProductDataTableClientWrapper
FNF:1
FNH:0
FNDA:0,ProductDataTableClientWrapper
DA:3,0
DA:14,0
LF:2
LH:0
BRF:0
BRH:0
end_of_record
TN:
SF:components/products/product-form-schema.ts
FNF:0
FNH:0
DA:1,0
DA:6,0
DA:8,0
DA:19,0
LF:4
LH:0
BRF:0
BRH:0
end_of_record
TN:
SF:components/products/product-form.tsx
FN:34,(anonymous_4)
FN:39,(anonymous_5)
FN:40,(anonymous_6)
FN:42,(anonymous_7)
FN:58,ProductForm
FN:60,(anonymous_9)
FN:84,(anonymous_10)
FN:103,(anonymous_11)
FN:108,(anonymous_12)
FN:112,(anonymous_13)
FN:124,(anonymous_14)
FN:133,onSubmit
FN:137,(anonymous_16)
FN:142,(anonymous_17)
FN:144,(anonymous_18)
FN:203,(anonymous_21)
FN:217,(anonymous_23)
FN:231,(anonymous_25)
FN:266,(anonymous_27)
FN:277,(anonymous_29)
FN:289,(anonymous_30)
FN:304,(anonymous_31)
FN:305,(anonymous_32)
FN:321,(anonymous_33)
FN:335,(anonymous_34)
FN:336,(anonymous_35)
FN:337,(anonymous_36)
FNF:27
FNH:0
FNDA:0,(anonymous_4)
FNDA:0,(anonymous_5)
FNDA:0,(anonymous_6)
FNDA:0,(anonymous_7)
FNDA:0,ProductForm
FNDA:0,(anonymous_9)
FNDA:0,(anonymous_10)
FNDA:0,(anonymous_11)
FNDA:0,(anonymous_12)
FNDA:0,(anonymous_13)
FNDA:0,(anonymous_14)
FNDA:0,onSubmit
FNDA:0,(anonymous_16)
FNDA:0,(anonymous_17)
FNDA:0,(anonymous_18)
FNDA:0,(anonymous_21)
FNDA:0,(anonymous_23)
FNDA:0,(anonymous_25)
FNDA:0,(anonymous_27)
FNDA:0,(anonymous_29)
FNDA:0,(anonymous_30)
FNDA:0,(anonymous_31)
FNDA:0,(anonymous_32)
FNDA:0,(anonymous_33)
FNDA:0,(anonymous_34)
FNDA:0,(anonymous_35)
FNDA:0,(anonymous_36)
DA:3,0
DA:4,0
DA:5,0
DA:6,0
DA:8,0
DA:17,0
DA:18,0
DA:19,0
DA:26,0
DA:27,0
DA:28,0
DA:29,0
DA:30,0
DA:34,0
DA:39,0
DA:40,0
DA:41,0
DA:42,0
DA:43,0
DA:58,0
DA:60,0
DA:62,0
DA:76,0
DA:77,0
DA:79,0
DA:84,0
DA:85,0
DA:86,0
DA:87,0
DA:88,0
DA:89,0
DA:90,0
DA:92,0
DA:93,0
DA:95,0
DA:96,0
DA:101,0
DA:103,0
DA:105,0
DA:106,0
DA:108,0
DA:109,0
DA:111,0
DA:112,0
DA:117,0
DA:118,0
DA:119,0
DA:120,0
DA:122,0
DA:124,0
DA:128,0
DA:134,0
DA:137,0
DA:141,0
DA:142,0
DA:143,0
DA:144,0
DA:145,0
DA:146,0
DA:147,0
DA:150,0
DA:151,0
DA:155,0
DA:156,0
DA:159,0
DA:160,0
DA:161,0
DA:162,0
DA:203,0
DA:217,0
DA:231,0
DA:267,0
DA:277,0
DA:290,0
DA:291,0
DA:292,0
DA:304,0
DA:306,0
DA:307,0
DA:321,0
DA:336,0
DA:337,0
DA:338,0
LF:83
LH:0
BRDA:58,0,0,0
BRDA:65,1,0,0
BRDA:65,1,1,0
BRDA:66,2,0,0
BRDA:66,2,1,0
BRDA:67,3,0,0
BRDA:67,3,1,0
BRDA:68,4,0,0
BRDA:68,4,1,0
BRDA:69,5,0,0
BRDA:69,5,1,0
BRDA:70,6,0,0
BRDA:70,6,1,0
BRDA:70,7,0,0
BRDA:70,7,1,0
BRDA:85,8,0,0
BRDA:85,9,0,0
BRDA:85,9,1,0
BRDA:85,9,2,0
BRDA:88,10,0,0
BRDA:105,11,0,0
BRDA:105,11,1,0
BRDA:105,12,0,0
BRDA:105,12,1,0
BRDA:105,12,2,0
BRDA:111,13,0,0
BRDA:111,14,0,0
BRDA:111,14,1,0
BRDA:114,15,0,0
BRDA:114,15,1,0
BRDA:118,16,0,0
BRDA:118,16,1,0
BRDA:136,17,0,0
BRDA:136,17,1,0
BRDA:137,18,0,0
BRDA:137,18,1,0
BRDA:137,18,2,0
BRDA:143,19,0,0
BRDA:143,19,1,0
BRDA:146,20,0,0
BRDA:150,21,0,0
BRDA:150,22,0,0
BRDA:150,22,1,0
BRDA:155,23,0,0
BRDA:160,24,0,0
BRDA:169,25,0,0
BRDA:217,26,0,0
BRDA:217,26,1,0
BRDA:292,27,0,0
BRDA:292,27,1,0
BRDA:293,28,0,0
BRDA:293,28,1,0
BRDA:294,29,0,0
BRDA:294,29,1,0
BRDA:306,30,0,0
BRDA:306,31,0,0
BRDA:306,31,1,0
BRDA:311,32,0,0
BRDA:338,33,0,0
BRDA:338,33,1,0
BRDA:352,34,0,0
BRDA:352,34,1,0
BRF:62
BRH:0
end_of_record
TN:
SF:components/products/product-table-skeleton.tsx
FNF:0
FNH:0
DA:1,0
DA:4,0
LF:2
LH:0
BRF:0
BRH:0
end_of_record
TN:
SF:components/quotes/quote-columns.tsx
FN:32,(anonymous_2)
FN:53,(anonymous_4)
FN:55,(anonymous_5)
FN:64,(anonymous_6)
FN:66,(anonymous_7)
FN:75,(anonymous_8)
FN:77,(anonymous_9)
FN:83,(anonymous_10)
FN:87,(anonymous_11)
FN:89,(anonymous_12)
FN:95,(anonymous_13)
FN:99,(anonymous_14)
FN:101,(anonymous_15)
FN:111,(anonymous_17)
FN:113,(anonymous_18)
FN:123,(anonymous_20)
FN:136,(anonymous_21)
FNF:17
FNH:0
FNDA:0,(anonymous_2)
FNDA:0,(anonymous_4)
FNDA:0,(anonymous_5)
FNDA:0,(anonymous_6)
FNDA:0,(anonymous_7)
FNDA:0,(anonymous_8)
FNDA:0,(anonymous_9)
FNDA:0,(anonymous_10)
FNDA:0,(anonymous_11)
FNDA:0,(anonymous_12)
FNDA:0,(anonymous_13)
FNDA:0,(anonymous_14)
FNDA:0,(anonymous_15)
FNDA:0,(anonymous_17)
FNDA:0,(anonymous_18)
FNDA:0,(anonymous_20)
FNDA:0,(anonymous_21)
DA:4,0
DA:5,0
DA:7,0
DA:15,0
DA:17,0
DA:32,0
DA:33,0
DA:41,0
DA:55,0
DA:66,0
DA:77,0
DA:83,0
DA:89,0
DA:95,0
DA:101,0
DA:113,0
DA:124,0
DA:136,0
LF:18
LH:0
BRDA:146,0,0,0
BRF:1
BRH:0
end_of_record
TN:
SF:components/quotes/quote-form.tsx
FN:65,QuoteForm
FN:83,(anonymous_2)
FN:84,(anonymous_3)
FN:105,(anonymous_4)
FN:131,(anonymous_5)
FN:140,(anonymous_6)
FN:147,(anonymous_7)
FN:219,(anonymous_8)
FN:245,(anonymous_9)
FN:265,(anonymous_10)
FN:363,(anonymous_11)
FN:407,(anonymous_12)
FNF:12
FNH:0
FNDA:0,QuoteForm
FNDA:0,(anonymous_2)
FNDA:0,(anonymous_3)
FNDA:0,(anonymous_4)
FNDA:0,(anonymous_5)
FNDA:0,(anonymous_6)
FNDA:0,(anonymous_7)
FNDA:0,(anonymous_8)
FNDA:0,(anonymous_9)
FNDA:0,(anonymous_10)
FNDA:0,(anonymous_11)
FNDA:0,(anonymous_12)
DA:3,0
DA:4,0
DA:5,0
DA:6,0
DA:11,0
DA:12,0
DA:13,0
DA:14,0
DA:15,0
DA:16,0
DA:17,0
DA:25,0
DA:26,0
DA:27,0
DA:28,0
DA:29,0
DA:36,0
DA:37,0
DA:38,0
DA:65,0
DA:75,0
DA:76,0
DA:77,0
DA:78,0
DA:83,0
DA:84,0
DA:85,0
DA:89,0
DA:105,0
DA:125,0
DA:128,0
DA:131,0
DA:132,0
DA:134,0
DA:135,0
DA:136,0
DA:140,0
DA:141,0
DA:142,0
DA:143,0
DA:147,0
DA:148,0
DA:150,0
DA:152,0
DA:155,0
DA:156,0
DA:157,0
DA:158,0
DA:159,0
DA:160,0
DA:161,0
DA:162,0
DA:164,0
DA:165,0
DA:169,0
DA:172,0
DA:174,0
DA:177,0
DA:180,0
DA:181,0
DA:186,0
DA:192,0
DA:193,0
DA:198,0
DA:219,0
DA:245,0
DA:266,0
DA:363,0
DA:407,0
LF:69
LH:0
BRDA:79,0,0,0
BRDA:79,0,1,0
BRDA:85,1,0,0
BRDA:85,1,1,0
BRDA:92,2,0,0
BRDA:92,2,1,0
BRDA:93,3,0,0
BRDA:93,3,1,0
BRDA:94,4,0,0
BRDA:94,4,1,0
BRDA:97,5,0,0
BRDA:97,5,1,0
BRDA:100,6,0,0
BRDA:100,6,1,0
BRDA:101,7,0,0
BRDA:101,7,1,0
BRDA:102,8,0,0
BRDA:102,8,1,0
BRDA:103,9,0,0
BRDA:103,9,1,0
BRDA:104,10,0,0
BRDA:104,10,1,0
BRDA:105,11,0,0
BRDA:105,11,1,0
BRDA:164,12,0,0
BRDA:172,13,0,0
BRDA:172,13,1,0
BRDA:180,14,0,0
BRDA:209,15,0,0
BRDA:209,15,1,0
BRDA:223,16,0,0
BRDA:236,17,0,0
BRDA:249,18,0,0
BRDA:272,19,0,0
BRDA:288,20,0,0
BRDA:301,21,0,0
BRDA:317,22,0,0
BRDA:333,23,0,0
BRDA:348,24,0,0
BRDA:368,25,0,0
BRDA:413,26,0,0
BRDA:413,26,1,0
BRDA:413,27,0,0
BRDA:413,27,1,0
BRF:44
BRH:0
end_of_record
TN:
SF:components/quotes/quote-table-skeleton.tsx
FNF:0
FNH:0
DA:1,0
DA:4,0
LF:2
LH:0
BRF:0
BRH:0
end_of_record
TN:
SF:components/settings/issuing-entity-form-dialog.tsx
FN:47,IssuingEntityFormDialog
FN:67,(anonymous_2)
FN:93,(anonymous_3)
FN:98,(anonymous_4)
FN:136,(anonymous_5)
FN:242,(anonymous_13)
FNF:6
FNH:0
FNDA:0,IssuingEntityFormDialog
FNDA:0,(anonymous_2)
FNDA:0,(anonymous_3)
FNDA:0,(anonymous_4)
FNDA:0,(anonymous_5)
FNDA:0,(anonymous_13)
DA:3,0
DA:4,0
DA:5,0
DA:6,0
DA:7,0
DA:8,0
DA:9,0
DA:10,0
DA:11,0
DA:20,0
DA:29,0
DA:30,0
DA:47,0
DA:53,0
DA:67,0
DA:68,0
DA:69,0
DA:80,0
DA:93,0
DA:94,0
DA:97,0
DA:98,0
DA:99,0
DA:100,0
DA:101,0
DA:102,0
DA:103,0
DA:107,0
DA:108,0
DA:109,0
DA:114,0
DA:115,0
DA:119,0
DA:120,0
DA:122,0
DA:125,0
DA:126,0
DA:127,0
DA:128,0
DA:130,0
DA:135,0
DA:136,0
DA:137,0
DA:138,0
DA:148,0
DA:242,0
LF:46
LH:0
BRDA:68,0,0,0
BRDA:68,0,1,0
BRDA:70,1,0,0
BRDA:70,1,1,0
BRDA:71,2,0,0
BRDA:71,2,1,0
BRDA:72,3,0,0
BRDA:72,3,1,0
BRDA:73,4,0,0
BRDA:73,4,1,0
BRDA:74,5,0,0
BRDA:74,5,1,0
BRDA:75,6,0,0
BRDA:75,6,1,0
BRDA:76,7,0,0
BRDA:76,7,1,0
BRDA:77,8,0,0
BRDA:77,8,1,0
BRDA:101,9,0,0
BRDA:101,9,1,0
BRDA:102,10,0,0
BRDA:102,10,1,0
BRDA:103,11,0,0
BRDA:103,11,1,0
BRDA:103,12,0,0
BRDA:103,12,1,0
BRDA:107,13,0,0
BRDA:108,14,0,0
BRDA:108,15,0,0
BRDA:108,15,1,0
BRDA:114,16,0,0
BRDA:114,17,0,0
BRDA:114,17,1,0
BRDA:119,18,0,0
BRDA:119,18,1,0
BRDA:125,19,0,0
BRDA:125,19,1,0
BRDA:126,20,0,0
BRDA:126,20,1,0
BRDA:132,21,0,0
BRDA:132,21,1,0
BRDA:132,22,0,0
BRDA:132,22,1,0
BRDA:135,23,0,0
BRDA:137,24,0,0
BRDA:137,25,0,0
BRDA:137,25,1,0
BRDA:148,26,0,0
BRDA:154,27,0,0
BRDA:154,27,1,0
BRDA:156,28,0,0
BRDA:156,28,1,0
BRDA:179,29,0,0
BRDA:179,29,1,0
BRDA:190,30,0,0
BRDA:190,30,1,0
BRDA:202,31,0,0
BRDA:202,31,1,0
BRDA:214,32,0,0
BRDA:214,32,1,0
BRDA:225,33,0,0
BRDA:225,33,1,0
BRDA:247,34,0,0
BRDA:247,34,1,0
BRDA:279,35,0,0
BRDA:279,35,1,0
BRDA:279,36,0,0
BRDA:279,36,1,0
BRDA:279,37,0,0
BRDA:279,37,1,0
BRF:70
BRH:0
end_of_record
TN:
SF:components/settings/payment-source-form-dialog.tsx
FN:45,PaymentSourceFormDialog
FN:73,(anonymous_2)
FN:74,fetchEntities
FN:88,(anonymous_4)
FN:108,(anonymous_5)
FN:122,(anonymous_6)
FN:124,(anonymous_7)
FN:159,(anonymous_8)
FN:205,(anonymous_11)
FN:225,(anonymous_13)
FNF:10
FNH:0
FNDA:0,PaymentSourceFormDialog
FNDA:0,(anonymous_2)
FNDA:0,fetchEntities
FNDA:0,(anonymous_4)
FNDA:0,(anonymous_5)
FNDA:0,(anonymous_6)
FNDA:0,(anonymous_7)
FNDA:0,(anonymous_8)
FNDA:0,(anonymous_11)
FNDA:0,(anonymous_13)
DA:3,0
DA:4,0
DA:5,0
DA:6,0
DA:7,0
DA:8,0
DA:9,0
DA:10,0
DA:11,0
DA:20,0
DA:28,0
DA:29,0
DA:30,0
DA:45,0
DA:51,0
DA:53,0
DA:73,0
DA:75,0
DA:76,0
DA:77,0
DA:79,0
DA:80,0
DA:83,0
DA:84,0
DA:88,0
DA:89,0
DA:90,0
DA:105,0
DA:108,0
DA:122,0
DA:123,0
DA:124,0
DA:125,0
DA:126,0
DA:127,0
DA:128,0
DA:129,0
DA:132,0
DA:136,0
DA:137,0
DA:142,0
DA:143,0
DA:145,0
DA:148,0
DA:149,0
DA:150,0
DA:151,0
DA:153,0
DA:158,0
DA:159,0
DA:160,0
DA:161,0
DA:171,0
DA:206,0
DA:226,0
LF:55
LH:0
BRDA:59,0,0,0
BRDA:59,0,1,0
BRDA:83,1,0,0
BRDA:89,2,0,0
BRDA:89,2,1,0
BRDA:91,3,0,0
BRDA:91,3,1,0
BRDA:92,4,0,0
BRDA:92,4,1,0
BRDA:93,5,0,0
BRDA:93,5,1,0
BRDA:94,6,0,0
BRDA:94,6,1,0
BRDA:95,7,0,0
BRDA:95,7,1,0
BRDA:96,8,0,0
BRDA:96,8,1,0
BRDA:97,9,0,0
BRDA:97,9,1,0
BRDA:98,10,0,0
BRDA:98,10,1,0
BRDA:99,11,0,0
BRDA:99,11,1,0
BRDA:100,12,0,0
BRDA:100,12,1,0
BRDA:101,13,0,0
BRDA:101,13,1,0
BRDA:102,14,0,0
BRDA:102,14,1,0
BRDA:107,15,0,0
BRDA:107,15,1,0
BRDA:108,16,0,0
BRDA:108,16,1,0
BRDA:108,16,2,0
BRDA:127,17,0,0
BRDA:127,17,1,0
BRDA:128,18,0,0
BRDA:128,18,1,0
BRDA:129,19,0,0
BRDA:129,20,0,0
BRDA:129,20,1,0
BRDA:136,21,0,0
BRDA:136,22,0,0
BRDA:136,22,1,0
BRDA:142,23,0,0
BRDA:142,23,1,0
BRDA:148,24,0,0
BRDA:148,24,1,0
BRDA:149,25,0,0
BRDA:149,25,1,0
BRDA:155,26,0,0
BRDA:155,26,1,0
BRDA:155,27,0,0
BRDA:155,27,1,0
BRDA:158,28,0,0
BRDA:160,29,0,0
BRDA:160,30,0,0
BRDA:160,30,1,0
BRDA:171,31,0,0
BRDA:177,32,0,0
BRDA:177,32,1,0
BRDA:179,33,0,0
BRDA:179,33,1,0
BRDA:243,34,0,0
BRDA:243,34,1,0
BRDA:254,35,0,0
BRDA:254,35,1,0
BRDA:266,36,0,0
BRDA:266,36,1,0
BRDA:277,37,0,0
BRDA:277,37,1,0
BRDA:290,38,0,0
BRDA:290,38,1,0
BRDA:301,39,0,0
BRDA:301,39,1,0
BRDA:312,40,0,0
BRDA:312,40,1,0
BRDA:324,41,0,0
BRDA:324,41,1,0
BRDA:354,42,0,0
BRDA:354,42,1,0
BRDA:354,43,0,0
BRDA:354,43,1,0
BRDA:354,44,0,0
BRDA:354,44,1,0
BRF:85
BRH:0
end_of_record
TN:
SF:components/shared/document-status-updater.tsx
FN:148,DocumentStatusUpdater
FN:159,(anonymous_2)
FN:196,(anonymous_3)
FN:233,(anonymous_4)
FN:282,(anonymous_5)
FN:286,(anonymous_6)
FN:300,(anonymous_7)
FN:311,(anonymous_8)
FN:353,(anonymous_9)
FN:358,(anonymous_10)
FNF:10
FNH:0
FNDA:0,DocumentStatusUpdater
FNDA:0,(anonymous_2)
FNDA:0,(anonymous_3)
FNDA:0,(anonymous_4)
FNDA:0,(anonymous_5)
FNDA:0,(anonymous_6)
FNDA:0,(anonymous_7)
FNDA:0,(anonymous_8)
FNDA:0,(anonymous_9)
FNDA:0,(anonymous_10)
DA:3,0
DA:4,0
DA:10,0
DA:11,0
DA:16,0
DA:21,0
DA:33,0
DA:43,0
DA:51,0
DA:52,0
DA:53,0
DA:54,0
DA:75,0
DA:111,0
DA:148,0
DA:149,0
DA:150,0
DA:151,0
DA:152,0
DA:153,0
DA:156,0
DA:159,0
DA:160,0
DA:162,0
DA:166,0
DA:167,0
DA:169,0
DA:172,0
DA:173,0
DA:179,0
DA:185,0
DA:191,0
DA:196,0
DA:197,0
DA:200,0
DA:201,0
DA:203,0
DA:206,0
DA:207,0
DA:213,0
DA:219,0
DA:222,0
DA:228,0
DA:233,0
DA:234,0
DA:235,0
DA:240,0
DA:243,0
DA:244,0
DA:246,0
DA:247,0
DA:253,0
DA:259,0
DA:262,0
DA:268,0
DA:283,0
DA:286,0
DA:300,0
DA:311,0
DA:353,0
DA:358,0
LF:61
LH:0
BRDA:156,0,0,0
BRDA:156,0,1,0
BRDA:166,1,0,0
BRDA:166,1,1,0
BRDA:172,2,0,0
BRDA:172,2,1,0
BRDA:181,3,0,0
BRDA:181,3,1,0
BRDA:200,4,0,0
BRDA:200,4,1,0
BRDA:206,5,0,0
BRDA:206,5,1,0
BRDA:215,6,0,0
BRDA:215,6,1,0
BRDA:219,7,0,0
BRDA:219,7,1,0
BRDA:234,8,0,0
BRDA:246,9,0,0
BRDA:246,9,1,0
BRDA:287,10,0,0
BRDA:287,10,1,0
BRDA:297,11,0,0
BRDA:297,11,1,0
BRDA:337,12,0,0
BRF:24
BRH:0
end_of_record
TN:
SF:components/shared/entity-selectors.tsx
FN:59,CustomerSelector
FN:71,(anonymous_5)
FN:73,(anonymous_6)
FN:102,(anonymous_7)
FN:106,(anonymous_8)
FN:137,IssuingEntitySelector
FN:149,(anonymous_10)
FN:151,(anonymous_11)
FN:180,(anonymous_12)
FN:184,(anonymous_13)
FN:215,PaymentSourceSelector
FN:227,(anonymous_15)
FN:229,(anonymous_16)
FN:258,(anonymous_17)
FN:262,(anonymous_18)
FNF:15
FNH:0
FNDA:0,CustomerSelector
FNDA:0,(anonymous_5)
FNDA:0,(anonymous_6)
FNDA:0,(anonymous_7)
FNDA:0,(anonymous_8)
FNDA:0,IssuingEntitySelector
FNDA:0,(anonymous_10)
FNDA:0,(anonymous_11)
FNDA:0,(anonymous_12)
FNDA:0,(anonymous_13)
FNDA:0,PaymentSourceSelector
FNDA:0,(anonymous_15)
FNDA:0,(anonymous_16)
FNDA:0,(anonymous_17)
FNDA:0,(anonymous_18)
DA:3,0
DA:11,0
DA:16,0
DA:17,0
DA:18,0
DA:19,0
DA:59,0
DA:67,0
DA:68,0
DA:71,0
DA:72,0
DA:73,0
DA:74,0
DA:75,0
DA:78,0
DA:103,0
DA:107,0
DA:108,0
DA:137,0
DA:145,0
DA:146,0
DA:149,0
DA:150,0
DA:151,0
DA:152,0
DA:153,0
DA:156,0
DA:181,0
DA:185,0
DA:186,0
DA:215,0
DA:223,0
DA:224,0
DA:227,0
DA:228,0
DA:229,0
DA:230,0
DA:231,0
DA:234,0
DA:259,0
DA:263,0
DA:264,0
LF:42
LH:0
BRDA:63,0,0,0
BRDA:64,1,0,0
BRDA:65,2,0,0
BRDA:72,3,0,0
BRDA:72,3,1,0
BRDA:74,4,0,0
BRDA:92,5,0,0
BRDA:92,5,1,0
BRDA:121,6,0,0
BRDA:121,6,1,0
BRDA:141,7,0,0
BRDA:142,8,0,0
BRDA:143,9,0,0
BRDA:150,10,0,0
BRDA:150,10,1,0
BRDA:152,11,0,0
BRDA:170,12,0,0
BRDA:170,12,1,0
BRDA:199,13,0,0
BRDA:199,13,1,0
BRDA:219,14,0,0
BRDA:220,15,0,0
BRDA:221,16,0,0
BRDA:228,17,0,0
BRDA:228,17,1,0
BRDA:230,18,0,0
BRDA:248,19,0,0
BRDA:248,19,1,0
BRDA:270,20,0,0
BRDA:279,21,0,0
BRDA:279,21,1,0
BRF:31
BRH:0
end_of_record
TN:
SF:components/shared/line-item-editor.tsx
FN:46,LineItemEditor
FN:59,(anonymous_2)
FN:64,(anonymous_3)
FN:69,(anonymous_4)
FN:95,(anonymous_5)
FN:109,(anonymous_6)
FN:116,(anonymous_7)
FN:126,(anonymous_8)
FN:136,(anonymous_9)
FN:150,(anonymous_10)
FN:151,(anonymous_11)
FN:208,(anonymous_12)
FN:216,(anonymous_13)
FN:223,(anonymous_14)
FN:234,(anonymous_15)
FN:244,(anonymous_16)
FN:254,(anonymous_17)
FN:265,(anonymous_18)
FNF:18
FNH:0
FNDA:0,LineItemEditor
FNDA:0,(anonymous_2)
FNDA:0,(anonymous_3)
FNDA:0,(anonymous_4)
FNDA:0,(anonymous_5)
FNDA:0,(anonymous_6)
FNDA:0,(anonymous_7)
FNDA:0,(anonymous_8)
FNDA:0,(anonymous_9)
FNDA:0,(anonymous_10)
FNDA:0,(anonymous_11)
FNDA:0,(anonymous_12)
FNDA:0,(anonymous_13)
FNDA:0,(anonymous_14)
FNDA:0,(anonymous_15)
FNDA:0,(anonymous_16)
FNDA:0,(anonymous_17)
FNDA:0,(anonymous_18)
DA:3,0
DA:11,0
DA:12,0
DA:13,0
DA:14,0
DA:15,0
DA:17,0
DA:18,0
DA:46,0
DA:53,0
DA:54,0
DA:56,0
DA:59,0
DA:60,0
DA:64,0
DA:65,0
DA:69,0
DA:72,0
DA:73,0
DA:74,0
DA:75,0
DA:76,0
DA:79,0
DA:80,0
DA:82,0
DA:83,0
DA:88,0
DA:90,0
DA:95,0
DA:96,0
DA:109,0
DA:110,0
DA:111,0
DA:112,0
DA:116,0
DA:117,0
DA:118,0
DA:122,0
DA:126,0
DA:127,0
DA:130,0
DA:131,0
DA:135,0
DA:136,0
DA:139,0
DA:141,0
DA:142,0
DA:146,0
DA:150,0
DA:151,0
DA:152,0
DA:154,0
DA:156,0
DA:157,0
DA:158,0
DA:161,0
DA:162,0
DA:166,0
DA:167,0
DA:169,0
DA:171,0
DA:172,0
DA:173,0
DA:176,0
DA:185,0
DA:186,0
DA:209,0
DA:211,0
DA:216,0
DA:224,0
DA:234,0
DA:244,0
DA:254,0
DA:265,0
LF:74
LH:0
BRDA:47,0,0,0
BRDA:51,1,0,0
BRDA:75,2,0,0
BRDA:80,3,0,0
BRDA:80,3,1,0
BRDA:127,4,0,0
BRDA:130,5,0,0
BRDA:139,6,0,0
BRDA:152,7,0,0
BRDA:161,8,0,0
BRDA:161,8,1,0
BRDA:166,9,0,0
BRDA:166,10,0,0
BRDA:166,10,1,0
BRDA:169,11,0,0
BRDA:169,11,1,0
BRDA:185,12,0,0
BRDA:185,13,0,0
BRDA:185,13,1,0
BRDA:185,13,2,0
BRDA:244,14,0,0
BRDA:244,14,1,0
BRDA:254,15,0,0
BRDA:254,15,1,0
BRDA:266,16,0,0
BRDA:266,16,1,0
BRF:26
BRH:0
end_of_record
TN:
SF:components/ui/accordion.tsx
FNF:0
FNH:0
DA:3,0
DA:4,0
DA:5,0
DA:7,0
DA:9,0
DA:21,0
DA:41,0
DA:56,0
DA:58,0
LF:9
LH:0
BRF:0
BRH:0
end_of_record
TN:
SF:components/ui/alert-dialog.tsx
FNF:0
FNH:0
DA:3,0
DA:4,0
DA:6,0
DA:7,0
DA:9,0
DA:11,0
DA:13,0
DA:28,0
DA:46,0
DA:60,0
DA:74,0
DA:86,0
DA:98,0
DA:111,0
DA:127,0
DA:130,0
DA:131,0
DA:132,0
DA:133,0
DA:134,0
DA:135,0
DA:136,0
DA:137,0
DA:138,0
DA:139,0
DA:140,0
LF:26
LH:0
BRF:0
BRH:0
end_of_record
TN:
SF:components/ui/alert.tsx
FNF:0
FNH:0
DA:1,0
DA:2,0
DA:4,0
DA:6,0
DA:33,0
DA:45,0
DA:57,0
DA:59,0
LF:8
LH:0
BRF:0
BRH:0
end_of_record
TN:
SF:components/ui/aspect-ratio.tsx
FNF:0
FNH:0
DA:3,0
DA:5,0
DA:7,0
LF:3
LH:0
BRF:0
BRH:0
end_of_record
TN:
SF:components/ui/avatar.tsx
FNF:0
FNH:0
DA:3,0
DA:4,0
DA:6,0
DA:21,0
DA:33,0
DA:48,0
DA:50,0
LF:7
LH:0
BRF:0
BRH:0
end_of_record
TN:
SF:components/ui/badge.tsx
FN:30,Badge
FNF:1
FNH:0
FNDA:0,Badge
DA:1,0
DA:2,0
DA:4,0
DA:6,0
DA:36,0
LF:5
LH:0
BRF:0
BRH:0
end_of_record
TN:
SF:components/ui/breadcrumb.tsx
FN:47,(anonymous_14)
FNF:1
FNH:0
FNDA:0,(anonymous_14)
DA:1,0
DA:2,0
DA:3,0
DA:5,0
DA:13,0
DA:28,0
DA:40,0
DA:42,0
DA:48,0
DA:58,0
DA:73,0
DA:89,0
DA:105,0
DA:108,0
DA:109,0
DA:110,0
DA:111,0
DA:112,0
DA:113,0
DA:114,0
LF:20
LH:0
BRDA:48,0,0,0
BRDA:48,0,1,0
BRDA:86,1,0,0
BRDA:86,1,1,0
BRF:4
BRH:0
end_of_record
TN:
SF:components/ui/button.tsx
FN:43,(anonymous_6)
FNF:1
FNH:1
FNDA:35,(anonymous_6)
DA:1,2
DA:2,2
DA:3,2
DA:5,2
DA:7,2
DA:42,2
DA:44,35
DA:54,2
DA:56,35
LF:9
LH:9
BRDA:43,0,0,34
BRDA:44,1,0,1
BRDA:44,1,1,34
BRF:3
BRH:3
end_of_record
TN:
SF:components/ui/calendar.tsx
FN:12,Calendar
FNF:1
FNH:0
FNDA:0,Calendar
DA:3,1
DA:4,1
DA:5,1
DA:7,1
DA:8,1
DA:64,1
DA:66,0
LF:7
LH:6
BRDA:15,0,0,0
BRF:1
BRH:0
end_of_record
TN:
SF:components/ui/card.tsx
FNF:0
FNH:0
DA:1,2
DA:3,2
DA:18,2
DA:30,2
DA:45,2
DA:57,2
DA:65,2
DA:77,2
DA:79,30
LF:9
LH:9
BRF:0
BRH:0
end_of_record
TN:
SF:components/ui/carousel.tsx
FN:35,useCarousel
FN:49,(anonymous_11)
FN:71,(anonymous_12)
FN:80,(anonymous_13)
FN:84,(anonymous_14)
FN:89,(anonymous_15)
FN:101,(anonymous_16)
FN:109,(anonymous_17)
FN:118,(anonymous_18)
FN:156,(anonymous_19)
FN:178,(anonymous_20)
FN:200,(anonymous_21)
FN:229,(anonymous_22)
FNF:13
FNH:0
FNDA:0,useCarousel
FNDA:0,(anonymous_11)
FNDA:0,(anonymous_12)
FNDA:0,(anonymous_13)
FNDA:0,(anonymous_14)
FNDA:0,(anonymous_15)
FNDA:0,(anonymous_16)
FNDA:0,(anonymous_17)
FNDA:0,(anonymous_18)
FNDA:0,(anonymous_19)
FNDA:0,(anonymous_20)
FNDA:0,(anonymous_21)
FNDA:0,(anonymous_22)
DA:3,0
DA:6,0
DA:7,0
DA:9,0
DA:10,0
DA:33,0
DA:36,0
DA:38,0
DA:39,0
DA:42,0
DA:45,0
DA:61,0
DA:68,0
DA:69,0
DA:71,0
DA:72,0
DA:73,0
DA:76,0
DA:77,0
DA:80,0
DA:81,0
DA:84,0
DA:85,0
DA:88,0
DA:90,0
DA:91,0
DA:92,0
DA:93,0
DA:94,0
DA:95,0
DA:101,0
DA:102,0
DA:103,0
DA:106,0
DA:109,0
DA:110,0
DA:111,0
DA:114,0
DA:115,0
DA:116,0
DA:118,0
DA:119,0
DA:151,0
DA:153,0
DA:157,0
DA:173,0
DA:175,0
DA:179,0
DA:195,0
DA:197,0
DA:201,0
DA:224,0
DA:226,0
DA:230,0
DA:253,0
DA:257,0
DA:258,0
DA:259,0
DA:260,0
DA:261,0
LF:60
LH:0
BRDA:38,0,0,0
BRDA:51,1,0,0
BRDA:64,2,0,0
BRDA:64,2,1,0
BRDA:72,3,0,0
BRDA:90,4,0,0
BRDA:90,4,1,0
BRDA:93,5,0,0
BRDA:102,6,0,0
BRDA:102,7,0,0
BRDA:102,7,1,0
BRDA:110,8,0,0
BRDA:130,9,0,0
BRDA:130,9,1,0
BRDA:130,10,0,0
BRDA:130,10,1,0
BRDA:165,11,0,0
BRDA:165,11,1,0
BRDA:188,12,0,0
BRDA:188,12,1,0
BRDA:200,13,0,0
BRDA:200,14,0,0
BRDA:210,15,0,0
BRDA:210,15,1,0
BRDA:229,16,0,0
BRDA:229,17,0,0
BRDA:239,18,0,0
BRDA:239,18,1,0
BRF:28
BRH:0
end_of_record
TN:
SF:components/ui/chart.tsx
FN:27,useChart
FN:45,(anonymous_11)
FN:70,(anonymous_12)
FN:72,(anonymous_13)
FN:84,(anonymous_14)
FN:87,(anonymous_15)
FN:116,(anonymous_16)
FN:136,(anonymous_17)
FN:188,(anonymous_18)
FN:269,(anonymous_19)
FN:288,(anonymous_20)
FN:320,getPayloadConfigFromPayload
FNF:12
FNH:0
FNDA:0,useChart
FNDA:0,(anonymous_11)
FNDA:0,(anonymous_12)
FNDA:0,(anonymous_13)
FNDA:0,(anonymous_14)
FNDA:0,(anonymous_15)
FNDA:0,(anonymous_16)
FNDA:0,(anonymous_17)
FNDA:0,(anonymous_18)
FNDA:0,(anonymous_19)
FNDA:0,(anonymous_20)
FNDA:0,getPayloadConfigFromPayload
DA:3,0
DA:4,0
DA:6,0
DA:9,0
DA:25,0
DA:28,0
DA:30,0
DA:31,0
DA:34,0
DA:37,0
DA:46,0
DA:47,0
DA:68,0
DA:70,0
DA:71,0
DA:72,0
DA:75,0
DA:76,0
DA:84,0
DA:89,0
DA:91,0
DA:103,0
DA:105,0
DA:134,0
DA:136,0
DA:137,0
DA:138,0
DA:141,0
DA:142,0
DA:143,0
DA:145,0
DA:149,0
DA:157,0
DA:158,0
DA:172,0
DA:173,0
DA:176,0
DA:189,0
DA:190,0
DA:191,0
DA:193,0
DA:257,0
DA:259,0
DA:261,0
DA:273,0
DA:275,0
DA:276,0
DA:289,0
DA:290,0
DA:292,0
DA:317,0
DA:325,0
DA:326,0
DA:330,0
DA:336,0
DA:338,0
DA:342,0
DA:343,0
DA:348,0
DA:353,0
DA:359,0
DA:360,0
DA:361,0
DA:362,0
DA:363,0
DA:364,0
LF:66
LH:0
BRDA:30,0,0,0
BRDA:47,1,0,0
BRDA:47,1,1,0
BRDA:72,2,0,0
BRDA:72,2,1,0
BRDA:75,3,0,0
BRDA:89,4,0,0
BRDA:89,4,1,0
BRDA:91,5,0,0
BRDA:91,5,1,0
BRDA:121,6,0,0
BRDA:122,7,0,0
BRDA:123,8,0,0
BRDA:137,9,0,0
BRDA:137,10,0,0
BRDA:137,10,1,0
BRDA:142,11,0,0
BRDA:142,11,1,0
BRDA:142,11,2,0
BRDA:142,11,3,0
BRDA:145,12,0,0
BRDA:145,12,1,0
BRDA:145,13,0,0
BRDA:145,13,1,0
BRDA:146,14,0,0
BRDA:146,14,1,0
BRDA:149,15,0,0
BRDA:157,16,0,0
BRDA:172,17,0,0
BRDA:172,18,0,0
BRDA:172,18,1,0
BRDA:176,19,0,0
BRDA:176,19,1,0
BRDA:186,20,0,0
BRDA:186,20,1,0
BRDA:189,21,0,0
BRDA:189,21,1,0
BRDA:189,21,2,0
BRDA:189,21,3,0
BRDA:191,22,0,0
BRDA:191,22,1,0
BRDA:191,22,2,0
BRDA:198,23,0,0
BRDA:198,23,1,0
BRDA:202,24,0,0
BRDA:201,25,0,0
BRDA:201,25,1,0
BRDA:201,25,2,0
BRDA:206,26,0,0
BRDA:208,27,0,0
BRDA:217,28,0,0
BRDA:217,28,1,0
BRDA:232,29,0,0
BRDA:232,29,1,0
BRDA:236,30,0,0
BRDA:236,30,1,0
BRDA:238,31,0,0
BRDA:238,31,1,0
BRDA:241,32,0,0
BRDA:270,33,0,0
BRDA:270,34,0,0
BRDA:275,35,0,0
BRDA:284,36,0,0
BRDA:284,36,1,0
BRDA:289,37,0,0
BRDA:289,37,1,0
BRDA:289,37,2,0
BRDA:300,38,0,0
BRDA:299,39,0,0
BRDA:299,39,1,0
BRDA:325,40,0,0
BRDA:325,41,0,0
BRDA:325,41,1,0
BRDA:330,42,0,0
BRDA:330,42,1,0
BRDA:330,43,0,0
BRDA:330,43,1,0
BRDA:330,43,2,0
BRDA:338,44,0,0
BRDA:338,44,1,0
BRDA:339,45,0,0
BRDA:339,45,1,0
BRDA:343,46,0,0
BRDA:344,47,0,0
BRDA:344,47,1,0
BRDA:344,47,2,0
BRDA:353,48,0,0
BRDA:353,48,1,0
BRF:88
BRH:0
end_of_record
TN:
SF:components/ui/checkbox.tsx
FNF:0
FNH:0
DA:3,1
DA:4,1
DA:5,1
DA:7,1
DA:28,1
DA:30,0
LF:6
LH:5
BRF:0
BRH:0
end_of_record
TN:
SF:components/ui/collapsible.tsx
FNF:0
FNH:0
DA:3,0
DA:5,0
DA:7,0
DA:9,0
DA:11,0
LF:5
LH:0
BRF:0
BRH:0
end_of_record
TN:
SF:components/ui/command.tsx
FN:26,(anonymous_14)
FN:127,(anonymous_21)
FNF:2
FNH:0
FNDA:0,(anonymous_14)
FNDA:0,(anonymous_21)
DA:3,0
DA:5,0
DA:6,0
DA:8,0
DA:9,0
DA:24,0
DA:26,0
DA:55,0
DA:68,0
DA:81,0
DA:97,0
DA:109,0
DA:125,0
DA:127,0
DA:141,0
DA:144,0
DA:145,0
DA:146,0
DA:147,0
DA:148,0
DA:149,0
DA:150,0
DA:151,0
DA:152,0
LF:24
LH:0
BRF:0
BRH:0
end_of_record
TN:
SF:components/ui/context-menu.tsx
FN:168,(anonymous_27)
FNF:1
FNH:0
FNDA:0,(anonymous_27)
DA:3,0
DA:4,0
DA:5,0
DA:7,0
DA:9,0
DA:11,0
DA:13,0
DA:15,0
DA:17,0
DA:19,0
DA:40,0
DA:55,0
DA:72,0
DA:90,0
DA:113,0
DA:136,0
DA:154,0
DA:166,0
DA:168,0
DA:182,0
DA:185,0
DA:186,0
DA:187,0
DA:188,0
DA:189,0
DA:190,0
DA:191,0
DA:192,0
DA:193,0
DA:194,0
DA:195,0
DA:196,0
DA:197,0
DA:198,0
DA:199,0
LF:35
LH:0
BRDA:31,0,0,0
BRDA:31,0,1,0
BRDA:84,1,0,0
BRDA:84,1,1,0
BRDA:148,2,0,0
BRDA:148,2,1,0
BRF:6
BRH:0
end_of_record
TN:
SF:components/ui/data-table.tsx
FN:29,DataTable
FN:62,(anonymous_2)
FN:70,(anonymous_3)
FN:72,(anonymous_4)
FN:84,(anonymous_5)
FN:88,(anonymous_6)
FN:91,(anonymous_7)
FN:107,(anonymous_8)
FN:110,(anonymous_9)
FNF:9
FNH:0
FNDA:0,DataTable
FNDA:0,(anonymous_2)
FNDA:0,(anonymous_3)
FNDA:0,(anonymous_4)
FNDA:0,(anonymous_5)
FNDA:0,(anonymous_6)
FNDA:0,(anonymous_7)
FNDA:0,(anonymous_8)
FNDA:0,(anonymous_9)
DA:3,0
DA:15,0
DA:17,0
DA:18,0
DA:19,0
DA:29,0
DA:36,0
DA:37,0
DA:39,0
DA:62,0
DA:71,0
DA:73,0
DA:85,0
DA:88,0
DA:92,0
DA:107,0
DA:110,0
LF:17
LH:0
BRDA:57,0,0,0
BRDA:60,1,0,0
BRDA:60,1,1,0
BRDA:61,2,0,0
BRDA:61,2,1,0
BRDA:75,3,0,0
BRDA:75,3,1,0
BRDA:84,4,0,0
BRDA:87,5,0,0
BRDA:87,5,1,0
BRDA:88,6,0,0
BRDA:88,6,1,0
BRDA:89,7,0,0
BRDA:89,7,1,0
BRF:14
BRH:0
end_of_record
TN:
SF:components/ui/dialog.tsx
FNF:0
FNH:0
DA:3,0
DA:4,0
DA:5,0
DA:7,0
DA:9,0
DA:11,0
DA:13,0
DA:15,0
DA:30,0
DA:54,0
DA:68,0
DA:82,0
DA:97,0
DA:109,0
DA:112,0
DA:113,0
DA:114,0
DA:115,0
DA:116,0
DA:117,0
DA:118,0
DA:119,0
DA:120,0
DA:121,0
LF:24
LH:0
BRF:0
BRH:0
end_of_record
TN:
SF:components/ui/drawer.tsx
FNF:0
FNH:0
DA:3,0
DA:4,0
DA:6,0
DA:17,0
DA:19,0
DA:21,0
DA:23,0
DA:35,0
DA:56,0
DA:67,0
DA:78,0
DA:93,0
DA:105,0
DA:108,0
DA:109,0
DA:110,0
DA:111,0
DA:112,0
DA:113,0
DA:114,0
DA:115,0
DA:116,0
DA:117,0
LF:23
LH:0
BRDA:9,0,0,0
BRF:1
BRH:0
end_of_record
TN:
SF:components/ui/dropdown-menu.tsx
FN:171,(anonymous_27)
FNF:1
FNH:0
FNDA:0,(anonymous_27)
DA:3,0
DA:4,0
DA:5,0
DA:7,0
DA:9,0
DA:11,0
DA:13,0
DA:15,0
DA:17,0
DA:19,0
DA:40,0
DA:56,0
DA:75,0
DA:93,0
DA:116,0
DA:139,0
DA:157,0
DA:169,0
DA:171,0
DA:182,0
DA:185,0
DA:186,0
DA:187,0
DA:188,0
DA:189,0
DA:190,0
DA:191,0
DA:192,0
DA:193,0
DA:194,0
DA:195,0
DA:196,0
DA:197,0
DA:198,0
DA:199,0
LF:35
LH:0
BRDA:31,0,0,0
BRDA:31,0,1,0
BRDA:62,1,0,0
BRDA:87,2,0,0
BRDA:87,2,1,0
BRDA:151,3,0,0
BRDA:151,3,1,0
BRF:7
BRH:0
end_of_record
TN:
SF:components/ui/form-fields.tsx
FN:36,FormInputField
FN:83,(anonymous_9)
FN:108,FormSelectField
FN:146,(anonymous_12)
FN:164,FormTextareaField
FN:211,FormCheckboxField
FN:253,FormDatePickerField
FN:317,FormNumberField
FN:358,(anonymous_21)
FNF:9
FNH:4
FNDA:30,FormInputField
FNDA:0,(anonymous_9)
FNDA:10,FormSelectField
FNDA:110,(anonymous_12)
FNDA:20,FormTextareaField
FNDA:0,FormCheckboxField
FNDA:0,FormDatePickerField
FNDA:0,FormNumberField
FNDA:0,(anonymous_21)
DA:3,1
DA:11,1
DA:12,1
DA:13,1
DA:20,1
DA:21,1
DA:22,1
DA:23,1
DA:28,1
DA:29,1
DA:30,1
DA:31,1
DA:36,30
DA:55,30
DA:56,30
DA:57,30
DA:83,0
DA:108,10
DA:147,110
DA:164,20
DA:211,0
DA:253,0
DA:317,0
DA:359,0
DA:360,0
LF:25
LH:19
BRDA:42,0,0,20
BRDA:43,1,0,20
BRDA:57,2,0,0
BRDA:57,2,1,30
BRDA:58,3,0,0
BRDA:58,3,1,0
BRDA:67,4,0,30
BRDA:74,5,0,30
BRDA:74,5,1,0
BRDA:77,6,0,30
BRDA:86,7,0,0
BRDA:91,8,0,0
BRDA:91,8,1,0
BRDA:97,9,0,30
BRDA:115,10,0,10
BRDA:133,11,0,10
BRDA:142,12,0,10
BRDA:142,12,1,0
BRDA:153,13,0,10
BRDA:170,14,0,20
BRDA:171,15,0,0
BRDA:189,16,0,20
BRDA:196,17,0,20
BRDA:196,17,1,0
BRDA:200,18,0,20
BRDA:241,19,0,0
BRDA:257,20,0,0
BRDA:259,21,0,0
BRDA:276,22,0,0
BRDA:284,23,0,0
BRDA:284,23,1,0
BRDA:289,24,0,0
BRDA:300,25,0,0
BRDA:300,25,1,0
BRDA:306,26,0,0
BRDA:323,27,0,0
BRDA:326,28,0,0
BRDA:346,29,0,0
BRDA:356,30,0,0
BRDA:356,30,1,0
BRDA:360,31,0,0
BRDA:360,31,1,0
BRDA:365,32,0,0
BRF:43
BRH:15
end_of_record
TN:
SF:components/ui/form-layout.tsx
FN:32,FormSection
FN:74,FormRow
FN:116,FormActions
FN:166,FormContainer
FN:193,ReadOnlyField
FNF:5
FNH:4
FNDA:20,FormSection
FNDA:20,FormRow
FNDA:10,FormActions
FNDA:10,FormContainer
FNDA:0,ReadOnlyField
DA:3,1
DA:7,1
DA:8,1
DA:9,1
DA:32,20
DA:74,20
DA:79,20
DA:116,10
DA:125,10
DA:166,10
DA:193,0
LF:11
LH:10
BRDA:37,0,0,20
BRDA:42,1,0,0
BRDA:42,1,1,20
BRDA:45,2,0,20
BRDA:47,3,0,0
BRDA:47,3,1,0
BRDA:48,4,0,0
BRDA:48,4,1,0
BRDA:52,5,0,20
BRDA:54,6,0,20
BRDA:76,7,0,20
BRDA:118,8,0,0
BRDA:119,9,0,0
BRDA:120,10,0,0
BRDA:121,11,0,10
BRDA:134,12,0,10
BRDA:134,12,1,0
BRDA:136,13,0,10
BRDA:142,14,0,10
BRDA:142,14,1,0
BRDA:142,14,2,0
BRDA:145,15,0,0
BRDA:145,15,1,10
BRDA:197,16,0,0
BRDA:197,16,1,0
BRF:25
BRH:11
end_of_record
TN:
SF:components/ui/form.tsx
FN:31,(anonymous_12)
FN:44,(anonymous_13)
FN:78,(anonymous_14)
FN:92,(anonymous_15)
FN:109,(anonymous_16)
FN:131,(anonymous_17)
FN:148,(anonymous_18)
FNF:7
FNH:7
FNDA:60,(anonymous_12)
FNDA:200,(anonymous_13)
FNDA:60,(anonymous_14)
FNDA:60,(anonymous_15)
FNDA:60,(anonymous_16)
FNDA:20,(anonymous_17)
FNDA:60,(anonymous_18)
DA:3,1
DA:5,1
DA:13,1
DA:15,1
DA:16,1
DA:18,1
DA:27,1
DA:31,1
DA:44,1
DA:45,200
DA:46,200
DA:47,200
DA:49,200
DA:51,200
DA:52,0
DA:55,200
DA:57,200
DA:71,1
DA:75,1
DA:79,60
DA:87,1
DA:89,1
DA:93,60
DA:104,1
DA:106,1
DA:110,60
DA:126,1
DA:128,1
DA:132,20
DA:143,1
DA:145,1
DA:149,60
DA:150,60
DA:152,60
DA:153,60
DA:167,1
DA:170,0
DA:171,10
DA:172,60
DA:173,60
DA:174,60
DA:175,20
DA:176,60
DA:177,60
LF:44
LH:42
BRDA:51,0,0,0
BRDA:98,1,0,60
BRDA:98,1,1,0
BRDA:117,2,0,60
BRDA:117,2,1,0
BRDA:150,3,0,0
BRDA:150,3,1,60
BRDA:152,4,0,60
BRF:8
BRH:4
end_of_record
TN:
SF:components/ui/hover-card.tsx
FNF:0
FNH:0
DA:3,0
DA:4,0
DA:6,0
DA:8,0
DA:10,0
DA:27,0
DA:29,0
LF:7
LH:0
BRDA:15,0,0,0
BRDA:15,1,0,0
BRF:2
BRH:0
end_of_record
TN:
SF:components/ui/input-otp.tsx
FN:36,(anonymous_10)
FNF:1
FNH:0
FNDA:0,(anonymous_10)
DA:3,0
DA:4,0
DA:5,0
DA:7,0
DA:23,0
DA:31,0
DA:33,0
DA:37,0
DA:38,0
DA:59,0
DA:69,0
DA:71,0
LF:12
LH:0
BRDA:45,0,0,0
BRDA:45,0,1,0
BRDA:51,1,0,0
BRF:3
BRH:0
end_of_record
TN:
SF:components/ui/input.tsx
FN:6,(anonymous_4)
FNF:1
FNH:1
FNDA:30,(anonymous_4)
DA:1,1
DA:3,1
DA:5,1
DA:20,1
DA:22,30
LF:5
LH:5
BRF:0
BRH:0
end_of_record
TN:
SF:components/ui/label.tsx
FNF:0
FNH:0
DA:3,1
DA:4,1
DA:5,1
DA:7,1
DA:9,1
DA:24,1
DA:26,60
LF:7
LH:7
BRF:0
BRH:0
end_of_record
TN:
SF:components/ui/menubar.tsx
FN:203,(anonymous_30)
FNF:1
FNH:0
FNDA:0,(anonymous_30)
DA:3,0
DA:4,0
DA:5,0
DA:7,0
DA:9,0
DA:11,0
DA:13,0
DA:15,0
DA:17,0
DA:32,0
DA:47,0
DA:68,0
DA:83,0
DA:108,0
DA:126,0
DA:149,0
DA:171,0
DA:189,0
DA:201,0
DA:203,0
DA:217,0
DA:220,0
DA:221,0
DA:222,0
DA:223,0
DA:224,0
DA:225,0
DA:226,0
DA:227,0
DA:228,0
DA:229,0
DA:230,0
DA:231,0
DA:232,0
DA:233,0
DA:234,0
DA:235,0
LF:37
LH:0
BRDA:59,0,0,0
BRDA:59,0,1,0
BRDA:90,1,0,0
BRDA:90,2,0,0
BRDA:90,3,0,0
BRDA:120,4,0,0
BRDA:120,4,1,0
BRDA:183,5,0,0
BRDA:183,5,1,0
BRF:9
BRH:0
end_of_record
TN:
SF:components/ui/navigation-menu.tsx
FNF:0
FNH:0
DA:1,0
DA:2,0
DA:3,0
DA:4,0
DA:6,0
DA:24,0
DA:39,0
DA:41,0
DA:43,0
DA:63,0
DA:78,0
DA:80,0
DA:97,0
DA:115,0
DA:119,0
DA:120,0
DA:121,0
DA:122,0
DA:123,0
DA:124,0
DA:125,0
DA:126,0
DA:127,0
LF:23
LH:0
BRF:0
BRH:0
end_of_record
TN:
SF:components/ui/pagination.tsx
FNF:0
FNH:0
DA:1,0
DA:2,0
DA:4,0
DA:5,0
DA:15,0
DA:27,0
DA:35,0
DA:60,0
DA:76,0
DA:92,0
DA:107,0
DA:110,0
DA:111,0
DA:112,0
DA:113,0
DA:114,0
DA:115,0
DA:116,0
LF:18
LH:0
BRDA:45,0,0,0
BRDA:49,1,0,0
BRDA:49,1,1,0
BRDA:52,2,0,0
BRDA:52,2,1,0
BRF:5
BRH:0
end_of_record
TN:
SF:components/ui/popover.tsx
FNF:0
FNH:0
DA:3,1
DA:4,1
DA:6,1
DA:8,1
DA:10,1
DA:29,1
DA:31,0
LF:7
LH:6
BRDA:15,0,0,0
BRDA:15,1,0,0
BRF:2
BRH:0
end_of_record
TN:
SF:components/ui/progress.tsx
FNF:0
FNH:0
DA:3,0
DA:4,0
DA:6,0
DA:26,0
DA:28,0
LF:5
LH:0
BRDA:22,0,0,0
BRDA:22,0,1,0
BRF:2
BRH:0
end_of_record
TN:
SF:components/ui/radio-group.tsx
FN:12,(anonymous_6)
FN:26,(anonymous_7)
FNF:2
FNH:0
FNDA:0,(anonymous_6)
FNDA:0,(anonymous_7)
DA:3,0
DA:4,0
DA:5,0
DA:7,0
DA:9,0
DA:21,0
DA:23,0
DA:42,0
DA:44,0
LF:9
LH:0
BRF:0
BRH:0
end_of_record
TN:
SF:components/ui/resizable.tsx
FNF:0
FNH:0
DA:3,0
DA:4,0
DA:6,0
DA:21,0
DA:45,0
LF:5
LH:0
BRDA:37,0,0,0
BRF:1
BRH:0
end_of_record
TN:
SF:components/ui/scroll-area.tsx
FNF:0
FNH:0
DA:3,0
DA:4,0
DA:6,0
DA:24,0
DA:46,0
DA:48,0
LF:6
LH:0
BRDA:29,0,0,0
BRDA:35,1,0,0
BRDA:35,1,1,0
BRDA:37,2,0,0
BRDA:37,2,1,0
BRF:5
BRH:0
end_of_record
TN:
SF:components/ui/select.tsx
FNF:0
FNH:0
DA:3,1
DA:4,1
DA:5,1
DA:7,1
DA:9,1
DA:11,1
DA:13,1
DA:33,1
DA:50,1
DA:67,1
DA:100,1
DA:112,1
DA:135,1
DA:147,1
DA:150,10
DA:151,0
DA:152,10
DA:153,10
DA:154,10
DA:155,0
DA:156,110
DA:157,0
DA:158,0
DA:159,0
LF:24
LH:19
BRDA:73,0,0,10
BRDA:79,1,0,10
BRDA:79,1,1,10
BRDA:90,2,0,10
BRDA:90,2,1,10
BRF:5
BRH:5
end_of_record
TN:
SF:components/ui/separator.tsx
FNF:0
FNH:0
DA:3,0
DA:4,0
DA:6,0
DA:29,0
DA:31,0
LF:5
LH:0
BRDA:13,0,0,0
BRDA:13,1,0,0
BRDA:22,2,0,0
BRDA:22,2,1,0
BRF:4
BRH:0
end_of_record
TN:
SF:components/ui/sheet.tsx
FNF:0
FNH:0
DA:3,0
DA:4,0
DA:5,0
DA:6,0
DA:8,0
DA:10,0
DA:12,0
DA:14,0
DA:16,0
DA:31,0
DA:33,0
DA:75,0
DA:89,0
DA:103,0
DA:115,0
DA:127,0
DA:130,0
DA:131,0
DA:132,0
DA:133,0
DA:134,0
DA:135,0
DA:136,0
DA:137,0
DA:138,0
DA:139,0
LF:26
LH:0
BRDA:59,0,0,0
BRF:1
BRH:0
end_of_record
TN:
SF:components/ui/sidebar.tsx
FN:41,useSidebar
FN:58,(anonymous_29)
FN:78,(anonymous_30)
FN:93,(anonymous_31)
FN:95,(anonymous_32)
FN:96,(anonymous_33)
FN:100,(anonymous_34)
FN:101,(anonymous_35)
FN:112,(anonymous_36)
FN:120,(anonymous_37)
FN:167,(anonymous_38)
FN:265,(anonymous_39)
FN:275,(anonymous_40)
FN:291,(anonymous_41)
FN:320,(anonymous_42)
FN:338,(anonymous_43)
FN:356,(anonymous_44)
FN:371,(anonymous_45)
FN:386,(anonymous_46)
FN:401,(anonymous_47)
FN:419,(anonymous_48)
FN:434,(anonymous_49)
FN:455,(anonymous_50)
FN:544,(anonymous_54)
FN:601,(anonymous_55)
FN:652,(anonymous_57)
FN:654,(anonymous_58)
FN:715,(anonymous_61)
FNF:28
FNH:0
FNDA:0,useSidebar
FNDA:0,(anonymous_29)
FNDA:0,(anonymous_30)
FNDA:0,(anonymous_31)
FNDA:0,(anonymous_32)
FNDA:0,(anonymous_33)
FNDA:0,(anonymous_34)
FNDA:0,(anonymous_35)
FNDA:0,(anonymous_36)
FNDA:0,(anonymous_37)
FNDA:0,(anonymous_38)
FNDA:0,(anonymous_39)
FNDA:0,(anonymous_40)
FNDA:0,(anonymous_41)
FNDA:0,(anonymous_42)
FNDA:0,(anonymous_43)
FNDA:0,(anonymous_44)
FNDA:0,(anonymous_45)
FNDA:0,(anonymous_46)
FNDA:0,(anonymous_47)
FNDA:0,(anonymous_48)
FNDA:0,(anonymous_49)
FNDA:0,(anonymous_50)
FNDA:0,(anonymous_54)
FNDA:0,(anonymous_55)
FNDA:0,(anonymous_57)
FNDA:0,(anonymous_58)
FNDA:0,(anonymous_61)
DA:3,0
DA:4,0
DA:5,0
DA:6,0
DA:8,0
DA:9,0
DA:10,0
DA:11,0
DA:12,0
DA:13,0
DA:14,0
DA:20,0
DA:22,0
DA:23,0
DA:24,0
DA:25,0
DA:26,0
DA:27,0
DA:39,0
DA:42,0
DA:43,0
DA:44,0
DA:47,0
DA:50,0
DA:70,0
DA:71,0
DA:75,0
DA:76,0
DA:77,0
DA:79,0
DA:80,0
DA:81,0
DA:83,0
DA:87,0
DA:93,0
DA:94,0
DA:95,0
DA:96,0
DA:100,0
DA:101,0
DA:102,0
DA:106,0
DA:107,0
DA:111,0
DA:112,0
DA:117,0
DA:119,0
DA:120,0
DA:157,0
DA:159,0
DA:178,0
DA:180,0
DA:195,0
DA:260,0
DA:262,0
DA:266,0
DA:276,0
DA:277,0
DA:286,0
DA:288,0
DA:292,0
DA:315,0
DA:317,0
DA:333,0
DA:335,0
DA:351,0
DA:353,0
DA:366,0
DA:368,0
DA:381,0
DA:383,0
DA:396,0
DA:398,0
DA:414,0
DA:416,0
DA:429,0
DA:431,0
DA:435,0
DA:450,0
DA:452,0
DA:456,0
DA:473,0
DA:486,0
DA:499,0
DA:512,0
DA:514,0
DA:536,0
DA:556,0
DA:557,0
DA:570,0
DA:571,0
DA:574,0
DA:575,0
DA:593,0
DA:595,0
DA:602,0
DA:624,0
DA:645,0
DA:647,0
DA:654,0
DA:655,0
DA:683,0
DA:700,0
DA:706,0
DA:708,0
DA:716,0
DA:736,0
DA:739,0
DA:740,0
DA:741,0
DA:742,0
DA:743,0
DA:744,0
DA:745,0
DA:746,0
DA:747,0
DA:748,0
DA:749,0
DA:750,0
DA:751,0
DA:752,0
DA:753,0
DA:754,0
DA:755,0
DA:756,0
DA:757,0
DA:758,0
DA:759,0
DA:760,0
DA:761,0
DA:762,0
LF:131
LH:0
BRDA:43,0,0,0
BRDA:60,1,0,0
BRDA:76,2,0,0
BRDA:76,2,1,0
BRDA:79,3,0,0
BRDA:79,3,1,0
BRDA:80,4,0,0
BRDA:80,4,1,0
BRDA:94,5,0,0
BRDA:94,5,1,0
BRDA:102,6,0,0
BRDA:103,7,0,0
BRDA:103,7,1,0
BRDA:103,7,2,0
BRDA:117,8,0,0
BRDA:117,8,1,0
BRDA:169,9,0,0
BRDA:170,10,0,0
BRDA:171,11,0,0
BRDA:180,12,0,0
BRDA:195,13,0,0
BRDA:220,14,0,0
BRDA:220,14,1,0
BRDA:230,15,0,0
BRDA:230,15,1,0
BRDA:230,16,0,0
BRDA:230,16,1,0
BRDA:238,17,0,0
BRDA:238,17,1,0
BRDA:242,18,0,0
BRDA:242,18,1,0
BRDA:242,19,0,0
BRDA:242,19,1,0
BRDA:434,20,0,0
BRDA:435,21,0,0
BRDA:435,21,1,0
BRDA:455,22,0,0
BRDA:456,23,0,0
BRDA:456,23,1,0
BRDA:546,24,0,0
BRDA:547,25,0,0
BRDA:548,26,0,0
BRDA:549,27,0,0
BRDA:556,28,0,0
BRDA:556,28,1,0
BRDA:570,29,0,0
BRDA:574,30,0,0
BRDA:586,31,0,0
BRDA:586,31,1,0
BRDA:601,32,0,0
BRDA:601,33,0,0
BRDA:602,34,0,0
BRDA:602,34,1,0
BRDA:616,35,0,0
BRDA:616,35,1,0
BRDA:652,36,0,0
BRDA:665,37,0,0
BRDA:715,38,0,0
BRDA:715,39,0,0
BRDA:716,40,0,0
BRDA:716,40,1,0
BRDA:727,41,0,0
BRDA:727,41,1,0
BRDA:728,42,0,0
BRDA:728,42,1,0
BRF:65
BRH:0
end_of_record
TN:
SF:components/ui/skeleton.tsx
FN:3,Skeleton
FNF:1
FNH:0
FNDA:0,Skeleton
DA:1,0
DA:15,0
LF:2
LH:0
BRF:0
BRH:0
end_of_record
TN:
SF:components/ui/slider.tsx
FNF:0
FNH:0
DA:3,0
DA:4,0
DA:6,0
DA:26,0
DA:28,0
LF:5
LH:0
BRF:0
BRH:0
end_of_record
TN:
SF:components/ui/sonner.tsx
FN:8,(anonymous_1)
FNF:1
FNH:0
FNDA:0,(anonymous_1)
DA:3,0
DA:4,0
DA:8,0
DA:9,0
DA:31,0
LF:5
LH:0
BRDA:9,0,0,0
BRF:1
BRH:0
end_of_record
TN:
SF:components/ui/status-badge.tsx
FN:59,StatusBadge
FNF:1
FNH:0
FNDA:0,StatusBadge
DA:3,0
DA:17,0
DA:59,0
DA:65,0
DA:68,0
LF:5
LH:0
BRDA:61,0,0,0
BRDA:65,1,0,0
BRDA:65,1,1,0
BRDA:65,1,2,0
BRDA:68,2,0,0
BRDA:68,2,1,0
BRF:6
BRH:0
end_of_record
TN:
SF:components/ui/switch.tsx
FNF:0
FNH:0
DA:3,0
DA:4,0
DA:6,0
DA:27,0
DA:29,0
LF:5
LH:0
BRF:0
BRH:0
end_of_record
TN:
SF:components/ui/table-skeleton.tsx
FN:44,TableSkeleton
FN:59,(anonymous_7)
FN:67,(anonymous_8)
FN:69,(anonymous_9)
FN:85,getSkeletonForType
FN:108,InvoiceTableSkeleton
FN:128,QuoteTableSkeleton
FN:148,CustomerTableSkeleton
FN:167,ProductTableSkeleton
FNF:9
FNH:0
FNDA:0,TableSkeleton
FNDA:0,(anonymous_7)
FNDA:0,(anonymous_8)
FNDA:0,(anonymous_9)
FNDA:0,getSkeletonForType
FNDA:0,InvoiceTableSkeleton
FNDA:0,QuoteTableSkeleton
FNDA:0,CustomerTableSkeleton
FNDA:0,ProductTableSkeleton
DA:3,0
DA:4,0
DA:44,0
DA:60,0
DA:68,0
DA:70,0
DA:86,0
DA:88,0
DA:108,0
DA:128,0
DA:148,0
DA:167,0
LF:12
LH:0
BRDA:46,0,0,0
BRDA:52,1,0,0
BRDA:60,2,0,0
BRDA:60,2,1,0
BRDA:71,3,0,0
BRDA:71,3,1,0
BRDA:86,4,0,0
BRDA:86,4,1,0
BRDA:88,5,0,0
BRDA:96,6,0,0
BRDA:96,6,1,0
BRDA:98,7,0,0
BRDA:98,7,1,0
BRF:13
BRH:0
end_of_record
TN:
SF:components/ui/table.tsx
FNF:0
FNH:0
DA:1,0
DA:3,0
DA:17,0
DA:25,0
DA:37,0
DA:52,0
DA:67,0
DA:82,0
DA:94,0
DA:106,0
DA:109,0
DA:110,0
DA:111,0
DA:112,0
DA:113,0
DA:114,0
DA:115,0
DA:116,0
LF:18
LH:0
BRF:0
BRH:0
end_of_record
TN:
SF:components/ui/tabs.tsx
FNF:0
FNH:0
DA:3,0
DA:4,0
DA:6,0
DA:8,0
DA:23,0
DA:38,0
DA:53,0
DA:55,0
LF:8
LH:0
BRF:0
BRH:0
end_of_record
TN:
SF:components/ui/textarea.tsx
FN:8,(anonymous_4)
FNF:1
FNH:1
FNDA:20,(anonymous_4)
DA:1,1
DA:3,1
DA:5,1
DA:20,1
DA:22,20
LF:5
LH:5
BRF:0
BRH:0
end_of_record
TN:
SF:components/ui/toast.tsx
FN:47,(anonymous_12)
FNF:1
FNH:0
FNDA:0,(anonymous_12)
DA:3,0
DA:4,0
DA:5,0
DA:6,0
DA:8,0
DA:10,0
DA:25,0
DA:27,0
DA:43,0
DA:56,0
DA:71,0
DA:89,0
DA:101,0
DA:113,0
DA:122,0
DA:123,0
DA:124,0
DA:125,0
DA:126,0
DA:127,0
DA:128,0
LF:21
LH:0
BRF:0
BRH:0
end_of_record
TN:
SF:components/ui/toaster.tsx
FN:13,Toaster
FN:18,(anonymous_2)
FNF:2
FNH:0
FNDA:0,Toaster
FNDA:0,(anonymous_2)
DA:3,0
DA:11,0
DA:13,0
DA:14,0
DA:19,0
LF:5
LH:0
BRDA:22,0,0,0
BRDA:23,1,0,0
BRF:2
BRH:0
end_of_record
TN:
SF:components/ui/toggle-group.tsx
FN:39,(anonymous_7)
FNF:1
FNH:0
FNDA:0,(anonymous_7)
DA:3,0
DA:4,0
DA:7,0
DA:8,0
DA:10,0
DA:33,0
DA:35,0
DA:40,0
DA:59,0
DA:61,0
LF:10
LH:0
BRDA:47,0,0,0
BRDA:47,0,1,0
BRDA:48,1,0,0
BRDA:48,1,1,0
BRF:4
BRH:0
end_of_record
TN:
SF:components/ui/toggle.tsx
FNF:0
FNH:0
DA:3,0
DA:4,0
DA:5,0
DA:7,0
DA:9,0
DA:43,0
DA:45,0
LF:7
LH:0
BRF:0
BRH:0
end_of_record
TN:
SF:components/ui/tooltip.tsx
FNF:0
FNH:0
DA:3,0
DA:4,0
DA:6,0
DA:8,0
DA:10,0
DA:12,0
DA:28,0
DA:30,0
LF:8
LH:0
BRDA:17,0,0,0
BRF:1
BRH:0
end_of_record
TN:
SF:components/ui/use-mobile.tsx
FN:5,useIsMobile
FN:8,(anonymous_5)
FN:10,(anonymous_6)
FN:15,(anonymous_7)
FNF:4
FNH:0
FNDA:0,useIsMobile
FNDA:0,(anonymous_5)
FNDA:0,(anonymous_6)
FNDA:0,(anonymous_7)
DA:1,0
DA:3,0
DA:5,0
DA:6,0
DA:8,0
DA:9,0
DA:10,0
DA:11,0
DA:13,0
DA:14,0
DA:15,0
DA:18,0
LF:12
LH:0
BRF:0
BRH:0
end_of_record
TN:
SF:components/ui/use-toast.ts
FN:30,genId
FN:61,(anonymous_8)
FN:66,(anonymous_9)
FN:77,(anonymous_10)
FN:88,(anonymous_11)
FN:101,(anonymous_12)
FN:108,(anonymous_13)
FN:127,(anonymous_14)
FN:136,dispatch
FN:138,(anonymous_16)
FN:145,toast
FN:148,(anonymous_18)
FN:153,(anonymous_19)
FN:161,(anonymous_20)
FN:174,useToast
FN:177,(anonymous_22)
FN:179,(anonymous_23)
FN:190,(anonymous_24)
FNF:18
FNH:0
FNDA:0,genId
FNDA:0,(anonymous_8)
FNDA:0,(anonymous_9)
FNDA:0,(anonymous_10)
FNDA:0,(anonymous_11)
FNDA:0,(anonymous_12)
FNDA:0,(anonymous_13)
FNDA:0,(anonymous_14)
FNDA:0,dispatch
FNDA:0,(anonymous_16)
FNDA:0,toast
FNDA:0,(anonymous_18)
FNDA:0,(anonymous_19)
FNDA:0,(anonymous_20)
FNDA:0,useToast
FNDA:0,(anonymous_22)
FNDA:0,(anonymous_23)
FNDA:0,(anonymous_24)
DA:4,0
DA:11,0
DA:12,0
DA:21,0
DA:28,0
DA:31,0
DA:32,0
DA:59,0
DA:61,0
DA:62,0
DA:63,0
DA:66,0
DA:67,0
DA:68,0
DA:74,0
DA:77,0
DA:78,0
DA:80,0
DA:86,0
DA:89,0
DA:94,0
DA:98,0
DA:99,0
DA:101,0
DA:102,0
DA:106,0
DA:109,0
DA:119,0
DA:120,0
DA:125,0
DA:127,0
DA:132,0
DA:134,0
DA:137,0
DA:138,0
DA:139,0
DA:146,0
DA:148,0
DA:149,0
DA:153,0
DA:155,0
DA:162,0
DA:167,0
DA:175,0
DA:177,0
DA:178,0
DA:179,0
DA:180,0
DA:181,0
DA:182,0
DA:187,0
DA:190,0
DA:194,0
LF:53
LH:0
BRDA:62,0,0,0
BRDA:78,1,0,0
BRDA:78,1,1,0
BRDA:78,1,2,0
BRDA:78,1,3,0
BRDA:89,2,0,0
BRDA:89,2,1,0
BRDA:98,3,0,0
BRDA:98,3,1,0
BRDA:109,4,0,0
BRDA:109,4,1,0
BRDA:109,5,0,0
BRDA:109,5,1,0
BRDA:119,6,0,0
BRDA:162,7,0,0
BRDA:181,8,0,0
BRF:16
BRH:0
end_of_record
TN:
SF:lib/constants.ts
FNF:0
FNH:0
DA:8,12
DA:21,2
DA:33,2
DA:45,2
DA:57,2
LF:5
LH:5
BRF:0
BRH:0
end_of_record
TN:
SF:lib/utils.ts
FN:5,cn
FN:15,getCurrencySymbol
FNF:2
FNH:2
FNDA:571,cn
FNDA:6,getCurrencySymbol
DA:1,4
DA:2,4
DA:5,571
DA:6,571
DA:15,6
DA:16,6
DA:30,6
LF:7
LH:7
BRDA:30,0,0,6
BRDA:30,0,1,1
BRF:2
BRH:2
end_of_record
TN:
SF:lib/schemas/financial-documents.ts
FN:19,(anonymous_4)
FN:23,(anonymous_5)
FN:28,(anonymous_6)
FN:44,(anonymous_7)
FN:53,(anonymous_8)
FN:64,(anonymous_9)
FN:74,(anonymous_10)
FN:78,(anonymous_11)
FNF:8
FNH:3
FNDA:0,(anonymous_4)
FNDA:0,(anonymous_5)
FNDA:0,(anonymous_6)
FNDA:1,(anonymous_7)
FNDA:3,(anonymous_8)
FNDA:1,(anonymous_9)
FNDA:0,(anonymous_10)
FNDA:0,(anonymous_11)
DA:7,1
DA:8,1
DA:13,1
DA:19,0
DA:23,0
DA:28,0
DA:41,1
DA:44,1
DA:53,3
DA:63,3
DA:64,1
DA:73,1
DA:74,0
DA:78,0
LF:14
LH:9
BRDA:19,0,0,0
BRDA:19,0,1,0
BRDA:23,1,0,0
BRDA:23,1,1,0
BRDA:28,2,0,0
BRDA:28,2,1,0
BRDA:28,3,0,0
BRDA:28,3,1,0
BRDA:28,3,2,0
BRDA:28,4,0,0
BRDA:28,4,1,0
BRDA:53,5,0,1
BRDA:53,5,1,2
BRDA:78,6,0,0
BRDA:78,6,1,0
BRF:15
BRH:2
end_of_record
TN:
SF:lib/supabase/client.ts
FN:4,createClient
FNF:1
FNH:0
FNDA:0,createClient
DA:2,0
DA:4,0
DA:6,0
LF:3
LH:0
BRF:0
BRH:0
end_of_record
TN:
SF:lib/supabase/server-client.ts
FN:10,getServerSupabaseClient
FN:18,(anonymous_2)
FN:21,(anonymous_3)
FN:24,(anonymous_4)
FNF:4
FNH:0
FNDA:0,getServerSupabaseClient
FNDA:0,(anonymous_2)
FNDA:0,(anonymous_3)
FNDA:0,(anonymous_4)
DA:1,0
DA:2,0
DA:10,0
DA:11,0
DA:13,0
DA:19,0
DA:22,0
DA:25,0
LF:8
LH:0
BRF:0
BRH:0
end_of_record
TN:
SF:lib/utils/error-handler.ts
FN:25,handleValidationError
FN:42,handleDatabaseError
FN:76,showErrorToast
FN:91,showSuccessToast
FNF:4
FNH:4
FNDA:1,handleValidationError
FNDA:4,handleDatabaseError
FNDA:2,showErrorToast
FNDA:2,showSuccessToast
DA:7,2
DA:25,2
DA:26,1
DA:28,1
DA:42,5
DA:47,4
DA:50,4
DA:51,1
DA:57,3
DA:58,1
DA:65,2
DA:76,3
DA:77,2
DA:91,3
DA:92,2
LF:15
LH:15
BRDA:50,0,0,1
BRDA:57,1,0,1
BRDA:66,2,0,2
BRDA:66,2,1,1
BRDA:78,3,0,1
BRDA:78,3,1,1
BRF:6
BRH:6
end_of_record
TN:
SF:lib/utils/financial-document-utils.ts
FN:21,calculateLineItemTotal
FN:34,calculateSubtotal
FN:36,(anonymous_13)
FN:48,calculateTax
FN:59,calculateDiscount
FN:69,calculateInvoiceTotals
FN:87,calculateQuoteTotals
FN:109,extractLineItemsFromFormData
FN:134,formatCurrency
FN:149,formatDate
FN:163,toISODate
FNF:11
FNH:1
FNDA:0,calculateLineItemTotal
FNDA:0,calculateSubtotal
FNDA:0,(anonymous_13)
FNDA:0,calculateTax
FNDA:0,calculateDiscount
FNDA:0,calculateInvoiceTotals
FNDA:0,calculateQuoteTotals
FNDA:3,extractLineItemsFromFormData
FNDA:0,formatCurrency
FNDA:0,formatDate
FNDA:0,toISODate
DA:21,0
DA:25,0
DA:34,0
DA:35,0
DA:36,0
DA:48,0
DA:49,0
DA:59,0
DA:60,0
DA:69,0
DA:70,0
DA:71,0
DA:72,0
DA:74,0
DA:87,0
DA:88,0
DA:89,0
DA:90,0
DA:91,0
DA:92,0
DA:94,0
DA:109,3
DA:110,3
DA:111,0
DA:112,0
DA:113,0
DA:114,0
DA:116,0
DA:118,0
DA:119,0
DA:121,3
DA:122,0
DA:124,3
DA:134,0
DA:135,0
DA:149,0
DA:150,0
DA:163,0
DA:164,0
LF:39
LH:4
BRDA:89,0,0,0
BRDA:89,0,1,0
BRDA:110,1,0,0
BRDA:110,1,1,3
BRDA:113,2,0,0
BRDA:121,3,0,0
BRF:6
BRH:1
end_of_record
